#
# A fatal error has been detected by the Java Runtime Environment:
#
#  EXCEPTION_ACCESS_VIOLATION (0xc0000005) at pc=0x00007ff92e1de9f3, pid=17328, tid=12772
#
# JRE version: Java(TM) SE Runtime Environment (17.0.2+8) (build 17.0.2+8-LTS-86)
# Java VM: Java HotSpot(TM) 64-Bit Server VM (17.0.2+8-LTS-86, mixed mode, sharing, tiered, compressed oops, compressed class ptrs, g1 gc, windows-amd64)
# Problematic frame:
# V  [jvm.dll+0x64e9f3]
#
# No core dump will be written. Minidumps are not enabled by default on client versions of Windows
#
# If you would like to submit a bug report, please visit:
#   https://bugreport.java.com/bugreport/crash.jsp
#

---------------  S U M M A R Y ------------

Command Line: -ea -Didea.test.cyclic.buffer.size=1048576 -javaagent:C:\Program Files\JetBrains\IntelliJ IDEA 2023.2.5\lib\idea_rt.jar=57729:C:\Program Files\JetBrains\IntelliJ IDEA 2023.2.5\bin -Dfile.encoding=UTF-8 com.intellij.rt.junit.JUnitStarter -ideVersion5 -junit5 com.example.demo.GestiuneaProiectelorApplicationTests

Host: AMD Ryzen 7 3700U with Radeon Vega Mobile Gfx  , 8 cores, 13G,  Windows 11 , 64 bit Build 22621 (10.0.22621.2506)
Time: Thu Jan 18 17:59:29 2024 GTB Standard Time elapsed time: 14.415802 seconds (0d 0h 0m 14s)

---------------  T H R E A D  ---------------

Current thread (0x000001e373f5ad70):  JavaThread "C2 CompilerThread2" daemon [_thread_in_native, id=12772, stack(0x00000060ede00000,0x00000060edf00000)]


Current CompileTask:
C2:  14415 6382   !   4       org.springframework.util.ClassUtils::getMostSpecificMethod (72 bytes)

Stack: [0x00000060ede00000,0x00000060edf00000],  sp=0x00000060edefb6b0,  free space=1005k
Native frames: (J=compiled Java code, j=interpreted, Vv=VM code, C=native code)
V  [jvm.dll+0x64e9f3]
V  [jvm.dll+0x69b377]
V  [jvm.dll+0x69ac4a]
V  [jvm.dll+0x1b9c34]
V  [jvm.dll+0x215de9]
V  [jvm.dll+0x2150b1]
V  [jvm.dll+0x1a1bbd]
V  [jvm.dll+0x224908]
V  [jvm.dll+0x222a6c]
V  [jvm.dll+0x7859bb]
V  [jvm.dll+0x77ff7a]
V  [jvm.dll+0x66fa35]
C  [ucrtbase.dll+0x29363]
C  [KERNEL32.DLL+0x1257d]
C  [ntdll.dll+0x5aa58]


siginfo: EXCEPTION_ACCESS_VIOLATION (0xc0000005), reading address 0x0000000000000050


Register to memory mapping:

RIP=0x00007ff92e1de9f3 jvm.dll
RAX=0x000001e379c2fb78 points into unknown readable memory: 0x0000000000000040 | 40 00 00 00 00 00 00 00
RBX=0x000001e379c2fb10 points into unknown readable memory: 0x00007ff92e45c148 | 48 c1 45 2e f9 7f 00 00
RCX=0x0000000000000040 is an unknown value
RDX=0x00000060edefe700 is pointing into the stack for thread: 0x000001e373f5ad70
RSP=0x00000060edefb6b0 is pointing into the stack for thread: 0x000001e373f5ad70
RBP=0x00000060edefe700 is pointing into the stack for thread: 0x000001e373f5ad70
RSI=0x000001e3778e6a08 points into unknown readable memory: 0x000001e376a86cb0 | b0 6c a8 76 e3 01 00 00
RDI=0x0 is NULL
R8 =0x0000000000000003 is an unknown value
R9 =0x000001e379c2fb78 points into unknown readable memory: 0x0000000000000040 | 40 00 00 00 00 00 00 00
R10=0x000001e3781c4308 points into unknown readable memory: 0x00007ff92e45c148 | 48 c1 45 2e f9 7f 00 00
R11=0x000001e3781c4108 points into unknown readable memory: 0x000001e373c0c688 | 88 c6 c0 73 e3 01 00 00
R12=0x000001e3778e6a08 points into unknown readable memory: 0x000001e376a86cb0 | b0 6c a8 76 e3 01 00 00
R13=0x000001e37678c920 points into unknown readable memory: 0x000001e3783c87b0 | b0 87 3c 78 e3 01 00 00
R14=0x0 is NULL
R15=0x0000000000000048 is an unknown value


Registers:
RAX=0x000001e379c2fb78, RBX=0x000001e379c2fb10, RCX=0x0000000000000040, RDX=0x00000060edefe700
RSP=0x00000060edefb6b0, RBP=0x00000060edefe700, RSI=0x000001e3778e6a08, RDI=0x0000000000000000
R8 =0x0000000000000003, R9 =0x000001e379c2fb78, R10=0x000001e3781c4308, R11=0x000001e3781c4108
R12=0x000001e3778e6a08, R13=0x000001e37678c920, R14=0x0000000000000000, R15=0x0000000000000048
RIP=0x00007ff92e1de9f3, EFLAGS=0x0000000000010202

Top of Stack: (sp=0x00000060edefb6b0)
0x00000060edefb6b0:   000001e373c0c6f8 00007ff92dcad349
0x00000060edefb6c0:   000001e373c0c6f8 00000060edefbdb0
0x00000060edefb6d0:   000001e379c2fb10 000001e37678b440
0x00000060edefb6e0:   0000000000000002 00007ff92e22b377
0x00000060edefb6f0:   000001e373b26808 00000060edefbdb0
0x00000060edefb700:   0000000000000001 000001e373c0c6f8
0x00000060edefb710:   000001e37678c920 000001e37678b440
0x00000060edefb720:   000001e379c2fb10 000001e37678c920
0x00000060edefb730:   000001e373b26808 0000000000000261
0x00000060edefb740:   000001e37678b440 00000060edefbdb0
0x00000060edefb750:   0000000000000261 00007ff92e22ac4a
0x00000060edefb760:   0000000000000260 000001e373b26808
0x00000060edefb770:   000001e379c2fb10 000001e373c0c6f8
0x00000060edefb780:   000001e37678c920 000001e37678b440
0x00000060edefb790:   0000000000000201 000000000000025e
0x00000060edefb7a0:   000001e37678b440 000001e373c0c6f8 

Instructions: (pc=0x00007ff92e1de9f3)
0x00007ff92e1de8f3:   38 3b d0 7d 2c 48 63 c2 4c 8d 04 c5 00 00 00 00
0x00007ff92e1de903:   48 8b 8f d8 01 00 00 4d 8d 40 08 ff c2 4a 8b 44
0x00007ff92e1de913:   01 f8 4a 89 44 01 f0 8b 87 d0 01 00 00 3b d0 7c
0x00007ff92e1de923:   df ff c8 89 87 d0 01 00 00 8b 43 30 c1 e8 0f a8
0x00007ff92e1de933:   01 74 0b 48 8b d3 48 8b cf e8 ef 0d bd ff 8b 43
0x00007ff92e1de943:   2c 83 e0 03 3c 03 75 09 48 8d 4b 48 e8 1c 5d 07
0x00007ff92e1de953:   00 48 8b 05 b5 b8 48 00 48 8b d3 48 8b 48 28 48
0x00007ff92e1de963:   8b 01 48 8b 5c 24 58 48 8b 6c 24 60 48 8b 74 24
0x00007ff92e1de973:   68 48 83 c4 20 41 5f 41 5e 41 5d 41 5c 5f 48 ff
0x00007ff92e1de983:   a0 b0 00 00 00 cc cc cc cc cc cc cc cc 40 53 55
0x00007ff92e1de993:   57 48 83 ec 20 8b 41 18 48 8b ea 4c 89 74 24 48
0x00007ff92e1de9a3:   48 8b d9 45 33 f6 41 8b fe 85 c0 0f 84 89 00 00
0x00007ff92e1de9b3:   00 44 8b 05 3d b0 4d 00 65 48 8b 04 25 58 00 00
0x00007ff92e1de9c3:   00 48 89 74 24 40 4c 89 7c 24 50 41 bf 48 00 00
0x00007ff92e1de9d3:   00 4a 8d 34 c0 0f 1f 84 00 00 00 00 00 48 8b 43
0x00007ff92e1de9e3:   08 8b cf 4c 8d 0c c8 48 8b 0c c8 48 85 c9 74 37
0x00007ff92e1de9f3:   4c 8b 41 10 4d 85 c0 74 1d 8b 41 20 49 8d 14 c0
0x00007ff92e1dea03:   48 39 5a f8 48 8d 52 f8 75 f6 ff c8 89 41 20 49
0x00007ff92e1dea13:   8b 0c c0 48 89 0a 48 8b 06 4d 89 31 45 38 34 07
0x00007ff92e1dea23:   75 05 e8 92 ce 1d 00 8b 43 18 ff c7 3b f8 72 ad
0x00007ff92e1dea33:   4c 8b 7c 24 50 48 8b 74 24 40 8b 7b 1c 4c 8b 74
0x00007ff92e1dea43:   24 48 3b f8 76 4c 0f 1f 80 00 00 00 00 48 8b 43
0x00007ff92e1dea53:   08 ff cf 48 8b 14 f8 48 85 d2 74 31 4c 8b 42 10
0x00007ff92e1dea63:   4d 85 c0 74 1e 8b 4a 20 49 8d 04 c8 90 48 39 58
0x00007ff92e1dea73:   f8 48 8d 40 f8 75 f6 ff c9 89 4a 20 49 8b 14 c8
0x00007ff92e1dea83:   48 89 10 8b d7 48 8b cb e8 d0 f8 ff ff 3b 7b 18
0x00007ff92e1dea93:   77 bb 8b 53 28 48 8b cd 48 83 c4 20 5f 5d 5b e9
0x00007ff92e1deaa3:   99 0a bd ff cc cc cc cc cc cc cc cc cc 48 89 5c
0x00007ff92e1deab3:   24 10 48 89 6c 24 18 48 89 74 24 20 57 41 54 41
0x00007ff92e1deac3:   55 41 56 41 57 48 83 ec 20 44 8b 3d 25 5a 43 00
0x00007ff92e1dead3:   49 8b e8 41 c7 40 18 00 00 00 00 48 8b fa 45 8b
0x00007ff92e1deae3:   40 08 4c 8b e9 48 8b f2 48 89 54 24 50 48 8b 4d 


Stack slot to memory mapping:
stack at sp + 0 slots: 0x000001e373c0c6f8 points into unknown readable memory: 0x00007ff92e447990 | 90 79 44 2e f9 7f 00 00
stack at sp + 1 slots: 0x00007ff92dcad349 jvm.dll
stack at sp + 2 slots: 0x000001e373c0c6f8 points into unknown readable memory: 0x00007ff92e447990 | 90 79 44 2e f9 7f 00 00
stack at sp + 3 slots: 0x00000060edefbdb0 is pointing into the stack for thread: 0x000001e373f5ad70
stack at sp + 4 slots: 0x000001e379c2fb10 points into unknown readable memory: 0x00007ff92e45c148 | 48 c1 45 2e f9 7f 00 00
stack at sp + 5 slots: 0x000001e37678b440 points into unknown readable memory: 0x000001e3783c87b0 | b0 87 3c 78 e3 01 00 00
stack at sp + 6 slots: 0x0000000000000002 is an unknown value
stack at sp + 7 slots: 0x00007ff92e22b377 jvm.dll


---------------  P R O C E S S  ---------------

Threads class SMR info:
_java_thread_list=0x000001e3734e4510, length=33, elements={
0x000001e350f86830, 0x000001e3729d7080, 0x000001e3729d7e00, 0x000001e3729e6ed0,
0x000001e3729e89a0, 0x000001e3729e9460, 0x000001e3729ebd30, 0x000001e3729f0230,
0x000001e3729f8f40, 0x000001e372a0c010, 0x000001e373480a70, 0x000001e373613f20,
0x000001e3736143f0, 0x000001e3769ef0d0, 0x000001e3777fd6d0, 0x000001e377ba9830,
0x000001e374951880, 0x000001e374950070, 0x000001e374950a10, 0x000001e3737c6220,
0x000001e373f5ad70, 0x000001e376154260, 0x000001e376151240, 0x000001e3761533f0,
0x000001e376152580, 0x000001e3761568e0, 0x000001e37614f560, 0x000001e376156db0,
0x000001e376151be0, 0x000001e376155a70, 0x000001e376152a50, 0x000001e37614fa30,
0x000001e3761503d0
}

Java Threads: ( => current thread )
  0x000001e350f86830 JavaThread "main" [_thread_in_vm, id=25492, stack(0x00000060ebc00000,0x00000060ebd00000)]
  0x000001e3729d7080 JavaThread "Reference Handler" daemon [_thread_blocked, id=2700, stack(0x00000060ec300000,0x00000060ec400000)]
  0x000001e3729d7e00 JavaThread "Finalizer" daemon [_thread_blocked, id=15712, stack(0x00000060ec400000,0x00000060ec500000)]
  0x000001e3729e6ed0 JavaThread "Signal Dispatcher" daemon [_thread_blocked, id=19936, stack(0x00000060ec500000,0x00000060ec600000)]
  0x000001e3729e89a0 JavaThread "Attach Listener" daemon [_thread_blocked, id=20072, stack(0x00000060ec600000,0x00000060ec700000)]
  0x000001e3729e9460 JavaThread "Service Thread" daemon [_thread_blocked, id=18872, stack(0x00000060ec700000,0x00000060ec800000)]
  0x000001e3729ebd30 JavaThread "Monitor Deflation Thread" daemon [_thread_blocked, id=11600, stack(0x00000060ec800000,0x00000060ec900000)]
  0x000001e3729f0230 JavaThread "C2 CompilerThread0" daemon [_thread_in_native, id=25252, stack(0x00000060ec900000,0x00000060eca00000)]
  0x000001e3729f8f40 JavaThread "C1 CompilerThread0" daemon [_thread_in_native, id=24560, stack(0x00000060eca00000,0x00000060ecb00000)]
  0x000001e372a0c010 JavaThread "Sweeper thread" daemon [_thread_blocked, id=12940, stack(0x00000060ecb00000,0x00000060ecc00000)]
  0x000001e373480a70 JavaThread "Common-Cleaner" daemon [_thread_blocked, id=17260, stack(0x00000060ecc00000,0x00000060ecd00000)]
  0x000001e373613f20 JavaThread "Monitor Ctrl-Break" daemon [_thread_in_native, id=8916, stack(0x00000060ecd00000,0x00000060ece00000)]
  0x000001e3736143f0 JavaThread "Notification Thread" daemon [_thread_blocked, id=9184, stack(0x00000060ece00000,0x00000060ecf00000)]
  0x000001e3769ef0d0 JavaThread "Catalina-utility-1" [_thread_blocked, id=17164, stack(0x00000060eda00000,0x00000060edb00000)]
  0x000001e3777fd6d0 JavaThread "Catalina-utility-2" [_thread_blocked, id=25304, stack(0x00000060edb00000,0x00000060edc00000)]
  0x000001e377ba9830 JavaThread "container-0" [_thread_blocked, id=25232, stack(0x00000060edc00000,0x00000060edd00000)]
  0x000001e374951880 JavaThread "mysql-cj-abandoned-connection-cleanup" daemon [_thread_blocked, id=19008, stack(0x00000060edd00000,0x00000060ede00000)]
  0x000001e374950070 JavaThread "HikariPool-1 housekeeper" daemon [_thread_blocked, id=18204, stack(0x00000060edf00000,0x00000060ee000000)]
  0x000001e374950a10 JavaThread "HikariPool-1 connection adder" daemon [_thread_blocked, id=21776, stack(0x00000060ee000000,0x00000060ee100000)]
  0x000001e3737c6220 JavaThread "C2 CompilerThread1" daemon [_thread_in_native, id=6852, stack(0x00000060ed000000,0x00000060ed100000)]
=>0x000001e373f5ad70 JavaThread "C2 CompilerThread2" daemon [_thread_in_native, id=12772, stack(0x00000060ede00000,0x00000060edf00000)]
  0x000001e376154260 JavaThread "http-nio-auto-1-exec-1" daemon [_thread_blocked, id=16672, stack(0x00000060ee100000,0x00000060ee200000)]
  0x000001e376151240 JavaThread "http-nio-auto-1-exec-2" daemon [_thread_blocked, id=16356, stack(0x00000060ee200000,0x00000060ee300000)]
  0x000001e3761533f0 JavaThread "http-nio-auto-1-exec-3" daemon [_thread_blocked, id=20616, stack(0x00000060ee300000,0x00000060ee400000)]
  0x000001e376152580 JavaThread "http-nio-auto-1-exec-4" daemon [_thread_blocked, id=11068, stack(0x00000060ee400000,0x00000060ee500000)]
  0x000001e3761568e0 JavaThread "http-nio-auto-1-exec-5" daemon [_thread_blocked, id=19252, stack(0x00000060ee500000,0x00000060ee600000)]
  0x000001e37614f560 JavaThread "http-nio-auto-1-exec-6" daemon [_thread_blocked, id=24736, stack(0x00000060ee600000,0x00000060ee700000)]
  0x000001e376156db0 JavaThread "http-nio-auto-1-exec-7" daemon [_thread_blocked, id=1632, stack(0x00000060ee700000,0x00000060ee800000)]
  0x000001e376151be0 JavaThread "http-nio-auto-1-exec-8" daemon [_thread_blocked, id=4112, stack(0x00000060ee800000,0x00000060ee900000)]
  0x000001e376155a70 JavaThread "http-nio-auto-1-exec-9" daemon [_thread_blocked, id=10140, stack(0x00000060ee900000,0x00000060eea00000)]
  0x000001e376152a50 JavaThread "http-nio-auto-1-exec-10" daemon [_thread_blocked, id=16616, stack(0x00000060eea00000,0x00000060eeb00000)]
  0x000001e37614fa30 JavaThread "http-nio-auto-1-Poller" daemon [_thread_in_native, id=6752, stack(0x00000060eeb00000,0x00000060eec00000)]
  0x000001e3761503d0 JavaThread "http-nio-auto-1-Acceptor" daemon [_thread_in_native, id=20528, stack(0x00000060eec00000,0x00000060eed00000)]

Other Threads:
  0x000001e3729d1570 VMThread "VM Thread" [stack: 0x00000060ec200000,0x00000060ec300000] [id=16752]
  0x000001e350ff1610 WatcherThread [stack: 0x00000060ecf00000,0x00000060ed000000] [id=13796]
  0x000001e350fd0ac0 GCTaskThread "GC Thread#0" [stack: 0x00000060ebd00000,0x00000060ebe00000] [id=7836]
  0x000001e37407e0f0 GCTaskThread "GC Thread#1" [stack: 0x00000060ed100000,0x00000060ed200000] [id=17684]
  0x000001e37407e3a0 GCTaskThread "GC Thread#2" [stack: 0x00000060ed200000,0x00000060ed300000] [id=4004]
  0x000001e37407e650 GCTaskThread "GC Thread#3" [stack: 0x00000060ed300000,0x00000060ed400000] [id=14632]
  0x000001e37407e900 GCTaskThread "GC Thread#4" [stack: 0x00000060ed400000,0x00000060ed500000] [id=22600]
  0x000001e37407b210 GCTaskThread "GC Thread#5" [stack: 0x00000060ed500000,0x00000060ed600000] [id=18924]
  0x000001e37407b4c0 GCTaskThread "GC Thread#6" [stack: 0x00000060ed600000,0x00000060ed700000] [id=8516]
  0x000001e37479f150 GCTaskThread "GC Thread#7" [stack: 0x00000060ed700000,0x00000060ed800000] [id=4608]
  0x000001e350fdf910 ConcurrentGCThread "G1 Main Marker" [stack: 0x00000060ebe00000,0x00000060ebf00000] [id=25280]
  0x000001e350fe0ac0 ConcurrentGCThread "G1 Conc#0" [stack: 0x00000060ebf00000,0x00000060ec000000] [id=24372]
  0x000001e374caf650 ConcurrentGCThread "G1 Conc#1" [stack: 0x00000060ed900000,0x00000060eda00000] [id=24156]
  0x000001e3728930d0 ConcurrentGCThread "G1 Refine#0" [stack: 0x00000060ec000000,0x00000060ec100000] [id=1848]
  0x000001e372893af0 ConcurrentGCThread "G1 Service" [stack: 0x00000060ec100000,0x00000060ec200000] [id=5916]

Threads with active compile tasks:
C1 CompilerThread0    14503 6609       3       java.lang.ClassLoader::definePackage (85 bytes)
C2 CompilerThread2    14503 6382   !   4       org.springframework.util.ClassUtils::getMostSpecificMethod (72 bytes)

VM state: not at safepoint (normal execution)

VM Mutex/Monitor currently owned by a thread: None

Heap address: 0x0000000720e00000, size: 3570 MB, Compressed Oops mode: Zero based, Oop shift amount: 3

CDS archive(s) mapped at: [0x0000000800000000-0x0000000800bc0000-0x0000000800bc0000), size 12320768, SharedBaseAddress: 0x0000000800000000, ArchiveRelocationMode: 0.
Compressed class space mapped at: 0x0000000800c00000-0x0000000840c00000, reserved size: 1073741824
Narrow klass base: 0x0000000800000000, Narrow klass shift: 0, Narrow klass range: 0x100000000

GC Precious Log:
 CPUs: 8 total, 8 available
 Memory: 14272M
 Large Page Support: Disabled
 NUMA Support: Disabled
 Compressed Oops: Enabled (Zero based)
 Heap Region Size: 2M
 Heap Min Capacity: 8M
 Heap Initial Capacity: 224M
 Heap Max Capacity: 3570M
 Pre-touch: Disabled
 Parallel Workers: 8
 Concurrent Workers: 2
 Concurrent Refinement Workers: 8
 Periodic GC: Disabled

Heap:
 garbage-first heap   total 61440K, used 33679K [0x0000000720e00000, 0x0000000800000000)
  region size 2048K, 4 young (8192K), 2 survivors (4096K)
 Metaspace       used 73258K, committed 73792K, reserved 1114112K
  class space    used 10117K, committed 10368K, reserved 1048576K

Heap Regions: E=young(eden), S=young(survivor), O=old, HS=humongous(starts), HC=humongous(continues), CS=collection set, F=free, OA=open archive, CA=closed archive, TAMS=top-at-mark-start (previous, next)
|   0|0x0000000720e00000, 0x0000000721000000, 0x0000000721000000|100%| O|  |TAMS 0x0000000721000000, 0x0000000720e00000| Untracked 
|   1|0x0000000721000000, 0x0000000721200000, 0x0000000721200000|100%| O|  |TAMS 0x0000000721200000, 0x0000000721000000| Untracked 
|   2|0x0000000721200000, 0x0000000721400000, 0x0000000721400000|100%| O|  |TAMS 0x0000000721400000, 0x0000000721200000| Untracked 
|   3|0x0000000721400000, 0x000000072155e800, 0x0000000721600000| 68%| O|  |TAMS 0x000000072155e800, 0x0000000721400000| Untracked 
|   4|0x0000000721600000, 0x0000000721800000, 0x0000000721800000|100%| O|  |TAMS 0x0000000721800000, 0x0000000721600000| Untracked 
|   5|0x0000000721800000, 0x0000000721a00000, 0x0000000721a00000|100%| O|  |TAMS 0x0000000721a00000, 0x0000000721800000| Untracked 
|   6|0x0000000721a00000, 0x0000000721c00000, 0x0000000721c00000|100%| O|  |TAMS 0x0000000721c00000, 0x0000000721a00000| Untracked 
|   7|0x0000000721c00000, 0x0000000721e00000, 0x0000000721e00000|100%| O|  |TAMS 0x0000000721e00000, 0x0000000721c00000| Untracked 
|   8|0x0000000721e00000, 0x0000000722000000, 0x0000000722000000|100%| O|  |TAMS 0x0000000722000000, 0x0000000721e00000| Untracked 
|   9|0x0000000722000000, 0x0000000722200000, 0x0000000722200000|100%| O|  |TAMS 0x0000000722200000, 0x0000000722000000| Untracked 
|  10|0x0000000722200000, 0x0000000722400000, 0x0000000722400000|100%| O|  |TAMS 0x0000000722400000, 0x0000000722200000| Untracked 
|  11|0x0000000722400000, 0x0000000722600000, 0x0000000722600000|100%| O|  |TAMS 0x0000000722600000, 0x0000000722400000| Untracked 
|  12|0x0000000722600000, 0x0000000722800000, 0x0000000722800000|100%| O|  |TAMS 0x0000000722800000, 0x0000000722600000| Untracked 
|  13|0x0000000722800000, 0x0000000722a00000, 0x0000000722a00000|100%| O|  |TAMS 0x00000007228e5600, 0x0000000722800000| Untracked 
|  14|0x0000000722a00000, 0x0000000722b65600, 0x0000000722c00000| 69%| O|  |TAMS 0x0000000722a00000, 0x0000000722a00000| Untracked 
|  15|0x0000000722c00000, 0x0000000722c00000, 0x0000000722e00000|  0%| F|  |TAMS 0x0000000722c00000, 0x0000000722c00000| Untracked 
|  16|0x0000000722e00000, 0x0000000722e00000, 0x0000000723000000|  0%| F|  |TAMS 0x0000000722e00000, 0x0000000722e00000| Untracked 
|  17|0x0000000723000000, 0x0000000723020010, 0x0000000723200000|  6%| S|CS|TAMS 0x0000000723000000, 0x0000000723000000| Complete 
|  18|0x0000000723200000, 0x0000000723400000, 0x0000000723400000|100%| S|CS|TAMS 0x0000000723200000, 0x0000000723200000| Complete 
|  19|0x0000000723400000, 0x0000000723400000, 0x0000000723600000|  0%| F|  |TAMS 0x0000000723400000, 0x0000000723400000| Untracked 
|  20|0x0000000723600000, 0x0000000723600000, 0x0000000723800000|  0%| F|  |TAMS 0x0000000723600000, 0x0000000723600000| Untracked 
|  21|0x0000000723800000, 0x0000000723800000, 0x0000000723a00000|  0%| F|  |TAMS 0x0000000723800000, 0x0000000723800000| Untracked 
|  22|0x0000000723a00000, 0x0000000723a00000, 0x0000000723c00000|  0%| F|  |TAMS 0x0000000723a00000, 0x0000000723a00000| Untracked 
|  23|0x0000000723c00000, 0x0000000723c00000, 0x0000000723e00000|  0%| F|  |TAMS 0x0000000723c00000, 0x0000000723c00000| Untracked 
|  24|0x0000000723e00000, 0x0000000723e00000, 0x0000000724000000|  0%| F|  |TAMS 0x0000000723e00000, 0x0000000723e00000| Untracked 
|  81|0x000000072b000000, 0x000000072b000000, 0x000000072b200000|  0%| F|  |TAMS 0x000000072b000000, 0x000000072b000000| Untracked 
|  82|0x000000072b200000, 0x000000072b200000, 0x000000072b400000|  0%| F|  |TAMS 0x000000072b200000, 0x000000072b200000| Untracked 
|  83|0x000000072b400000, 0x000000072b400000, 0x000000072b600000|  0%| F|  |TAMS 0x000000072b400000, 0x000000072b400000| Untracked 
|  84|0x000000072b600000, 0x000000072b71b718, 0x000000072b800000| 55%| E|  |TAMS 0x000000072b600000, 0x000000072b600000| Complete 
| 111|0x000000072ec00000, 0x000000072ee00000, 0x000000072ee00000|100%| E|CS|TAMS 0x000000072ec00000, 0x000000072ec00000| Complete 

Card table byte_map: [0x000001e3681f0000,0x000001e3688f0000] _byte_map_base: 0x000001e3648e9000

Marking Bits (Prev, Next): (CMBitMap*) 0x000001e350fd10d0, (CMBitMap*) 0x000001e350fd1110
 Prev Bits: [0x000001e368ff0000, 0x000001e36c7b8000)
 Next Bits: [0x000001e36c7c0000, 0x000001e36ff88000)

Polling page: 0x000001e34eec0000

Metaspace:

Usage:
  Non-class:     61.67 MB used.
      Class:      9.88 MB used.
       Both:     71.55 MB used.

Virtual space:
  Non-class space:       64.00 MB reserved,      61.94 MB ( 97%) committed,  8 nodes.
      Class space:        1.00 GB reserved,      10.12 MB ( <1%) committed,  1 nodes.
             Both:        1.06 GB reserved,      72.06 MB (  7%) committed. 

Chunk freelists:
   Non-Class:  1.19 MB
       Class:  1.89 MB
        Both:  3.08 MB

MaxMetaspaceSize: unlimited
CompressedClassSpaceSize: 1.00 GB
Initial GC threshold: 21.00 MB
Current GC threshold: 113.25 MB
CDS: on
MetaspaceReclaimPolicy: balanced
 - commit_granule_bytes: 65536.
 - commit_granule_words: 8192.
 - virtual_space_node_default_size: 1048576.
 - enlarge_chunks_in_place: 1.
 - new_chunks_are_fully_committed: 0.
 - uncommit_free_chunks: 1.
 - use_allocation_guard: 0.
 - handle_deallocations: 1.


Internal statistics:

num_allocs_failed_limit: 9.
num_arena_births: 762.
num_arena_deaths: 0.
num_vsnodes_births: 9.
num_vsnodes_deaths: 0.
num_space_committed: 1153.
num_space_uncommitted: 0.
num_chunks_returned_to_freelist: 9.
num_chunks_taken_from_freelist: 3328.
num_chunk_merges: 6.
num_chunk_splits: 2435.
num_chunks_enlarged: 1943.
num_purges: 0.
num_inconsistent_stats: 0.

CodeHeap 'non-profiled nmethods': size=120000Kb used=4187Kb max_used=4187Kb free=115812Kb
 bounds [0x000001e360290000, 0x000001e3606b0000, 0x000001e3677c0000]
CodeHeap 'profiled nmethods': size=120000Kb used=11327Kb max_used=11327Kb free=108672Kb
 bounds [0x000001e358d60000, 0x000001e359880000, 0x000001e360290000]
CodeHeap 'non-nmethods': size=5760Kb used=1371Kb max_used=1422Kb free=4388Kb
 bounds [0x000001e3587c0000, 0x000001e358a30000, 0x000001e358d60000]
 total_blobs=6487 nmethods=5783 adapters=616
 compilation: enabled
              stopped_count=0, restarted_count=0
 full_count=0

Compilation events (20 events):
Event: 14.404 Thread 0x000001e3729f8f40 nmethod 6515 0x000001e359841810 code [0x000001e3598419a0, 0x000001e359841b18]
Event: 14.404 Thread 0x000001e3729f8f40 6517       3       java.lang.ThreadLocal::remove (18 bytes)
Event: 14.404 Thread 0x000001e3729f0230 nmethod 6493 0x000001e360696d10 code [0x000001e360696e80, 0x000001e360697038]
Event: 14.404 Thread 0x000001e3729f8f40 nmethod 6517 0x000001e359841b90 code [0x000001e359841d40, 0x000001e359841fb8]
Event: 14.404 Thread 0x000001e3729f0230 6498       4       org.springframework.core.annotation.AnnotationTypeMapping$MirrorSets::size (6 bytes)
Event: 14.404 Thread 0x000001e3729f8f40 6516       1       org.hibernate.internal.AbstractSharedSessionContract::getTransactionCoordinator (5 bytes)
Event: 14.404 Thread 0x000001e3729f8f40 nmethod 6516 0x000001e360697110 code [0x000001e3606972a0, 0x000001e360697378]
Event: 14.404 Thread 0x000001e3729f8f40 6518       3       java.util.regex.Matcher::end (67 bytes)
Event: 14.405 Thread 0x000001e3729f0230 nmethod 6498 0x000001e360697410 code [0x000001e360697580, 0x000001e360697618]
Event: 14.405 Thread 0x000001e3729f0230 6519       4       java.lang.Boolean::valueOf (14 bytes)
Event: 14.405 Thread 0x000001e3729f0230 nmethod 6519 0x000001e360697710 code [0x000001e360697880, 0x000001e3606978f8]
Event: 14.405 Thread 0x000001e3729f0230 6522       4       java.util.regex.Pattern$Branch::match (66 bytes)
Event: 14.405 Thread 0x000001e3729f8f40 nmethod 6518 0x000001e359842090 code [0x000001e3598422e0, 0x000001e359842b08]
Event: 14.405 Thread 0x000001e3729f8f40 6520       3       java.util.Formatter$FormatSpecifier::appendJustified (91 bytes)
Event: 14.406 Thread 0x000001e3729f8f40 nmethod 6520 0x000001e359842e10 code [0x000001e359843020, 0x000001e359843808]
Event: 14.406 Thread 0x000001e3729f8f40 6521       3       java.lang.StringBuilder::append (6 bytes)
Event: 14.406 Thread 0x000001e3729f8f40 nmethod 6521 0x000001e359843a90 code [0x000001e359843c40, 0x000001e359843de8]
Event: 14.406 Thread 0x000001e3729f8f40 6523       3       java.util.Formatter$FormatSpecifier::print (62 bytes)
Event: 14.407 Thread 0x000001e3729f8f40 nmethod 6523 0x000001e359843e90 code [0x000001e359844100, 0x000001e359844b38]
Event: 14.407 Thread 0x000001e3729f8f40 6525       3       java.util.Formatter$FormatSpecifier::printString (107 bytes)

GC Heap History (20 events):
Event: 9.171 GC heap before
{Heap before GC invocations=9 (full 0):
 garbage-first heap   total 61440K, used 42684K [0x0000000720e00000, 0x0000000800000000)
  region size 2048K, 13 young (26624K), 2 survivors (4096K)
 Metaspace       used 44172K, committed 44608K, reserved 1089536K
  class space    used 5861K, committed 6016K, reserved 1048576K
}
Event: 9.176 GC heap after
{Heap after GC invocations=10 (full 0):
 garbage-first heap   total 61440K, used 22327K [0x0000000720e00000, 0x0000000800000000)
  region size 2048K, 2 young (4096K), 2 survivors (4096K)
 Metaspace       used 44172K, committed 44608K, reserved 1089536K
  class space    used 5861K, committed 6016K, reserved 1048576K
}
Event: 9.710 GC heap before
{Heap before GC invocations=10 (full 0):
 garbage-first heap   total 61440K, used 42807K [0x0000000720e00000, 0x0000000800000000)
  region size 2048K, 13 young (26624K), 2 survivors (4096K)
 Metaspace       used 47981K, committed 48448K, reserved 1097728K
  class space    used 6364K, committed 6592K, reserved 1048576K
}
Event: 9.714 GC heap after
{Heap after GC invocations=11 (full 0):
 garbage-first heap   total 61440K, used 23671K [0x0000000720e00000, 0x0000000800000000)
  region size 2048K, 2 young (4096K), 2 survivors (4096K)
 Metaspace       used 47981K, committed 48448K, reserved 1097728K
  class space    used 6364K, committed 6592K, reserved 1048576K
}
Event: 10.398 GC heap before
{Heap before GC invocations=11 (full 0):
 garbage-first heap   total 61440K, used 42103K [0x0000000720e00000, 0x0000000800000000)
  region size 2048K, 12 young (24576K), 2 survivors (4096K)
 Metaspace       used 53037K, committed 53568K, reserved 1097728K
  class space    used 7101K, committed 7360K, reserved 1048576K
}
Event: 10.402 GC heap after
{Heap after GC invocations=12 (full 0):
 garbage-first heap   total 61440K, used 24458K [0x0000000720e00000, 0x0000000800000000)
  region size 2048K, 2 young (4096K), 2 survivors (4096K)
 Metaspace       used 53037K, committed 53568K, reserved 1097728K
  class space    used 7101K, committed 7360K, reserved 1048576K
}
Event: 10.975 GC heap before
{Heap before GC invocations=12 (full 0):
 garbage-first heap   total 61440K, used 44938K [0x0000000720e00000, 0x0000000800000000)
  region size 2048K, 12 young (24576K), 2 survivors (4096K)
 Metaspace       used 57310K, committed 57856K, reserved 1105920K
  class space    used 7807K, committed 8064K, reserved 1048576K
}
Event: 10.979 GC heap after
{Heap after GC invocations=13 (full 0):
 garbage-first heap   total 61440K, used 25016K [0x0000000720e00000, 0x0000000800000000)
  region size 2048K, 2 young (4096K), 2 survivors (4096K)
 Metaspace       used 57310K, committed 57856K, reserved 1105920K
  class space    used 7807K, committed 8064K, reserved 1048576K
}
Event: 12.169 GC heap before
{Heap before GC invocations=13 (full 0):
 garbage-first heap   total 61440K, used 35256K [0x0000000720e00000, 0x0000000800000000)
  region size 2048K, 8 young (16384K), 2 survivors (4096K)
 Metaspace       used 59793K, committed 60288K, reserved 1105920K
  class space    used 8161K, committed 8384K, reserved 1048576K
}
Event: 12.173 GC heap after
{Heap after GC invocations=14 (full 0):
 garbage-first heap   total 61440K, used 25517K [0x0000000720e00000, 0x0000000800000000)
  region size 2048K, 2 young (4096K), 2 survivors (4096K)
 Metaspace       used 59793K, committed 60288K, reserved 1105920K
  class space    used 8161K, committed 8384K, reserved 1048576K
}
Event: 12.622 GC heap before
{Heap before GC invocations=15 (full 0):
 garbage-first heap   total 61440K, used 45997K [0x0000000720e00000, 0x0000000800000000)
  region size 2048K, 12 young (24576K), 2 survivors (4096K)
 Metaspace       used 62085K, committed 62592K, reserved 1105920K
  class space    used 8483K, committed 8704K, reserved 1048576K
}
Event: 12.626 GC heap after
{Heap after GC invocations=16 (full 0):
 garbage-first heap   total 61440K, used 27044K [0x0000000720e00000, 0x0000000800000000)
  region size 2048K, 2 young (4096K), 2 survivors (4096K)
 Metaspace       used 62085K, committed 62592K, reserved 1105920K
  class space    used 8483K, committed 8704K, reserved 1048576K
}
Event: 12.823 GC heap before
{Heap before GC invocations=16 (full 0):
 garbage-first heap   total 61440K, used 45476K [0x0000000720e00000, 0x0000000800000000)
  region size 2048K, 11 young (22528K), 2 survivors (4096K)
 Metaspace       used 62453K, committed 62976K, reserved 1105920K
  class space    used 8527K, committed 8768K, reserved 1048576K
}
Event: 12.827 GC heap after
{Heap after GC invocations=17 (full 0):
 garbage-first heap   total 61440K, used 27771K [0x0000000720e00000, 0x0000000800000000)
  region size 2048K, 2 young (4096K), 2 survivors (4096K)
 Metaspace       used 62453K, committed 62976K, reserved 1105920K
  class space    used 8527K, committed 8768K, reserved 1048576K
}
Event: 13.325 GC heap before
{Heap before GC invocations=17 (full 0):
 garbage-first heap   total 61440K, used 48251K [0x0000000720e00000, 0x0000000800000000)
  region size 2048K, 12 young (24576K), 2 survivors (4096K)
 Metaspace       used 65025K, committed 65536K, reserved 1105920K
  class space    used 8874K, committed 9088K, reserved 1048576K
}
Event: 13.329 GC heap after
{Heap after GC invocations=18 (full 0):
 garbage-first heap   total 61440K, used 29700K [0x0000000720e00000, 0x0000000800000000)
  region size 2048K, 2 young (4096K), 2 survivors (4096K)
 Metaspace       used 65025K, committed 65536K, reserved 1105920K
  class space    used 8874K, committed 9088K, reserved 1048576K
}
Event: 13.800 GC heap before
{Heap before GC invocations=18 (full 0):
 garbage-first heap   total 61440K, used 46084K [0x0000000720e00000, 0x0000000800000000)
  region size 2048K, 11 young (22528K), 2 survivors (4096K)
 Metaspace       used 68859K, committed 69440K, reserved 1114112K
  class space    used 9437K, committed 9728K, reserved 1048576K
}
Event: 13.805 GC heap after
{Heap after GC invocations=19 (full 0):
 garbage-first heap   total 61440K, used 30591K [0x0000000720e00000, 0x0000000800000000)
  region size 2048K, 2 young (4096K), 2 survivors (4096K)
 Metaspace       used 68859K, committed 69440K, reserved 1114112K
  class space    used 9437K, committed 9728K, reserved 1048576K
}
Event: 14.356 GC heap before
{Heap before GC invocations=20 (full 0):
 garbage-first heap   total 61440K, used 49023K [0x0000000720e00000, 0x0000000800000000)
  region size 2048K, 11 young (22528K), 2 survivors (4096K)
 Metaspace       used 72853K, committed 73408K, reserved 1114112K
  class space    used 10054K, committed 10304K, reserved 1048576K
}
Event: 14.360 GC heap after
{Heap after GC invocations=21 (full 0):
 garbage-first heap   total 61440K, used 31631K [0x0000000720e00000, 0x0000000800000000)
  region size 2048K, 2 young (4096K), 2 survivors (4096K)
 Metaspace       used 72853K, committed 73408K, reserved 1114112K
  class space    used 10054K, committed 10304K, reserved 1048576K
}

Deoptimization events (20 events):
Event: 14.382 Thread 0x000001e350f86830 Uncommon trap: trap_request=0xffffffde fr.pc=0x000001e3602c5d74 relative=0x00000000000002b4
Event: 14.382 Thread 0x000001e350f86830 Uncommon trap: reason=class_check action=maybe_recompile pc=0x000001e3602c5d74 method=java.util.regex.Matcher.search(I)Z @ 121 c2
Event: 14.383 Thread 0x000001e350f86830 DEOPT PACKING pc=0x000001e3602c5d74 sp=0x00000060ebcfc550
Event: 14.383 Thread 0x000001e350f86830 DEOPT UNPACKING pc=0x000001e3588123a3 sp=0x00000060ebcfc478 mode 2
Event: 14.383 Thread 0x000001e350f86830 Uncommon trap: trap_request=0xffffffde fr.pc=0x000001e3602c5d74 relative=0x00000000000002b4
Event: 14.383 Thread 0x000001e350f86830 Uncommon trap: reason=class_check action=maybe_recompile pc=0x000001e3602c5d74 method=java.util.regex.Matcher.search(I)Z @ 121 c2
Event: 14.383 Thread 0x000001e350f86830 DEOPT PACKING pc=0x000001e3602c5d74 sp=0x00000060ebcfc570
Event: 14.383 Thread 0x000001e350f86830 DEOPT UNPACKING pc=0x000001e3588123a3 sp=0x00000060ebcfc498 mode 2
Event: 14.383 Thread 0x000001e350f86830 Uncommon trap: trap_request=0xffffffde fr.pc=0x000001e3602c5d74 relative=0x00000000000002b4
Event: 14.383 Thread 0x000001e350f86830 Uncommon trap: reason=class_check action=maybe_recompile pc=0x000001e3602c5d74 method=java.util.regex.Matcher.search(I)Z @ 121 c2
Event: 14.383 Thread 0x000001e350f86830 DEOPT PACKING pc=0x000001e3602c5d74 sp=0x00000060ebcfc570
Event: 14.383 Thread 0x000001e350f86830 DEOPT UNPACKING pc=0x000001e3588123a3 sp=0x00000060ebcfc498 mode 2
Event: 14.384 Thread 0x000001e350f86830 Uncommon trap: trap_request=0xffffffc6 fr.pc=0x000001e3603d0e68 relative=0x0000000000000e08
Event: 14.384 Thread 0x000001e350f86830 Uncommon trap: reason=bimorphic_or_optimized_type_check action=maybe_recompile pc=0x000001e3603d0e68 method=java.util.HashMap.putVal(ILjava/lang/Object;Ljava/lang/Object;ZZ)Ljava/lang/Object; @ 253 c2
Event: 14.384 Thread 0x000001e350f86830 DEOPT PACKING pc=0x000001e3603d0e68 sp=0x00000060ebcfc2b0
Event: 14.384 Thread 0x000001e350f86830 DEOPT UNPACKING pc=0x000001e3588123a3 sp=0x00000060ebcfc1d8 mode 2
Event: 14.402 Thread 0x000001e350f86830 Uncommon trap: trap_request=0xffffff45 fr.pc=0x000001e360487cb8 relative=0x0000000000000038
Event: 14.402 Thread 0x000001e350f86830 Uncommon trap: reason=unstable_if action=reinterpret pc=0x000001e360487cb8 method=java.util.IdentityHashMap.maskNull(Ljava/lang/Object;)Ljava/lang/Object; @ 1 c2
Event: 14.402 Thread 0x000001e350f86830 DEOPT PACKING pc=0x000001e360487cb8 sp=0x00000060ebcfb140
Event: 14.402 Thread 0x000001e350f86830 DEOPT UNPACKING pc=0x000001e3588123a3 sp=0x00000060ebcfb0e0 mode 2

Classes unloaded (0 events):
No events

Classes redefined (0 events):
No events

Internal exceptions (20 events):
Event: 13.009 Thread 0x000001e350f86830 Exception <a 'sun/nio/fs/WindowsException'{0x000000072b329f68}> (0x000000072b329f68) 
thrown [t:\workspace\open\src\hotspot\share\prims\jni.cpp, line 516]
Event: 13.123 Thread 0x000001e350f86830 Exception <a 'java/lang/IncompatibleClassChangeError'{0x0000000723c91ae0}: Found class java.lang.Object, but interface was expected> (0x0000000723c91ae0) 
thrown [t:\workspace\open\src\hotspot\share\interpreter\linkResolver.cpp, line 833]
Event: 13.177 Thread 0x000001e350f86830 Exception <a 'java/lang/NoSuchMethodError'{0x0000000723a54888}: 'void java.lang.invoke.DirectMethodHandle$Holder.invokeVirtual(java.lang.Object, java.lang.Object, long)'> (0x0000000723a54888) 
thrown [t:\workspace\open\src\hotspot\share\interpreter\linkResolver.cpp, line 766]
Event: 13.266 Thread 0x000001e350f86830 Implicit null exception at 0x000001e36049b877 to 0x000001e36049be02
Event: 13.287 Thread 0x000001e350f86830 Exception <a 'java/lang/IncompatibleClassChangeError'{0x000000072329eb10}: Found class java.lang.Object, but interface was expected> (0x000000072329eb10) 
thrown [t:\workspace\open\src\hotspot\share\interpreter\linkResolver.cpp, line 833]
Event: 13.300 Thread 0x000001e350f86830 Implicit null exception at 0x000001e36041be3a to 0x000001e36041c044
Event: 13.451 Thread 0x000001e350f86830 Exception <a 'java/lang/NoSuchMethodError'{0x000000072b518ba8}: 'java.lang.Object java.lang.invoke.DirectMethodHandle$Holder.newInvokeSpecial(java.lang.Object, java.lang.Object, int, java.lang.Object, java.lang.Object)'> (0x000000072b518ba8) 
thrown [t:\workspace\open\src\hotspot\share\interpreter\linkResolver.cpp, line 766]
Event: 13.453 Thread 0x000001e350f86830 Exception <a 'java/lang/NoSuchMethodError'{0x000000072b5245e8}: 'java.lang.Object java.lang.invoke.DirectMethodHandle$Holder.invokeSpecial(java.lang.Object, java.lang.Object, int, java.lang.Object, int, java.lang.Object)'> (0x000000072b5245e8) 
thrown [t:\workspace\open\src\hotspot\share\interpreter\linkResolver.cpp, line 766]
Event: 13.453 Thread 0x000001e350f86830 Exception <a 'java/lang/NoSuchMethodError'{0x000000072b52c878}: 'java.lang.Object java.lang.invoke.DirectMethodHandle$Holder.newInvokeSpecial(java.lang.Object, java.lang.Object, int, java.lang.Object, int)'> (0x000000072b52c878) 
thrown [t:\workspace\open\src\hotspot\share\interpreter\linkResolver.cpp, line 766]
Event: 13.454 Thread 0x000001e350f86830 Exception <a 'java/lang/NoSuchMethodError'{0x000000072b530e80}: 'java.lang.Object java.lang.invoke.DirectMethodHandle$Holder.invokeSpecial(java.lang.Object, java.lang.Object, java.lang.Object, int, java.lang.Object, int)'> (0x000000072b530e80) 
thrown [t:\workspace\open\src\hotspot\share\interpreter\linkResolver.cpp, line 766]
Event: 13.521 Thread 0x000001e350f86830 Exception <a 'java/lang/NoSuchMethodError'{0x000000072b094230}: 'java.lang.Object java.lang.invoke.DirectMethodHandle$Holder.newInvokeSpecial(java.lang.Object, java.lang.Object, java.lang.Object, java.lang.Object, int)'> (0x000000072b094230) 
thrown [t:\workspace\open\src\hotspot\share\interpreter\linkResolver.cpp, line 766]
Event: 13.522 Thread 0x000001e350f86830 Exception <a 'java/lang/NoSuchMethodError'{0x000000072b0986d0}: 'java.lang.Object java.lang.invoke.DirectMethodHandle$Holder.invokeSpecial(java.lang.Object, java.lang.Object, java.lang.Object, java.lang.Object, java.lang.Object, int)'> (0x000000072b0986d0) 
thrown [t:\workspace\open\src\hotspot\share\interpreter\linkResolver.cpp, line 766]
Event: 13.522 Thread 0x000001e350f86830 Exception <a 'java/lang/NoSuchMethodError'{0x000000072b09c418}: 'java.lang.Object java.lang.invoke.Invokers$Holder.linkToTargetMethod(java.lang.Object, java.lang.Object, java.lang.Object, int, java.lang.Object)'> (0x000000072b09c418) 
thrown [t:\workspace\open\src\hotspot\share\interpreter\linkResolver.cpp, line 766]
Event: 13.524 Thread 0x000001e350f86830 Exception <a 'java/lang/IncompatibleClassChangeError'{0x000000072b0ac948}: Found class java.lang.Object, but interface was expected> (0x000000072b0ac948) 
thrown [t:\workspace\open\src\hotspot\share\interpreter\linkResolver.cpp, line 833]
Event: 13.791 Thread 0x000001e350f86830 Exception <a 'java/lang/NoSuchMethodError'{0x00000007239c6880}: 'int java.lang.invoke.DirectMethodHandle$Holder.invokeStatic(java.lang.Object, java.lang.Object, int, int)'> (0x00000007239c6880) 
thrown [t:\workspace\open\src\hotspot\share\interpreter\linkResolver.cpp, line 766]
Event: 13.999 Thread 0x000001e350f86830 Implicit null exception at 0x000001e36041749e to 0x000001e360417b3c
Event: 13.999 Thread 0x000001e350f86830 Implicit null exception at 0x000001e360551d0c to 0x000001e3605529d4
Event: 14.024 Thread 0x000001e350f86830 Implicit null exception at 0x000001e360393c50 to 0x000001e360395004
Event: 14.024 Thread 0x000001e350f86830 Exception <a 'java/lang/ClassNotFoundException'{0x000000072b3207a0}: java/lang/ClassLoader$ByteBuddyAccessor$V1> (0x000000072b3207a0) 
thrown [t:\workspace\open\src\hotspot\share\classfile\systemDictionary.cpp, line 256]
Event: 14.248 Thread 0x000001e350f86830 Exception <a 'java/lang/NoSuchMethodError'{0x0000000723acbdc0}: 'void java.lang.invoke.DirectMethodHandle$Holder.invokeSpecialIFC(java.lang.Object, java.lang.Object, int, java.lang.Object, java.lang.Object, java.lang.Object, java.lang.Object)'> (0x0000000723acbdc0) 
thrown [t:\workspace\open\src\hotspot\share\interpreter\linkResolver.cpp, line 766]

VM Operations (20 events):
Event: 13.800 Executing VM operation: G1CollectForAllocation
Event: 13.805 Executing VM operation: G1CollectForAllocation done
Event: 13.832 Executing VM operation: G1Concurrent
Event: 13.835 Executing VM operation: G1Concurrent done
Event: 13.847 Executing VM operation: G1Concurrent
Event: 13.847 Executing VM operation: G1Concurrent done
Event: 14.091 Executing VM operation: HandshakeAllThreads
Event: 14.091 Executing VM operation: HandshakeAllThreads done
Event: 14.091 Executing VM operation: HandshakeAllThreads
Event: 14.091 Executing VM operation: HandshakeAllThreads done
Event: 14.169 Executing VM operation: HandshakeAllThreads
Event: 14.169 Executing VM operation: HandshakeAllThreads done
Event: 14.227 Executing VM operation: HandshakeAllThreads
Event: 14.227 Executing VM operation: HandshakeAllThreads done
Event: 14.263 Executing VM operation: HandshakeAllThreads
Event: 14.263 Executing VM operation: HandshakeAllThreads done
Event: 14.282 Executing VM operation: ICBufferFull
Event: 14.283 Executing VM operation: ICBufferFull done
Event: 14.356 Executing VM operation: G1CollectForAllocation
Event: 14.360 Executing VM operation: G1CollectForAllocation done

Events (20 events):
Event: 14.086 loading class java/util/stream/DoubleStream
Event: 14.087 loading class java/util/stream/DoubleStream done
Event: 14.095 Thread 0x000001e372a0c010 flushing nmethod 0x000001e358fbba90
Event: 14.095 Thread 0x000001e372a0c010 flushing nmethod 0x000001e359002b10
Event: 14.100 Thread 0x000001e372a0c010 flushing nmethod 0x000001e359676010
Event: 14.100 Thread 0x000001e372a0c010 flushing nmethod 0x000001e359690f90
Event: 14.100 Thread 0x000001e372a0c010 flushing nmethod 0x000001e3596dd190
Event: 14.100 Thread 0x000001e372a0c010 flushing nmethod 0x000001e3596e7310
Event: 14.108 loading class org/w3c/dom/Node
Event: 14.109 loading class org/w3c/dom/Node done
Event: 14.109 loading class org/w3c/dom/Document
Event: 14.109 loading class org/w3c/dom/Document done
Event: 14.178 loading class java/time/format/DateTimeFormatterBuilder$ZoneTextPrinterParser
Event: 14.178 loading class java/time/format/DateTimeFormatterBuilder$ZoneTextPrinterParser done
Event: 14.179 loading class java/time/format/DateTimeFormatterBuilder$ReducedPrinterParser
Event: 14.179 loading class java/time/format/DateTimeFormatterBuilder$ReducedPrinterParser done
Event: 14.181 loading class java/io/PushbackInputStream
Event: 14.182 loading class java/io/PushbackInputStream done
Event: 14.369 loading class java/util/concurrent/ConcurrentHashMap$EntrySpliterator
Event: 14.369 loading class java/util/concurrent/ConcurrentHashMap$EntrySpliterator done


Dynamic libraries:
0x00007ff6c6690000 - 0x00007ff6c66a0000 	C:\Program Files\Java\jdk-17.0.2\bin\java.exe
0x00007ff979fb0000 - 0x00007ff97a1c7000 	C:\WINDOWS\SYSTEM32\ntdll.dll
0x00007ff978f10000 - 0x00007ff978fd4000 	C:\WINDOWS\System32\KERNEL32.DLL
0x00007ff9775c0000 - 0x00007ff977966000 	C:\WINDOWS\System32\KERNELBASE.dll
0x00007ff977a70000 - 0x00007ff977b81000 	C:\WINDOWS\System32\ucrtbase.dll
0x00007ff9667d0000 - 0x00007ff9667e8000 	C:\Program Files\Java\jdk-17.0.2\bin\jli.dll
0x00007ff966710000 - 0x00007ff96672a000 	C:\Program Files\Java\jdk-17.0.2\bin\VCRUNTIME140.dll
0x00007ff9797c0000 - 0x00007ff979873000 	C:\WINDOWS\System32\ADVAPI32.dll
0x00007ff979550000 - 0x00007ff9795f7000 	C:\WINDOWS\System32\msvcrt.dll
0x00007ff977d00000 - 0x00007ff977da8000 	C:\WINDOWS\System32\sechost.dll
0x00007ff9779a0000 - 0x00007ff9779c8000 	C:\WINDOWS\System32\bcrypt.dll
0x00007ff979e40000 - 0x00007ff979f57000 	C:\WINDOWS\System32\RPCRT4.dll
0x00007ff9791a0000 - 0x00007ff97934e000 	C:\WINDOWS\System32\USER32.dll
0x00007ff977970000 - 0x00007ff977996000 	C:\WINDOWS\System32\win32u.dll
0x00007ff9764e0000 - 0x00007ff976773000 	C:\WINDOWS\WinSxS\amd64_microsoft.windows.common-controls_6595b64144ccf1df_6.0.22621.2506_none_270c5ae97388e100\COMCTL32.dll
0x00007ff978a00000 - 0x00007ff978a29000 	C:\WINDOWS\System32\GDI32.dll
0x00007ff977420000 - 0x00007ff977538000 	C:\WINDOWS\System32\gdi32full.dll
0x00007ff9779d0000 - 0x00007ff977a6a000 	C:\WINDOWS\System32\msvcp_win.dll
0x00007ff973920000 - 0x00007ff97392a000 	C:\WINDOWS\SYSTEM32\VERSION.dll
0x00007ff9798d0000 - 0x00007ff979901000 	C:\WINDOWS\System32\IMM32.DLL
0x00007ff967600000 - 0x00007ff96760c000 	C:\Program Files\Java\jdk-17.0.2\bin\vcruntime140_1.dll
0x00007ff946540000 - 0x00007ff9465cd000 	C:\Program Files\Java\jdk-17.0.2\bin\msvcp140.dll
0x00007ff92db90000 - 0x00007ff92e751000 	C:\Program Files\Java\jdk-17.0.2\bin\server\jvm.dll
0x00007ff978fe0000 - 0x00007ff978fe8000 	C:\WINDOWS\System32\PSAPI.DLL
0x00007ff973770000 - 0x00007ff973779000 	C:\WINDOWS\SYSTEM32\WSOCK32.dll
0x00007ff96eef0000 - 0x00007ff96ef24000 	C:\WINDOWS\SYSTEM32\WINMM.dll
0x00007ff979910000 - 0x00007ff979981000 	C:\WINDOWS\System32\WS2_32.dll
0x00007ff975540000 - 0x00007ff975558000 	C:\WINDOWS\SYSTEM32\kernel.appcore.dll
0x00007ff9675d0000 - 0x00007ff9675da000 	C:\Program Files\Java\jdk-17.0.2\bin\jimage.dll
0x00007ff976b70000 - 0x00007ff976da3000 	C:\WINDOWS\SYSTEM32\DBGHELP.DLL
0x00007ff977db0000 - 0x00007ff978139000 	C:\WINDOWS\System32\combase.dll
0x00007ff9796e0000 - 0x00007ff9797b7000 	C:\WINDOWS\System32\OLEAUT32.dll
0x00007ff976a60000 - 0x00007ff976a92000 	C:\WINDOWS\SYSTEM32\dbgcore.DLL
0x00007ff977540000 - 0x00007ff9775ba000 	C:\WINDOWS\System32\bcryptPrimitives.dll
0x00007ff967440000 - 0x00007ff96744e000 	C:\Program Files\Java\jdk-17.0.2\bin\instrument.dll
0x00007ff965a90000 - 0x00007ff965ab5000 	C:\Program Files\Java\jdk-17.0.2\bin\java.dll
0x00007ff9385c0000 - 0x00007ff938696000 	C:\Program Files\Java\jdk-17.0.2\bin\jsvml.dll
0x00007ff978140000 - 0x00007ff97899a000 	C:\WINDOWS\System32\SHELL32.dll
0x00007ff974370000 - 0x00007ff974c66000 	C:\WINDOWS\SYSTEM32\windows.storage.dll
0x00007ff974230000 - 0x00007ff97436e000 	C:\WINDOWS\SYSTEM32\wintypes.dll
0x00007ff979450000 - 0x00007ff979543000 	C:\WINDOWS\System32\SHCORE.dll
0x00007ff9789a0000 - 0x00007ff9789fe000 	C:\WINDOWS\System32\shlwapi.dll
0x00007ff977220000 - 0x00007ff977246000 	C:\WINDOWS\SYSTEM32\profapi.dll
0x00007ff965ec0000 - 0x00007ff965ed8000 	C:\Program Files\Java\jdk-17.0.2\bin\zip.dll
0x00007ff960220000 - 0x00007ff960239000 	C:\Program Files\Java\jdk-17.0.2\bin\net.dll
0x00007ff96f180000 - 0x00007ff96f2b7000 	C:\WINDOWS\SYSTEM32\WINHTTP.dll
0x00007ff976080000 - 0x00007ff9760e9000 	C:\WINDOWS\system32\mswsock.dll
0x00007ff95f4d0000 - 0x00007ff95f4e6000 	C:\Program Files\Java\jdk-17.0.2\bin\nio.dll
0x00007ff958010000 - 0x00007ff95802a000 	C:\Program Files\JetBrains\IntelliJ IDEA 2023.2.5\bin\breakgen64.dll
0x00007ff958040000 - 0x00007ff958050000 	C:\Program Files\Java\jdk-17.0.2\bin\verify.dll
0x00007ff957f70000 - 0x00007ff957f7e000 	C:\Program Files\Java\jdk-17.0.2\bin\sunmscapi.dll
0x00007ff977b90000 - 0x00007ff977cf6000 	C:\WINDOWS\System32\CRYPT32.dll
0x00007ff9764b0000 - 0x00007ff9764de000 	C:\WINDOWS\SYSTEM32\ncrypt.dll
0x00007ff976470000 - 0x00007ff9764a7000 	C:\WINDOWS\SYSTEM32\NTASN1.dll
0x00007ff976ea0000 - 0x00007ff976ebb000 	C:\WINDOWS\SYSTEM32\CRYPTSP.dll
0x00007ff9754a0000 - 0x00007ff9754d5000 	C:\WINDOWS\system32\rsaenh.dll
0x00007ff976300000 - 0x00007ff97632c000 	C:\WINDOWS\SYSTEM32\USERENV.dll
0x00007ff976330000 - 0x00007ff97633c000 	C:\WINDOWS\SYSTEM32\CRYPTBASE.dll
0x00007ff974ed0000 - 0x00007ff974efd000 	C:\WINDOWS\SYSTEM32\IPHLPAPI.DLL
0x00007ff9796d0000 - 0x00007ff9796d9000 	C:\WINDOWS\System32\NSI.dll
0x00007ff96f140000 - 0x00007ff96f159000 	C:\WINDOWS\SYSTEM32\dhcpcsvc6.DLL
0x00007ff96f120000 - 0x00007ff96f13f000 	C:\WINDOWS\SYSTEM32\dhcpcsvc.DLL
0x00007ff974f00000 - 0x00007ff974ff9000 	C:\WINDOWS\SYSTEM32\DNSAPI.dll
0x00007ff957c20000 - 0x00007ff957c29000 	C:\Program Files\Java\jdk-17.0.2\bin\management.dll
0x00007ff957570000 - 0x00007ff95757b000 	C:\Program Files\Java\jdk-17.0.2\bin\management_ext.dll
0x00007ff96ea60000 - 0x00007ff96ea6a000 	C:\Windows\System32\rasadhlp.dll
0x00007ff96d1b0000 - 0x00007ff96d233000 	C:\WINDOWS\System32\fwpuclnt.dll
0x00007ff9612e0000 - 0x00007ff9612e8000 	C:\WINDOWS\system32\wshunix.dll

dbghelp: loaded successfully - version: 4.0.5 - missing functions: none
symbol engine: initialized successfully - sym options: 0x614 - pdb path: .;C:\Program Files\Java\jdk-17.0.2\bin;C:\WINDOWS\SYSTEM32;C:\WINDOWS\WinSxS\amd64_microsoft.windows.common-controls_6595b64144ccf1df_6.0.22621.2506_none_270c5ae97388e100;C:\Program Files\Java\jdk-17.0.2\bin\server;C:\Program Files\JetBrains\IntelliJ IDEA 2023.2.5\bin

VM Arguments:
jvm_args: -ea -Didea.test.cyclic.buffer.size=1048576 -javaagent:C:\Program Files\JetBrains\IntelliJ IDEA 2023.2.5\lib\idea_rt.jar=57729:C:\Program Files\JetBrains\IntelliJ IDEA 2023.2.5\bin -Dfile.encoding=UTF-8 
java_command: com.intellij.rt.junit.JUnitStarter -ideVersion5 -junit5 com.example.demo.GestiuneaProiectelorApplicationTests
java_class_path (initial): C:\Users\Iordan Ionut\.m2\repository\org\junit\platform\junit-platform-launcher\1.10.1\junit-platform-launcher-1.10.1.jar;C:\Program Files\JetBrains\IntelliJ IDEA 2023.2.5\lib\idea_rt.jar;C:\Program Files\JetBrains\IntelliJ IDEA 2023.2.5\plugins\junit\lib\junit5-rt.jar;C:\Program Files\JetBrains\IntelliJ IDEA 2023.2.5\plugins\junit\lib\junit-rt.jar;C:\Users\Iordan Ionut\OneDrive\Desktop\demo\demo\target\test-classes;C:\Users\Iordan Ionut\OneDrive\Desktop\demo\demo\target\classes;C:\Users\Iordan Ionut\.m2\repository\org\springframework\boot\spring-boot-starter-data-jpa\3.2.1\spring-boot-starter-data-jpa-3.2.1.jar;C:\Users\Iordan Ionut\.m2\repository\org\springframework\boot\spring-boot-starter-aop\3.2.1\spring-boot-starter-aop-3.2.1.jar;C:\Users\Iordan Ionut\.m2\repository\org\aspectj\aspectjweaver\1.9.21\aspectjweaver-1.9.21.jar;C:\Users\Iordan Ionut\.m2\repository\org\springframework\boot\spring-boot-starter-jdbc\3.2.1\spring-boot-starter-jdbc-3.2.1.jar;C:\Users\Iordan Ionut\.m2\repository\com\zaxxer\HikariCP\5.0.1\HikariCP-5.0.1.jar;C:\Users\Iordan Ionut\.m2\repository\org\springframework\spring-jdbc\6.1.2\spring-jdbc-6.1.2.jar;C:\Users\Iordan Ionut\.m2\repository\org\hibernate\orm\hibernate-core\6.4.1.Final\hibernate-core-6.4.1.Final.jar;C:\Users\Iordan Ionut\.m2\repository\jakarta\persistence\jakarta.persistence-api\3.1.0\jakarta.persistence-api-3.1.0.jar;C:\Users\Iordan Ionut\.m2\repository\jakarta\transaction\jakarta.transaction-api\2.0.1\jakarta.transaction-api-2.0.1.jar;C:\Users\Iordan Ionut\.m2\repository\org\jboss\logging\jboss-logging\3.5.3.Final\jboss-logging-3.5.3.Final.jar;C:\Users\Iordan Ionut\.m2\repository\org\hibernate\common\hibernate-commons-annotations\6.0.6.Final\hibernate-commons-annotations-6.0.6.Final.jar;C:\Users\Iordan Ionut\.m2\repository\io\smallrye\jandex\3.1.2\jandex-3.1.2.jar;C:\Users\Iordan Ionut\.m2\repository\com\fasterxml\classmate\1.6.0\classmate-1.6.0.jar;C:\Users\Iordan Ionut\.m2\repository\org\glas
Launcher Type: SUN_STANDARD

[Global flags]
     intx CICompilerCount                          = 4                                         {product} {ergonomic}
     uint ConcGCThreads                            = 2                                         {product} {ergonomic}
     uint G1ConcRefinementThreads                  = 8                                         {product} {ergonomic}
   size_t G1HeapRegionSize                         = 2097152                                   {product} {ergonomic}
    uintx GCDrainStackTargetSize                   = 64                                        {product} {ergonomic}
   size_t InitialHeapSize                          = 234881024                                 {product} {ergonomic}
   size_t MarkStackSize                            = 4194304                                   {product} {ergonomic}
   size_t MaxHeapSize                              = 3743416320                                {product} {ergonomic}
   size_t MaxNewSize                               = 2246049792                                {product} {ergonomic}
   size_t MinHeapDeltaBytes                        = 2097152                                   {product} {ergonomic}
   size_t MinHeapSize                              = 8388608                                   {product} {ergonomic}
    uintx NonNMethodCodeHeapSize                   = 5839372                                {pd product} {ergonomic}
    uintx NonProfiledCodeHeapSize                  = 122909434                              {pd product} {ergonomic}
    uintx ProfiledCodeHeapSize                     = 122909434                              {pd product} {ergonomic}
    uintx ReservedCodeCacheSize                    = 251658240                              {pd product} {ergonomic}
     bool SegmentedCodeCache                       = true                                      {product} {ergonomic}
   size_t SoftMaxHeapSize                          = 3743416320                             {manageable} {ergonomic}
     bool UseCompressedClassPointers               = true                           {product lp64_product} {ergonomic}
     bool UseCompressedOops                        = true                           {product lp64_product} {ergonomic}
     bool UseG1GC                                  = true                                      {product} {ergonomic}
     bool UseLargePagesIndividualAllocation        = false                                  {pd product} {ergonomic}

Logging:
Log output configuration:
 #0: stdout all=warning uptime,level,tags
 #1: stderr all=off uptime,level,tags

Environment Variables:
JAVA_HOME=C:\Program Files\Java\jdk-17.0.2
PATH=C:\Program Files\Common Files\Oracle\Java\javapath;C:\ProgramData\Oracle\Java\javapath;C:\Program Files\AdoptOpenJDK\jdk-11.0.11.9-hotspot\bin;C:\Program Files\Microsoft MPI\Bin\;C:\WINDOWS\system32;C:\WINDOWS;C:\WINDOWS\System32\Wbem;C:\WINDOWS\System32\WindowsPowerShell\v1.0\;C:\WINDOWS\System32\OpenSSH\;C:\Program Files\Microsoft SQL Server\Client SDK\ODBC\170\Tools\Binn\;C:\Program Files (x86)\Microsoft SQL Server\150\Tools\Binn\;C:\Program Files\Microsoft SQL Server\150\Tools\Binn\;C:\Program Files\Microsoft SQL Server\150\DTS\Binn\;C:\Program Files\dotnet\;C:\Program Files\Microsoft SQL Server\130\Tools\Binn\;C:\Program Files\Git\cmd;C:\Program Files (x86)\dotnet\;C:\IORDAN IONUT\F.S.E.F.I\MAPLE\bin;C:\Program Files\Maven\apache-maven-3.8.4-bin\apache-maven-3.8.4\bin;C:\Program Files\Java\jdk-17.0.2\bin;C:\Program Files\Java\jdk-17.0.2\bin;C:\WINDOWS\system32;C:\WINDOWS;C:\WINDOWS\System32\Wbem;C:\WINDOWS\System32\WindowsPowerShell\v1.0\;C:\WINDOWS\System32\OpenSSH\;C:\Program Files\nodejs\;C:\Users\Iordan Ionut\.console-ninja\.bin;C:\Program Files\MySQL\MySQL Shell 8.0\bin\;C:\Users\Iordan Ionut\AppData\Local\Microsoft\WindowsApps;C:\Program Files\Azure Data Studio\bin;C:\Users\Iordan Ionut\.dotnet\tools;C:\MinGW\bin;C:\Users\Iordan Ionut\AppData\Local\Programs\Microsoft VS Code\bin;C:\Users\Iordan Ionut\AppData\Local\Programs\Python\Python37;C:\Users\Iordan Ionut\AppData\Roaming\npm
USERNAME=Iordan Ionut
OS=Windows_NT
PROCESSOR_IDENTIFIER=AMD64 Family 23 Model 24 Stepping 1, AuthenticAMD



---------------  S Y S T E M  ---------------

OS:
 Windows 11 , 64 bit Build 22621 (10.0.22621.2506)
OS uptime: 4 days 20:54 hours

CPU: total 8 (initial active 8) (8 cores per cpu, 2 threads per core) family 23 model 24 stepping 1 microcode 0x0, cx8, cmov, fxsr, ht, mmx, 3dnowpref, sse, sse2, sse3, ssse3, sse4a, sse4.1, sse4.2, popcnt, lzcnt, tsc, tscinvbit, avx, avx2, aes, clmul, bmi1, bmi2, adx, sha, fma, vzeroupper, clflush, clflushopt

Memory: 4k page, system-wide physical 14272M (2997M free)
TotalPageFile size 22665M (AvailPageFile size 2799M)
current process WorkingSet (physical memory assigned to process): 285M, peak: 285M
current process commit charge ("private bytes"): 323M, peak: 373M

vm_info: Java HotSpot(TM) 64-Bit Server VM (17.0.2+8-LTS-86) for windows-amd64 JRE (17.0.2+8-LTS-86), built on Dec  7 2021 21:51:03 by "mach5one" with MS VC++ 16.8 / 16.9 (VS2019)

END.
