#
# A fatal error has been detected by the Java Runtime Environment:
#
#  EXCEPTION_ACCESS_VIOLATION (0xc0000005) at pc=0x00007ff933012c48, pid=22984, tid=4576
#
# JRE version: Java(TM) SE Runtime Environment (17.0.2+8) (build 17.0.2+8-LTS-86)
# Java VM: Java HotSpot(TM) 64-Bit Server VM (17.0.2+8-LTS-86, mixed mode, sharing, tiered, compressed oops, compressed class ptrs, g1 gc, windows-amd64)
# Problematic frame:
# V  [jvm.dll+0x8b2c48]
#
# No core dump will be written. Minidumps are not enabled by default on client versions of Windows
#
# If you would like to submit a bug report, please visit:
#   https://bugreport.java.com/bugreport/crash.jsp
#

---------------  S U M M A R Y ------------

Command Line: -ea -Didea.test.cyclic.buffer.size=1048576 -javaagent:C:\Program Files\JetBrains\IntelliJ IDEA 2023.2.5\lib\idea_rt.jar=65155:C:\Program Files\JetBrains\IntelliJ IDEA 2023.2.5\bin -Dfile.encoding=UTF-8 com.intellij.rt.junit.JUnitStarter -ideVersion5 -junit5 com.example.demo.GestiuneaProiectelorApplicationTests

Host: AMD Ryzen 7 3700U with Radeon Vega Mobile Gfx  , 8 cores, 13G,  Windows 11 , 64 bit Build 22621 (10.0.22621.2506)
Time: Fri Jan 19 17:55:10 2024 GTB Standard Time elapsed time: 3.101179 seconds (0d 0h 0m 3s)

---------------  T H R E A D  ---------------

Current thread (0x000001d0c131d1c0):  JavaThread "C2 CompilerThread2" daemon [_thread_in_native, id=4576, stack(0x00000025d0000000,0x00000025d0100000)]


Current CompileTask:
C2:   3101 2297       4       jdk.internal.org.objectweb.asm.SymbolTable::addConstantMemberReference (147 bytes)

Stack: [0x00000025d0000000,0x00000025d0100000],  sp=0x00000025d00fa7a8,  free space=1001k
Native frames: (J=compiled Java code, j=interpreted, Vv=VM code, C=native code)
V  [jvm.dll+0x8b2c48]


siginfo: EXCEPTION_ACCESS_VIOLATION (0xc0000005), data execution prevention violation at address 0x00007ff933012c48


Register to memory mapping:

RIP=0x00007ff933012c48 jvm.dll
RAX=0x000001d0c2ce1410 points into unknown readable memory: 0x00007ff933012c48 | 48 2c 01 33 f9 7f 00 00
RBX=0x000001d0c1d6bfe0 points into unknown readable memory: 0x000001d0c2ce1410 | 10 14 ce c2 d0 01 00 00
RCX=0x000001d0c1d6bfe0 points into unknown readable memory: 0x000001d0c2ce1410 | 10 14 ce c2 d0 01 00 00
RDX=0x000001d0c1d6bfe0 points into unknown readable memory: 0x000001d0c2ce1410 | 10 14 ce c2 d0 01 00 00
RSP=0x00000025d00fa7a8 is pointing into the stack for thread: 0x000001d0c131d1c0
RBP=0x00000025d00fa900 is pointing into the stack for thread: 0x000001d0c131d1c0
RSI=0x00000025d00fbc50 is pointing into the stack for thread: 0x000001d0c131d1c0
RDI=0x0000000000000001 is an unknown value
R8 =0x0000000000000097 is an unknown value
R9 =0x00000025d00fab80 is pointing into the stack for thread: 0x000001d0c131d1c0
R10=0x00007ff9700a0000 VCRUNTIME140.dll
R11=0x000001d0c1130350 points into unknown readable memory: 0x000001d0c0b35228 | 28 52 b3 c0 d0 01 00 00
R12=0x000001d09df84950 points into unknown readable memory: 0x00007ff93304e0b0 | b0 e0 04 33 f9 7f 00 00
R13=0x0000000000048200 is an unknown value
R14=0x000001d0c1d6bfe0 points into unknown readable memory: 0x000001d0c2ce1410 | 10 14 ce c2 d0 01 00 00
R15=0x00000025d00fc610 is pointing into the stack for thread: 0x000001d0c131d1c0


Registers:
RAX=0x000001d0c2ce1410, RBX=0x000001d0c1d6bfe0, RCX=0x000001d0c1d6bfe0, RDX=0x000001d0c1d6bfe0
RSP=0x00000025d00fa7a8, RBP=0x00000025d00fa900, RSI=0x00000025d00fbc50, RDI=0x0000000000000001
R8 =0x0000000000000097, R9 =0x00000025d00fab80, R10=0x00007ff9700a0000, R11=0x000001d0c1130350
R12=0x000001d09df84950, R13=0x0000000000048200, R14=0x000001d0c1d6bfe0, R15=0x00000025d00fc610
RIP=0x00007ff933012c48, EFLAGS=0x0000000000010246

Top of Stack: (sp=0x00000025d00fa7a8)
0x00000025d00fa7a8:   00007ff932df665b 00000025d00fa900
0x00000025d00fa7b8:   000001d0ffffffff 000001d0c1d10820
0x00000025d00fa7c8:   000001d0c1d10820 000001d0c1009258
0x00000025d00fa7d8:   0000000000048200 0000000000000000
0x00000025d00fa7e8:   000001d0c0b7c0a8 00000025d00fab80
0x00000025d00fa7f8:   00007ff932cd9733 00000025d00fa900
0x00000025d00fa808:   0000000000000001 000001d09df84950
0x00000025d00fa818:   00000025d00fa870 000001d09bd90000
0x00000025d00fa828:   000000007ffe0380 000001d0c0ffaf40
0x00000025d00fa838:   0000000000000800 000001d0c2cd47d0
0x00000025d00fa848:   0000000000000000 0000000000000200
0x00000025d00fa858:   000001d0c1123f30 000001d000000200
0x00000025d00fa868:   000001d0c0ffaf40 000001d0c32ec140
0x00000025d00fa878:   000001d0c32f6c20 000001d0c32ec150
0x00000025d00fa888:   000001d0c0ffaf40 000001d0c0ffaf40
0x00000025d00fa898:   0000002500000004 000001d0c301ab80 

Instructions: (pc=0x00007ff933012c48)
0x00007ff933012b48:   60 9e 76 32 f9 7f 00 00 a0 e3 76 32 f9 7f 00 00
0x00007ff933012b58:   d0 c6 7b 32 f9 7f 00 00 b0 e5 76 32 f9 7f 00 00
0x00007ff933012b68:   60 d7 7b 32 f9 7f 00 00 00 f7 d9 32 f9 7f 00 00
0x00007ff933012b78:   f8 80 11 33 f9 7f 00 00 d0 80 95 32 f9 7f 00 00
0x00007ff933012b88:   e0 3e 7c 32 f9 7f 00 00 a0 1c 77 32 f9 7f 00 00
0x00007ff933012b98:   d0 c6 7b 32 f9 7f 00 00 a0 e3 76 32 f9 7f 00 00
0x00007ff933012ba8:   30 cc 7f 32 f9 7f 00 00 a0 e3 76 32 f9 7f 00 00
0x00007ff933012bb8:   80 e2 76 32 f9 7f 00 00 90 5e 91 32 f9 7f 00 00
0x00007ff933012bc8:   60 40 91 32 f9 7f 00 00 e0 d0 7f 32 f9 7f 00 00
0x00007ff933012bd8:   a0 e3 76 32 f9 7f 00 00 a0 1c 77 32 f9 7f 00 00
0x00007ff933012be8:   a0 e3 76 32 f9 7f 00 00 40 03 db 32 f9 7f 00 00
0x00007ff933012bf8:   40 c3 7b 32 f9 7f 00 00 10 f7 da 32 f9 7f 00 00
0x00007ff933012c08:   a0 e3 76 32 f9 7f 00 00 60 9e 76 32 f9 7f 00 00
0x00007ff933012c18:   60 9e 76 32 f9 7f 00 00 a0 e3 76 32 f9 7f 00 00
0x00007ff933012c28:   80 6b 81 32 f9 7f 00 00 b0 e5 76 32 f9 7f 00 00
0x00007ff933012c38:   60 d7 7b 32 f9 7f 00 00 70 80 11 33 f9 7f 00 00
0x00007ff933012c48:   90 80 95 32 f9 7f 00 00 b0 f9 7b 32 f9 7f 00 00
0x00007ff933012c58:   d0 c6 7b 32 f9 7f 00 00 a0 1c 77 32 f9 7f 00 00
0x00007ff933012c68:   a0 e3 76 32 f9 7f 00 00 80 62 81 32 f9 7f 00 00
0x00007ff933012c78:   30 54 81 32 f9 7f 00 00 c0 53 91 32 f9 7f 00 00
0x00007ff933012c88:   50 57 91 32 f9 7f 00 00 b0 25 91 32 f9 7f 00 00
0x00007ff933012c98:   e0 d0 7f 32 f9 7f 00 00 90 62 91 32 f9 7f 00 00
0x00007ff933012ca8:   e0 61 91 32 f9 7f 00 00 d0 62 91 32 f9 7f 00 00
0x00007ff933012cb8:   40 03 db 32 f9 7f 00 00 b0 7e 91 32 f9 7f 00 00
0x00007ff933012cc8:   f0 62 91 32 f9 7f 00 00 a0 e3 76 32 f9 7f 00 00
0x00007ff933012cd8:   60 9e 76 32 f9 7f 00 00 60 9e 76 32 f9 7f 00 00
0x00007ff933012ce8:   a0 e3 76 32 f9 7f 00 00 70 6b 81 32 f9 7f 00 00
0x00007ff933012cf8:   b0 e5 76 32 f9 7f 00 00 60 d7 7b 32 f9 7f 00 00
0x00007ff933012d08:   20 81 11 33 f9 7f 00 00 40 3b 7c 32 f9 7f 00 00
0x00007ff933012d18:   e0 3e 7c 32 f9 7f 00 00 a0 1c 77 32 f9 7f 00 00
0x00007ff933012d28:   d0 c6 7b 32 f9 7f 00 00 c0 62 81 32 f9 7f 00 00
0x00007ff933012d38:   00 f4 d9 32 f9 7f 00 00 00 ff ce 32 f9 7f 00 00 


Stack slot to memory mapping:
stack at sp + 0 slots: 0x00007ff932df665b jvm.dll
stack at sp + 1 slots: 0x00000025d00fa900 is pointing into the stack for thread: 0x000001d0c131d1c0
stack at sp + 2 slots: 0x000001d0ffffffff is an unknown value
stack at sp + 3 slots: 0x000001d0c1d10820 points into unknown readable memory: 0x00007ff93303f590 | 90 f5 03 33 f9 7f 00 00
stack at sp + 4 slots: 0x000001d0c1d10820 points into unknown readable memory: 0x00007ff93303f590 | 90 f5 03 33 f9 7f 00 00
stack at sp + 5 slots: 0x000001d0c1009258 points into unknown readable memory: 0x8000000800000001 | 01 00 00 00 08 00 00 80
stack at sp + 6 slots: 0x0000000000048200 is an unknown value
stack at sp + 7 slots: 0x0 is NULL


---------------  P R O C E S S  ---------------

Threads class SMR info:
_java_thread_list=0x000001d0c3080660, length=16, elements={
0x000001d09df96120, 0x000001d0bf9c7160, 0x000001d0bf9c7c20, 0x000001d0bf9d81c0,
0x000001d0bf9d8a80, 0x000001d0bf9db750, 0x000001d0bf9e6030, 0x000001d0bfa0a5f0,
0x000001d0bfa0afa0, 0x000001d0bfa0b8a0, 0x000001d0bf9ae720, 0x000001d0c05f82b0,
0x000001d0c057b2c0, 0x000001d0c06a81a0, 0x000001d0c131d1c0, 0x000001d0c1964bb0
}

Java Threads: ( => current thread )
  0x000001d09df96120 JavaThread "main" [_thread_in_Java, id=23940, stack(0x00000025ceb00000,0x00000025cec00000)]
  0x000001d0bf9c7160 JavaThread "Reference Handler" daemon [_thread_blocked, id=23100, stack(0x00000025cf200000,0x00000025cf300000)]
  0x000001d0bf9c7c20 JavaThread "Finalizer" daemon [_thread_blocked, id=7316, stack(0x00000025cf300000,0x00000025cf400000)]
  0x000001d0bf9d81c0 JavaThread "Signal Dispatcher" daemon [_thread_blocked, id=18916, stack(0x00000025cf400000,0x00000025cf500000)]
  0x000001d0bf9d8a80 JavaThread "Attach Listener" daemon [_thread_blocked, id=20112, stack(0x00000025cf500000,0x00000025cf600000)]
  0x000001d0bf9db750 JavaThread "Service Thread" daemon [_thread_blocked, id=22108, stack(0x00000025cf600000,0x00000025cf700000)]
  0x000001d0bf9e6030 JavaThread "Monitor Deflation Thread" daemon [_thread_blocked, id=15020, stack(0x00000025cf700000,0x00000025cf800000)]
  0x000001d0bfa0a5f0 JavaThread "C2 CompilerThread0" daemon [_thread_blocked, id=25212, stack(0x00000025cf800000,0x00000025cf900000)]
  0x000001d0bfa0afa0 JavaThread "C1 CompilerThread0" daemon [_thread_blocked, id=1880, stack(0x00000025cf900000,0x00000025cfa00000)]
  0x000001d0bfa0b8a0 JavaThread "Sweeper thread" daemon [_thread_blocked, id=2912, stack(0x00000025cfa00000,0x00000025cfb00000)]
  0x000001d0bf9ae720 JavaThread "Common-Cleaner" daemon [_thread_blocked, id=14556, stack(0x00000025cfb00000,0x00000025cfc00000)]
  0x000001d0c05f82b0 JavaThread "Monitor Ctrl-Break" daemon [_thread_in_native, id=17568, stack(0x00000025cfc00000,0x00000025cfd00000)]
  0x000001d0c057b2c0 JavaThread "Notification Thread" daemon [_thread_blocked, id=8164, stack(0x00000025cfd00000,0x00000025cfe00000)]
  0x000001d0c06a81a0 JavaThread "C2 CompilerThread1" daemon [_thread_blocked, id=24964, stack(0x00000025cff00000,0x00000025d0000000)]
=>0x000001d0c131d1c0 JavaThread "C2 CompilerThread2" daemon [_thread_in_native, id=4576, stack(0x00000025d0000000,0x00000025d0100000)]
  0x000001d0c1964bb0 JavaThread "background-preinit" [_thread_in_Java, id=14128, stack(0x00000025d0800000,0x00000025d0900000)]

Other Threads:
  0x000001d0bf9bef80 VMThread "VM Thread" [stack: 0x00000025cf100000,0x00000025cf200000] [id=24000]
  0x000001d0c057bfa0 WatcherThread [stack: 0x00000025cfe00000,0x00000025cff00000] [id=18200]
  0x000001d09dfdf3a0 GCTaskThread "GC Thread#0" [stack: 0x00000025cec00000,0x00000025ced00000] [id=17996]
  0x000001d0c14f9690 GCTaskThread "GC Thread#1" [stack: 0x00000025d0100000,0x00000025d0200000] [id=2040]
  0x000001d0c14f9940 GCTaskThread "GC Thread#2" [stack: 0x00000025d0200000,0x00000025d0300000] [id=10316]
  0x000001d0c0dbc7e0 GCTaskThread "GC Thread#3" [stack: 0x00000025d0300000,0x00000025d0400000] [id=10204]
  0x000001d0c0dbca90 GCTaskThread "GC Thread#4" [stack: 0x00000025d0400000,0x00000025d0500000] [id=24264]
  0x000001d0c19bfcd0 GCTaskThread "GC Thread#5" [stack: 0x00000025d0500000,0x00000025d0600000] [id=13620]
  0x000001d0c0eecdd0 GCTaskThread "GC Thread#6" [stack: 0x00000025d0600000,0x00000025d0700000] [id=9100]
  0x000001d0c315a850 GCTaskThread "GC Thread#7" [stack: 0x00000025d0700000,0x00000025d0800000] [id=24860]
  0x000001d09dfee1f0 ConcurrentGCThread "G1 Main Marker" [stack: 0x00000025ced00000,0x00000025cee00000] [id=21608]
  0x000001d09dfeec00 ConcurrentGCThread "G1 Conc#0" [stack: 0x00000025cee00000,0x00000025cef00000] [id=21376]
  0x000001d09e048f70 ConcurrentGCThread "G1 Refine#0" [stack: 0x00000025cef00000,0x00000025cf000000] [id=23296]
  0x000001d09e049830 ConcurrentGCThread "G1 Service" [stack: 0x00000025cf000000,0x00000025cf100000] [id=2320]

Threads with active compile tasks:
C2 CompilerThread2     3142 2297       4       jdk.internal.org.objectweb.asm.SymbolTable::addConstantMemberReference (147 bytes)

VM state: not at safepoint (normal execution)

VM Mutex/Monitor currently owned by a thread: None

Heap address: 0x0000000720e00000, size: 3570 MB, Compressed Oops mode: Zero based, Oop shift amount: 3

CDS archive(s) mapped at: [0x0000000800000000-0x0000000800bc0000-0x0000000800bc0000), size 12320768, SharedBaseAddress: 0x0000000800000000, ArchiveRelocationMode: 0.
Compressed class space mapped at: 0x0000000800c00000-0x0000000840c00000, reserved size: 1073741824
Narrow klass base: 0x0000000800000000, Narrow klass shift: 0, Narrow klass range: 0x100000000

GC Precious Log:
 CPUs: 8 total, 8 available
 Memory: 14272M
 Large Page Support: Disabled
 NUMA Support: Disabled
 Compressed Oops: Enabled (Zero based)
 Heap Region Size: 2M
 Heap Min Capacity: 8M
 Heap Initial Capacity: 224M
 Heap Max Capacity: 3570M
 Pre-touch: Disabled
 Parallel Workers: 8
 Concurrent Workers: 2
 Concurrent Refinement Workers: 8
 Periodic GC: Disabled

Heap:
 garbage-first heap   total 229376K, used 48174K [0x0000000720e00000, 0x0000000800000000)
  region size 2048K, 21 young (43008K), 1 survivors (2048K)
 Metaspace       used 19202K, committed 19520K, reserved 1073152K
  class space    used 2474K, committed 2624K, reserved 1048576K

Heap Regions: E=young(eden), S=young(survivor), O=old, HS=humongous(starts), HC=humongous(continues), CS=collection set, F=free, OA=open archive, CA=closed archive, TAMS=top-at-mark-start (previous, next)
|   0|0x0000000720e00000, 0x0000000721000000, 0x0000000721000000|100%| O|  |TAMS 0x0000000720e00000, 0x0000000720e00000| Untracked 
|   1|0x0000000721000000, 0x0000000721200000, 0x0000000721200000|100%| O|  |TAMS 0x0000000721000000, 0x0000000721000000| Untracked 
|   2|0x0000000721200000, 0x0000000721400000, 0x0000000721400000|100%| O|  |TAMS 0x0000000721200000, 0x0000000721200000| Untracked 
|   3|0x0000000721400000, 0x000000072150ba00, 0x0000000721600000| 52%| O|  |TAMS 0x0000000721400000, 0x0000000721400000| Untracked 
|   4|0x0000000721600000, 0x0000000721600000, 0x0000000721800000|  0%| F|  |TAMS 0x0000000721600000, 0x0000000721600000| Untracked 
|   5|0x0000000721800000, 0x0000000721800000, 0x0000000721a00000|  0%| F|  |TAMS 0x0000000721800000, 0x0000000721800000| Untracked 
|   6|0x0000000721a00000, 0x0000000721a00000, 0x0000000721c00000|  0%| F|  |TAMS 0x0000000721a00000, 0x0000000721a00000| Untracked 
|   7|0x0000000721c00000, 0x0000000721c00000, 0x0000000721e00000|  0%| F|  |TAMS 0x0000000721c00000, 0x0000000721c00000| Untracked 
|   8|0x0000000721e00000, 0x0000000721e00000, 0x0000000722000000|  0%| F|  |TAMS 0x0000000721e00000, 0x0000000721e00000| Untracked 
|   9|0x0000000722000000, 0x0000000722000000, 0x0000000722200000|  0%| F|  |TAMS 0x0000000722000000, 0x0000000722000000| Untracked 
|  10|0x0000000722200000, 0x0000000722200000, 0x0000000722400000|  0%| F|  |TAMS 0x0000000722200000, 0x0000000722200000| Untracked 
|  11|0x0000000722400000, 0x0000000722400000, 0x0000000722600000|  0%| F|  |TAMS 0x0000000722400000, 0x0000000722400000| Untracked 
|  12|0x0000000722600000, 0x0000000722600000, 0x0000000722800000|  0%| F|  |TAMS 0x0000000722600000, 0x0000000722600000| Untracked 
|  13|0x0000000722800000, 0x0000000722800000, 0x0000000722a00000|  0%| F|  |TAMS 0x0000000722800000, 0x0000000722800000| Untracked 
|  14|0x0000000722a00000, 0x0000000722a00000, 0x0000000722c00000|  0%| F|  |TAMS 0x0000000722a00000, 0x0000000722a00000| Untracked 
|  15|0x0000000722c00000, 0x0000000722c00000, 0x0000000722e00000|  0%| F|  |TAMS 0x0000000722c00000, 0x0000000722c00000| Untracked 
|  16|0x0000000722e00000, 0x0000000722e00000, 0x0000000723000000|  0%| F|  |TAMS 0x0000000722e00000, 0x0000000722e00000| Untracked 
|  17|0x0000000723000000, 0x0000000723000000, 0x0000000723200000|  0%| F|  |TAMS 0x0000000723000000, 0x0000000723000000| Untracked 
|  18|0x0000000723200000, 0x0000000723200000, 0x0000000723400000|  0%| F|  |TAMS 0x0000000723200000, 0x0000000723200000| Untracked 
|  19|0x0000000723400000, 0x0000000723400000, 0x0000000723600000|  0%| F|  |TAMS 0x0000000723400000, 0x0000000723400000| Untracked 
|  20|0x0000000723600000, 0x0000000723600000, 0x0000000723800000|  0%| F|  |TAMS 0x0000000723600000, 0x0000000723600000| Untracked 
|  21|0x0000000723800000, 0x0000000723800000, 0x0000000723a00000|  0%| F|  |TAMS 0x0000000723800000, 0x0000000723800000| Untracked 
|  22|0x0000000723a00000, 0x0000000723a00000, 0x0000000723c00000|  0%| F|  |TAMS 0x0000000723a00000, 0x0000000723a00000| Untracked 
|  23|0x0000000723c00000, 0x0000000723c00000, 0x0000000723e00000|  0%| F|  |TAMS 0x0000000723c00000, 0x0000000723c00000| Untracked 
|  24|0x0000000723e00000, 0x0000000723e00000, 0x0000000724000000|  0%| F|  |TAMS 0x0000000723e00000, 0x0000000723e00000| Untracked 
|  25|0x0000000724000000, 0x0000000724000000, 0x0000000724200000|  0%| F|  |TAMS 0x0000000724000000, 0x0000000724000000| Untracked 
|  26|0x0000000724200000, 0x0000000724200000, 0x0000000724400000|  0%| F|  |TAMS 0x0000000724200000, 0x0000000724200000| Untracked 
|  27|0x0000000724400000, 0x0000000724400000, 0x0000000724600000|  0%| F|  |TAMS 0x0000000724400000, 0x0000000724400000| Untracked 
|  28|0x0000000724600000, 0x0000000724600000, 0x0000000724800000|  0%| F|  |TAMS 0x0000000724600000, 0x0000000724600000| Untracked 
|  29|0x0000000724800000, 0x0000000724800000, 0x0000000724a00000|  0%| F|  |TAMS 0x0000000724800000, 0x0000000724800000| Untracked 
|  30|0x0000000724a00000, 0x0000000724a00000, 0x0000000724c00000|  0%| F|  |TAMS 0x0000000724a00000, 0x0000000724a00000| Untracked 
|  31|0x0000000724c00000, 0x0000000724c00000, 0x0000000724e00000|  0%| F|  |TAMS 0x0000000724c00000, 0x0000000724c00000| Untracked 
|  32|0x0000000724e00000, 0x0000000724e00000, 0x0000000725000000|  0%| F|  |TAMS 0x0000000724e00000, 0x0000000724e00000| Untracked 
|  33|0x0000000725000000, 0x0000000725000000, 0x0000000725200000|  0%| F|  |TAMS 0x0000000725000000, 0x0000000725000000| Untracked 
|  34|0x0000000725200000, 0x0000000725200000, 0x0000000725400000|  0%| F|  |TAMS 0x0000000725200000, 0x0000000725200000| Untracked 
|  35|0x0000000725400000, 0x0000000725400000, 0x0000000725600000|  0%| F|  |TAMS 0x0000000725400000, 0x0000000725400000| Untracked 
|  36|0x0000000725600000, 0x0000000725600000, 0x0000000725800000|  0%| F|  |TAMS 0x0000000725600000, 0x0000000725600000| Untracked 
|  37|0x0000000725800000, 0x0000000725800000, 0x0000000725a00000|  0%| F|  |TAMS 0x0000000725800000, 0x0000000725800000| Untracked 
|  38|0x0000000725a00000, 0x0000000725a00000, 0x0000000725c00000|  0%| F|  |TAMS 0x0000000725a00000, 0x0000000725a00000| Untracked 
|  39|0x0000000725c00000, 0x0000000725c00000, 0x0000000725e00000|  0%| F|  |TAMS 0x0000000725c00000, 0x0000000725c00000| Untracked 
|  40|0x0000000725e00000, 0x0000000725e00000, 0x0000000726000000|  0%| F|  |TAMS 0x0000000725e00000, 0x0000000725e00000| Untracked 
|  41|0x0000000726000000, 0x0000000726000000, 0x0000000726200000|  0%| F|  |TAMS 0x0000000726000000, 0x0000000726000000| Untracked 
|  42|0x0000000726200000, 0x0000000726200000, 0x0000000726400000|  0%| F|  |TAMS 0x0000000726200000, 0x0000000726200000| Untracked 
|  43|0x0000000726400000, 0x0000000726400000, 0x0000000726600000|  0%| F|  |TAMS 0x0000000726400000, 0x0000000726400000| Untracked 
|  44|0x0000000726600000, 0x0000000726600000, 0x0000000726800000|  0%| F|  |TAMS 0x0000000726600000, 0x0000000726600000| Untracked 
|  45|0x0000000726800000, 0x0000000726800000, 0x0000000726a00000|  0%| F|  |TAMS 0x0000000726800000, 0x0000000726800000| Untracked 
|  46|0x0000000726a00000, 0x0000000726a00000, 0x0000000726c00000|  0%| F|  |TAMS 0x0000000726a00000, 0x0000000726a00000| Untracked 
|  47|0x0000000726c00000, 0x0000000726c00000, 0x0000000726e00000|  0%| F|  |TAMS 0x0000000726c00000, 0x0000000726c00000| Untracked 
|  48|0x0000000726e00000, 0x0000000726e00000, 0x0000000727000000|  0%| F|  |TAMS 0x0000000726e00000, 0x0000000726e00000| Untracked 
|  49|0x0000000727000000, 0x0000000727000000, 0x0000000727200000|  0%| F|  |TAMS 0x0000000727000000, 0x0000000727000000| Untracked 
|  50|0x0000000727200000, 0x0000000727200000, 0x0000000727400000|  0%| F|  |TAMS 0x0000000727200000, 0x0000000727200000| Untracked 
|  51|0x0000000727400000, 0x0000000727400000, 0x0000000727600000|  0%| F|  |TAMS 0x0000000727400000, 0x0000000727400000| Untracked 
|  52|0x0000000727600000, 0x0000000727600000, 0x0000000727800000|  0%| F|  |TAMS 0x0000000727600000, 0x0000000727600000| Untracked 
|  53|0x0000000727800000, 0x0000000727800000, 0x0000000727a00000|  0%| F|  |TAMS 0x0000000727800000, 0x0000000727800000| Untracked 
|  54|0x0000000727a00000, 0x0000000727a00000, 0x0000000727c00000|  0%| F|  |TAMS 0x0000000727a00000, 0x0000000727a00000| Untracked 
|  55|0x0000000727c00000, 0x0000000727c00000, 0x0000000727e00000|  0%| F|  |TAMS 0x0000000727c00000, 0x0000000727c00000| Untracked 
|  56|0x0000000727e00000, 0x0000000727e00000, 0x0000000728000000|  0%| F|  |TAMS 0x0000000727e00000, 0x0000000727e00000| Untracked 
|  57|0x0000000728000000, 0x0000000728000000, 0x0000000728200000|  0%| F|  |TAMS 0x0000000728000000, 0x0000000728000000| Untracked 
|  58|0x0000000728200000, 0x0000000728200000, 0x0000000728400000|  0%| F|  |TAMS 0x0000000728200000, 0x0000000728200000| Untracked 
|  59|0x0000000728400000, 0x0000000728400000, 0x0000000728600000|  0%| F|  |TAMS 0x0000000728400000, 0x0000000728400000| Untracked 
|  60|0x0000000728600000, 0x0000000728600000, 0x0000000728800000|  0%| F|  |TAMS 0x0000000728600000, 0x0000000728600000| Untracked 
|  61|0x0000000728800000, 0x0000000728800000, 0x0000000728a00000|  0%| F|  |TAMS 0x0000000728800000, 0x0000000728800000| Untracked 
|  62|0x0000000728a00000, 0x0000000728a00000, 0x0000000728c00000|  0%| F|  |TAMS 0x0000000728a00000, 0x0000000728a00000| Untracked 
|  63|0x0000000728c00000, 0x0000000728c00000, 0x0000000728e00000|  0%| F|  |TAMS 0x0000000728c00000, 0x0000000728c00000| Untracked 
|  64|0x0000000728e00000, 0x0000000728e00000, 0x0000000729000000|  0%| F|  |TAMS 0x0000000728e00000, 0x0000000728e00000| Untracked 
|  65|0x0000000729000000, 0x0000000729000000, 0x0000000729200000|  0%| F|  |TAMS 0x0000000729000000, 0x0000000729000000| Untracked 
|  66|0x0000000729200000, 0x0000000729200000, 0x0000000729400000|  0%| F|  |TAMS 0x0000000729200000, 0x0000000729200000| Untracked 
|  67|0x0000000729400000, 0x0000000729400000, 0x0000000729600000|  0%| F|  |TAMS 0x0000000729400000, 0x0000000729400000| Untracked 
|  68|0x0000000729600000, 0x0000000729600000, 0x0000000729800000|  0%| F|  |TAMS 0x0000000729600000, 0x0000000729600000| Untracked 
|  69|0x0000000729800000, 0x0000000729800000, 0x0000000729a00000|  0%| F|  |TAMS 0x0000000729800000, 0x0000000729800000| Untracked 
|  70|0x0000000729a00000, 0x0000000729a00000, 0x0000000729c00000|  0%| F|  |TAMS 0x0000000729a00000, 0x0000000729a00000| Untracked 
|  71|0x0000000729c00000, 0x0000000729c00000, 0x0000000729e00000|  0%| F|  |TAMS 0x0000000729c00000, 0x0000000729c00000| Untracked 
|  72|0x0000000729e00000, 0x0000000729e00000, 0x000000072a000000|  0%| F|  |TAMS 0x0000000729e00000, 0x0000000729e00000| Untracked 
|  73|0x000000072a000000, 0x000000072a000000, 0x000000072a200000|  0%| F|  |TAMS 0x000000072a000000, 0x000000072a000000| Untracked 
|  74|0x000000072a200000, 0x000000072a200000, 0x000000072a400000|  0%| F|  |TAMS 0x000000072a200000, 0x000000072a200000| Untracked 
|  75|0x000000072a400000, 0x000000072a400000, 0x000000072a600000|  0%| F|  |TAMS 0x000000072a400000, 0x000000072a400000| Untracked 
|  76|0x000000072a600000, 0x000000072a600000, 0x000000072a800000|  0%| F|  |TAMS 0x000000072a600000, 0x000000072a600000| Untracked 
|  77|0x000000072a800000, 0x000000072a800000, 0x000000072aa00000|  0%| F|  |TAMS 0x000000072a800000, 0x000000072a800000| Untracked 
|  78|0x000000072aa00000, 0x000000072aa00000, 0x000000072ac00000|  0%| F|  |TAMS 0x000000072aa00000, 0x000000072aa00000| Untracked 
|  79|0x000000072ac00000, 0x000000072ac00000, 0x000000072ae00000|  0%| F|  |TAMS 0x000000072ac00000, 0x000000072ac00000| Untracked 
|  80|0x000000072ae00000, 0x000000072ae00000, 0x000000072b000000|  0%| F|  |TAMS 0x000000072ae00000, 0x000000072ae00000| Untracked 
|  81|0x000000072b000000, 0x000000072b000000, 0x000000072b200000|  0%| F|  |TAMS 0x000000072b000000, 0x000000072b000000| Untracked 
|  82|0x000000072b200000, 0x000000072b200000, 0x000000072b400000|  0%| F|  |TAMS 0x000000072b200000, 0x000000072b200000| Untracked 
|  83|0x000000072b400000, 0x000000072b400000, 0x000000072b600000|  0%| F|  |TAMS 0x000000072b400000, 0x000000072b400000| Untracked 
|  84|0x000000072b600000, 0x000000072b600000, 0x000000072b800000|  0%| F|  |TAMS 0x000000072b600000, 0x000000072b600000| Untracked 
|  85|0x000000072b800000, 0x000000072b800000, 0x000000072ba00000|  0%| F|  |TAMS 0x000000072b800000, 0x000000072b800000| Untracked 
|  86|0x000000072ba00000, 0x000000072ba00000, 0x000000072bc00000|  0%| F|  |TAMS 0x000000072ba00000, 0x000000072ba00000| Untracked 
|  87|0x000000072bc00000, 0x000000072bc00000, 0x000000072be00000|  0%| F|  |TAMS 0x000000072bc00000, 0x000000072bc00000| Untracked 
|  88|0x000000072be00000, 0x000000072be00000, 0x000000072c000000|  0%| F|  |TAMS 0x000000072be00000, 0x000000072be00000| Untracked 
|  89|0x000000072c000000, 0x000000072c000000, 0x000000072c200000|  0%| F|  |TAMS 0x000000072c000000, 0x000000072c000000| Untracked 
|  90|0x000000072c200000, 0x000000072c200000, 0x000000072c400000|  0%| F|  |TAMS 0x000000072c200000, 0x000000072c200000| Untracked 
|  91|0x000000072c400000, 0x000000072c5c51f0, 0x000000072c600000| 88%| E|  |TAMS 0x000000072c400000, 0x000000072c400000| Complete 
|  92|0x000000072c600000, 0x000000072c800000, 0x000000072c800000|100%| E|CS|TAMS 0x000000072c600000, 0x000000072c600000| Complete 
|  93|0x000000072c800000, 0x000000072ca00000, 0x000000072ca00000|100%| E|CS|TAMS 0x000000072c800000, 0x000000072c800000| Complete 
|  94|0x000000072ca00000, 0x000000072cc00000, 0x000000072cc00000|100%| E|CS|TAMS 0x000000072ca00000, 0x000000072ca00000| Complete 
|  95|0x000000072cc00000, 0x000000072ce00000, 0x000000072ce00000|100%| E|CS|TAMS 0x000000072cc00000, 0x000000072cc00000| Complete 
|  96|0x000000072ce00000, 0x000000072d000000, 0x000000072d000000|100%| E|CS|TAMS 0x000000072ce00000, 0x000000072ce00000| Complete 
|  97|0x000000072d000000, 0x000000072d200000, 0x000000072d200000|100%| S|CS|TAMS 0x000000072d000000, 0x000000072d000000| Complete 
|  98|0x000000072d200000, 0x000000072d400000, 0x000000072d400000|100%| E|CS|TAMS 0x000000072d200000, 0x000000072d200000| Complete 
|  99|0x000000072d400000, 0x000000072d600000, 0x000000072d600000|100%| E|CS|TAMS 0x000000072d400000, 0x000000072d400000| Complete 
| 100|0x000000072d600000, 0x000000072d800000, 0x000000072d800000|100%| E|CS|TAMS 0x000000072d600000, 0x000000072d600000| Complete 
| 101|0x000000072d800000, 0x000000072da00000, 0x000000072da00000|100%| E|CS|TAMS 0x000000072d800000, 0x000000072d800000| Complete 
| 102|0x000000072da00000, 0x000000072dc00000, 0x000000072dc00000|100%| E|CS|TAMS 0x000000072da00000, 0x000000072da00000| Complete 
| 103|0x000000072dc00000, 0x000000072de00000, 0x000000072de00000|100%| E|CS|TAMS 0x000000072dc00000, 0x000000072dc00000| Complete 
| 104|0x000000072de00000, 0x000000072e000000, 0x000000072e000000|100%| E|CS|TAMS 0x000000072de00000, 0x000000072de00000| Complete 
| 105|0x000000072e000000, 0x000000072e200000, 0x000000072e200000|100%| E|CS|TAMS 0x000000072e000000, 0x000000072e000000| Complete 
| 106|0x000000072e200000, 0x000000072e400000, 0x000000072e400000|100%| E|CS|TAMS 0x000000072e200000, 0x000000072e200000| Complete 
| 107|0x000000072e400000, 0x000000072e600000, 0x000000072e600000|100%| E|CS|TAMS 0x000000072e400000, 0x000000072e400000| Complete 
| 108|0x000000072e600000, 0x000000072e800000, 0x000000072e800000|100%| E|CS|TAMS 0x000000072e600000, 0x000000072e600000| Complete 
| 109|0x000000072e800000, 0x000000072ea00000, 0x000000072ea00000|100%| E|CS|TAMS 0x000000072e800000, 0x000000072e800000| Complete 
| 110|0x000000072ea00000, 0x000000072ec00000, 0x000000072ec00000|100%| E|CS|TAMS 0x000000072ea00000, 0x000000072ea00000| Complete 
| 111|0x000000072ec00000, 0x000000072ee00000, 0x000000072ee00000|100%| E|CS|TAMS 0x000000072ec00000, 0x000000072ec00000| Complete 

Card table byte_map: [0x000001d0b5200000,0x000001d0b5900000] _byte_map_base: 0x000001d0b18f9000

Marking Bits (Prev, Next): (CMBitMap*) 0x000001d09dfdf9b0, (CMBitMap*) 0x000001d09dfdf9f0
 Prev Bits: [0x000001d0b6000000, 0x000001d0b97c8000)
 Next Bits: [0x000001d0b97d0000, 0x000001d0bcf98000)

Polling page: 0x000001d09beb0000

Metaspace:

Usage:
  Non-class:     16.36 MB used.
      Class:      2.42 MB used.
       Both:     18.78 MB used.

Virtual space:
  Non-class space:       24.00 MB reserved,      16.50 MB ( 69%) committed,  3 nodes.
      Class space:        1.00 GB reserved,       2.56 MB ( <1%) committed,  1 nodes.
             Both:        1.02 GB reserved,      19.06 MB (  2%) committed. 

Chunk freelists:
   Non-Class:  3.52 MB
       Class:  1.33 MB
        Both:  4.84 MB

MaxMetaspaceSize: unlimited
CompressedClassSpaceSize: 1.00 GB
Initial GC threshold: 21.00 MB
Current GC threshold: 21.00 MB
CDS: on
MetaspaceReclaimPolicy: balanced
 - commit_granule_bytes: 65536.
 - commit_granule_words: 8192.
 - virtual_space_node_default_size: 1048576.
 - enlarge_chunks_in_place: 1.
 - new_chunks_are_fully_committed: 0.
 - uncommit_free_chunks: 1.
 - use_allocation_guard: 0.
 - handle_deallocations: 1.


Internal statistics:

num_allocs_failed_limit: 0.
num_arena_births: 230.
num_arena_deaths: 0.
num_vsnodes_births: 4.
num_vsnodes_deaths: 0.
num_space_committed: 305.
num_space_uncommitted: 0.
num_chunks_returned_to_freelist: 0.
num_chunks_taken_from_freelist: 879.
num_chunk_merges: 0.
num_chunk_splits: 597.
num_chunks_enlarged: 474.
num_purges: 0.
num_inconsistent_stats: 0.

CodeHeap 'non-profiled nmethods': size=120000Kb used=1092Kb max_used=1092Kb free=118907Kb
 bounds [0x000001d0ad2a0000, 0x000001d0ad510000, 0x000001d0b47d0000]
CodeHeap 'profiled nmethods': size=120000Kb used=4928Kb max_used=4928Kb free=115071Kb
 bounds [0x000001d0a5d70000, 0x000001d0a6250000, 0x000001d0ad2a0000]
CodeHeap 'non-nmethods': size=5760Kb used=1200Kb max_used=1237Kb free=4560Kb
 bounds [0x000001d0a57d0000, 0x000001d0a5a40000, 0x000001d0a5d70000]
 total_blobs=2920 nmethods=2425 adapters=407
 compilation: enabled
              stopped_count=0, restarted_count=0
 full_count=0

Compilation events (20 events):
Event: 3.088 Thread 0x000001d0bfa0afa0 2380       3       org.springframework.core.annotation.MergedAnnotations::of (5 bytes)
Event: 3.088 Thread 0x000001d0c06a81a0 nmethod 2371 0x000001d0ad3aa110 code [0x000001d0ad3aa2a0, 0x000001d0ad3aaa38]
Event: 3.089 Thread 0x000001d0c06a81a0 2373       4       org.springframework.asm.ClassReader::readInt (52 bytes)
Event: 3.089 Thread 0x000001d0bfa0afa0 nmethod 2380 0x000001d0a6225210 code [0x000001d0a6225400, 0x000001d0a6225848]
Event: 3.089 Thread 0x000001d0bfa0afa0 2382       3       org.springframework.core.annotation.TypeMappedAnnotations::isPresent (39 bytes)
Event: 3.089 Thread 0x000001d0bfa0a5f0 nmethod 2313 0x000001d0ad3aae10 code [0x000001d0ad3ab0a0, 0x000001d0ad3acf90]
Event: 3.089 Thread 0x000001d0bfa0afa0 nmethod 2382 0x000001d0a6225a10 code [0x000001d0a6225c00, 0x000001d0a6226208]
Event: 3.089 Thread 0x000001d0bfa0afa0 2381       3       org.springframework.core.annotation.MergedAnnotationsCollection::of (28 bytes)
Event: 3.090 Thread 0x000001d0bfa0afa0 nmethod 2381 0x000001d0a6226390 code [0x000001d0a6226580, 0x000001d0a62269a8]
Event: 3.090 Thread 0x000001d0bfa0afa0 2383       1       org.springframework.core.type.classreading.SimpleAnnotationMetadata::getAnnotations (5 bytes)
Event: 3.090 Thread 0x000001d0bfa0afa0 nmethod 2383 0x000001d0ad3ae310 code [0x000001d0ad3ae4a0, 0x000001d0ad3ae578]
Event: 3.090 Thread 0x000001d0bfa0afa0 2384       1       java.nio.Buffer::capacity (5 bytes)
Event: 3.092 Thread 0x000001d0bfa0afa0 nmethod 2384 0x000001d0ad3ae610 code [0x000001d0ad3ae7a0, 0x000001d0ad3ae878]
Event: 3.092 Thread 0x000001d0bfa0afa0 2385       3       org.springframework.core.type.classreading.SimpleMethodMetadata::hashCode (8 bytes)
Event: 3.092 Thread 0x000001d0bfa0afa0 nmethod 2385 0x000001d0a6226b10 code [0x000001d0a6226cc0, 0x000001d0a6226ea8]
Event: 3.092 Thread 0x000001d0bfa0afa0 2386       3       org.springframework.core.type.classreading.SimpleMethodMetadataReadingVisitor$Source::hashCode (43 bytes)
Event: 3.092 Thread 0x000001d0c06a81a0 nmethod 2373 0x000001d0ad3ae910 code [0x000001d0ad3aea80, 0x000001d0ad3aeb98]
Event: 3.093 Thread 0x000001d0bfa0afa0 nmethod 2386 0x000001d0a6226f90 code [0x000001d0a6227160, 0x000001d0a6227368]
Event: 3.093 Thread 0x000001d0bfa0afa0 2387       3       java.lang.String::toCharArray (25 bytes)
Event: 3.093 Thread 0x000001d0bfa0afa0 nmethod 2387 0x000001d0a6227490 code [0x000001d0a6227660, 0x000001d0a6227918]

GC Heap History (4 events):
Event: 1.188 GC heap before
{Heap before GC invocations=0 (full 0):
 garbage-first heap   total 229376K, used 20480K [0x0000000720e00000, 0x0000000800000000)
  region size 2048K, 11 young (22528K), 0 survivors (0K)
 Metaspace       used 4373K, committed 4480K, reserved 1056768K
  class space    used 510K, committed 576K, reserved 1048576K
}
Event: 1.193 GC heap after
{Heap after GC invocations=1 (full 0):
 garbage-first heap   total 229376K, used 7094K [0x0000000720e00000, 0x0000000800000000)
  region size 2048K, 2 young (4096K), 2 survivors (4096K)
 Metaspace       used 4373K, committed 4480K, reserved 1056768K
  class space    used 510K, committed 576K, reserved 1048576K
}
Event: 2.288 GC heap before
{Heap before GC invocations=1 (full 0):
 garbage-first heap   total 229376K, used 31670K [0x0000000720e00000, 0x0000000800000000)
  region size 2048K, 14 young (28672K), 2 survivors (4096K)
 Metaspace       used 10626K, committed 10880K, reserved 1064960K
  class space    used 1336K, committed 1472K, reserved 1048576K
}
Event: 2.294 GC heap after
{Heap after GC invocations=2 (full 0):
 garbage-first heap   total 229376K, used 9262K [0x0000000720e00000, 0x0000000800000000)
  region size 2048K, 1 young (2048K), 1 survivors (2048K)
 Metaspace       used 10626K, committed 10880K, reserved 1064960K
  class space    used 1336K, committed 1472K, reserved 1048576K
}

Deoptimization events (20 events):
Event: 2.897 Thread 0x000001d09df96120 Uncommon trap: trap_request=0xffffff45 fr.pc=0x000001d0ad346c28 relative=0x0000000000005c48
Event: 2.897 Thread 0x000001d09df96120 Uncommon trap: reason=unstable_if action=reinterpret pc=0x000001d0ad346c28 method=jdk.internal.org.objectweb.asm.SymbolTable.addType(Ljava/lang/String;)I @ 33 c2
Event: 2.897 Thread 0x000001d09df96120 DEOPT PACKING pc=0x000001d0ad346c28 sp=0x00000025cebfb6c0
Event: 2.897 Thread 0x000001d09df96120 DEOPT UNPACKING pc=0x000001d0a58223a3 sp=0x00000025cebfb5e8 mode 2
Event: 2.913 Thread 0x000001d0c1964bb0 Uncommon trap: trap_request=0xffffff45 fr.pc=0x000001d0ad2b6db4 relative=0x0000000000000414
Event: 2.913 Thread 0x000001d0c1964bb0 Uncommon trap: reason=unstable_if action=reinterpret pc=0x000001d0ad2b6db4 method=java.lang.StringLatin1.canEncode(I)Z @ 4 c2
Event: 2.913 Thread 0x000001d0c1964bb0 DEOPT PACKING pc=0x000001d0ad2b6db4 sp=0x00000025d08fd7f0
Event: 2.913 Thread 0x000001d0c1964bb0 DEOPT UNPACKING pc=0x000001d0a58223a3 sp=0x00000025d08fd718 mode 2
Event: 2.913 Thread 0x000001d0c1964bb0 Uncommon trap: trap_request=0xffffff45 fr.pc=0x000001d0ad2b7794 relative=0x00000000000003f4
Event: 2.913 Thread 0x000001d0c1964bb0 Uncommon trap: reason=unstable_if action=reinterpret pc=0x000001d0ad2b7794 method=java.lang.AbstractStringBuilder.isLatin1()Z @ 10 c2
Event: 2.913 Thread 0x000001d0c1964bb0 DEOPT PACKING pc=0x000001d0ad2b7794 sp=0x00000025d08fd810
Event: 2.913 Thread 0x000001d0c1964bb0 DEOPT UNPACKING pc=0x000001d0a58223a3 sp=0x00000025d08fd790 mode 2
Event: 2.913 Thread 0x000001d0c1964bb0 Uncommon trap: trap_request=0xffffff45 fr.pc=0x000001d0ad37405c relative=0x000000000000005c
Event: 2.913 Thread 0x000001d0c1964bb0 Uncommon trap: reason=unstable_if action=reinterpret pc=0x000001d0ad37405c method=java.lang.AbstractStringBuilder.isLatin1()Z @ 10 c2
Event: 2.913 Thread 0x000001d0c1964bb0 DEOPT PACKING pc=0x000001d0ad37405c sp=0x00000025d08fd7f0
Event: 2.913 Thread 0x000001d0c1964bb0 DEOPT UNPACKING pc=0x000001d0a58223a3 sp=0x00000025d08fd780 mode 2
Event: 2.916 Thread 0x000001d0c1964bb0 Uncommon trap: trap_request=0xffffff45 fr.pc=0x000001d0ad2e4dc8 relative=0x0000000000000048
Event: 2.916 Thread 0x000001d0c1964bb0 Uncommon trap: reason=unstable_if action=reinterpret pc=0x000001d0ad2e4dc8 method=java.lang.CharacterData.of(I)Ljava/lang/CharacterData; @ 4 c2
Event: 2.916 Thread 0x000001d0c1964bb0 DEOPT PACKING pc=0x000001d0ad2e4dc8 sp=0x00000025d08fcf70
Event: 2.916 Thread 0x000001d0c1964bb0 DEOPT UNPACKING pc=0x000001d0a58223a3 sp=0x00000025d08fcf08 mode 2

Classes unloaded (0 events):
No events

Classes redefined (0 events):
No events

Internal exceptions (20 events):
Event: 2.480 Thread 0x000001d09df96120 Exception <a 'java/lang/IncompatibleClassChangeError'{0x000000072e92da08}: Found class java.lang.Object, but interface was expected> (0x000000072e92da08) 
thrown [t:\workspace\open\src\hotspot\share\interpreter\linkResolver.cpp, line 833]
Event: 2.492 Thread 0x000001d09df96120 Exception <a 'sun/nio/fs/WindowsException'{0x000000072e976380}> (0x000000072e976380) 
thrown [t:\workspace\open\src\hotspot\share\prims\jni.cpp, line 516]
Event: 2.538 Thread 0x000001d09df96120 Implicit null exception at 0x000001d0ad2f730f to 0x000001d0ad2f771c
Event: 2.555 Thread 0x000001d09df96120 Exception <a 'java/lang/NoSuchMethodError'{0x000000072e723a90}: 'java.lang.Object java.lang.invoke.DirectMethodHandle$Holder.invokeSpecial(java.lang.Object, java.lang.Object, java.lang.Object, java.lang.Object, java.lang.Object, java.lang.Object, int)'> (0x000000072e723a90) 
thrown [t:\workspace\open\src\hotspot\share\interpreter\linkResolver.cpp, line 766]
Event: 2.555 Thread 0x000001d09df96120 Exception <a 'java/lang/NoSuchMethodError'{0x000000072e72e548}: 'java.lang.Object java.lang.invoke.DirectMethodHandle$Holder.newInvokeSpecial(java.lang.Object, java.lang.Object, java.lang.Object, java.lang.Object, java.lang.Object, java.lang.Object, int)'> (0x000000072e72e548) 
thrown [t:\workspace\open\src\hotspot\share\interpreter\linkResolver.cpp, line 766]
Event: 2.556 Thread 0x000001d09df96120 Exception <a 'java/lang/NoSuchMethodError'{0x000000072e733ad8}: 'java.lang.Object java.lang.invoke.DirectMethodHandle$Holder.invokeSpecial(java.lang.Object, java.lang.Object, java.lang.Object, java.lang.Object, java.lang.Object, java.lang.Object, java.lang.Object, int)'> (0x000000072e733ad8) 
thrown [t:\workspace\open\src\hotspot\share\interpreter\linkResolver.cpp, line 766]
Event: 2.596 Thread 0x000001d09df96120 Exception <a 'java/lang/NoSuchMethodError'{0x000000072e47d5c0}: 'void java.lang.invoke.DirectMethodHandle$Holder.invokeStatic(java.lang.Object, java.lang.Object, java.lang.Object, java.lang.Object, java.lang.Object, java.lang.Object)'> (0x000000072e47d5c0) 
thrown [t:\workspace\open\src\hotspot\share\interpreter\linkResolver.cpp, line 766]
Event: 2.629 Thread 0x000001d09df96120 Exception <a 'java/lang/NoSuchMethodError'{0x000000072e55f990}: 'java.lang.Object java.lang.invoke.DirectMethodHandle$Holder.invokeSpecial(java.lang.Object, java.lang.Object, java.lang.Object, int, java.lang.Object)'> (0x000000072e55f990) 
thrown [t:\workspace\open\src\hotspot\share\interpreter\linkResolver.cpp, line 766]
Event: 2.630 Thread 0x000001d09df96120 Exception <a 'java/lang/NoSuchMethodError'{0x000000072e568448}: 'java.lang.Object java.lang.invoke.DirectMethodHandle$Holder.newInvokeSpecial(java.lang.Object, java.lang.Object, java.lang.Object, int, java.lang.Object)'> (0x000000072e568448) 
thrown [t:\workspace\open\src\hotspot\share\interpreter\linkResolver.cpp, line 766]
Event: 2.631 Thread 0x000001d09df96120 Exception <a 'java/lang/NoSuchMethodError'{0x000000072e570368}: 'java.lang.Object java.lang.invoke.Invokers$Holder.linkToTargetMethod(java.lang.Object, java.lang.Object, int, java.lang.Object, java.lang.Object)'> (0x000000072e570368) 
thrown [t:\workspace\open\src\hotspot\share\interpreter\linkResolver.cpp, line 766]
Event: 2.632 Thread 0x000001d09df96120 Exception <a 'java/lang/NoSuchMethodError'{0x000000072e57faf8}: 'java.lang.Object java.lang.invoke.DirectMethodHandle$Holder.newInvokeSpecial(java.lang.Object, int, java.lang.Object)'> (0x000000072e57faf8) 
thrown [t:\workspace\open\src\hotspot\share\interpreter\linkResolver.cpp, line 766]
Event: 2.657 Thread 0x000001d09df96120 Implicit null exception at 0x000001d0ad3790df to 0x000001d0ad37c2b0
Event: 2.692 Thread 0x000001d09df96120 Exception <a 'java/lang/NoSuchMethodError'{0x000000072e33b8d0}: 'java.lang.Object java.lang.invoke.DirectMethodHandle$Holder.invokeStatic(java.lang.Object, java.lang.Object, long, java.lang.Object)'> (0x000000072e33b8d0) 
thrown [t:\workspace\open\src\hotspot\share\interpreter\linkResolver.cpp, line 766]
Event: 2.692 Thread 0x000001d09df96120 Exception <a 'java/lang/NoSuchMethodError'{0x000000072e33f8b8}: 'java.lang.Object java.lang.invoke.DirectMethodHandle$Holder.invokeStaticInit(java.lang.Object, java.lang.Object, long, java.lang.Object)'> (0x000000072e33f8b8) 
thrown [t:\workspace\open\src\hotspot\share\interpreter\linkResolver.cpp, line 766]
Event: 2.692 Thread 0x000001d09df96120 Exception <a 'java/lang/NoSuchMethodError'{0x000000072e346548}: 'java.lang.Object java.lang.invoke.DirectMethodHandle$Holder.newInvokeSpecial(java.lang.Object, java.lang.Object, long)'> (0x000000072e346548) 
thrown [t:\workspace\open\src\hotspot\share\interpreter\linkResolver.cpp, line 766]
Event: 2.693 Thread 0x000001d09df96120 Exception <a 'java/lang/NoSuchMethodError'{0x000000072e34a608}: 'java.lang.Object java.lang.invoke.Invokers$Holder.linkToTargetMethod(java.lang.Object, long, java.lang.Object)'> (0x000000072e34a608) 
thrown [t:\workspace\open\src\hotspot\share\interpreter\linkResolver.cpp, line 766]
Event: 2.765 Thread 0x000001d09df96120 Exception <a 'java/lang/IncompatibleClassChangeError'{0x000000072e14e8c0}: Found class java.lang.Object, but interface was expected> (0x000000072e14e8c0) 
thrown [t:\workspace\open\src\hotspot\share\interpreter\linkResolver.cpp, line 833]
Event: 2.766 Thread 0x000001d0c1964bb0 Exception <a 'java/lang/NoClassDefFoundError'{0x000000072de180e8}: jakarta/validation/Validation> (0x000000072de180e8) 
thrown [t:\workspace\open\src\hotspot\share\classfile\systemDictionary.cpp, line 245]
Event: 3.052 Thread 0x000001d09df96120 Exception <a 'sun/nio/fs/WindowsException'{0x000000072cb722b8}> (0x000000072cb722b8) 
thrown [t:\workspace\open\src\hotspot\share\prims\jni.cpp, line 516]
Event: 3.054 Thread 0x000001d09df96120 Exception <a 'sun/nio/fs/WindowsException'{0x000000072cb788a0}> (0x000000072cb788a0) 
thrown [t:\workspace\open\src\hotspot\share\prims\jni.cpp, line 516]

VM Operations (20 events):
Event: 1.895 Executing VM operation: ICBufferFull
Event: 1.895 Executing VM operation: ICBufferFull done
Event: 1.938 Executing VM operation: HandshakeAllThreads
Event: 1.939 Executing VM operation: HandshakeAllThreads done
Event: 2.101 Executing VM operation: HandshakeAllThreads
Event: 2.101 Executing VM operation: HandshakeAllThreads done
Event: 2.288 Executing VM operation: G1CollectForAllocation
Event: 2.294 Executing VM operation: G1CollectForAllocation done
Event: 2.604 Executing VM operation: HandshakeAllThreads
Event: 2.604 Executing VM operation: HandshakeAllThreads done
Event: 2.750 Executing VM operation: HandshakeAllThreads
Event: 2.750 Executing VM operation: HandshakeAllThreads done
Event: 2.816 Executing VM operation: ICBufferFull
Event: 2.817 Executing VM operation: ICBufferFull done
Event: 2.916 Executing VM operation: HandshakeAllThreads
Event: 2.916 Executing VM operation: HandshakeAllThreads done
Event: 2.942 Executing VM operation: HandshakeAllThreads
Event: 2.942 Executing VM operation: HandshakeAllThreads done
Event: 3.006 Executing VM operation: HandshakeAllThreads
Event: 3.006 Executing VM operation: HandshakeAllThreads done

Events (20 events):
Event: 2.985 loading class java/beans/BeanInfo
Event: 2.985 loading class java/beans/BeanInfo done
Event: 2.988 loading class java/beans/MethodRef
Event: 2.988 loading class java/beans/MethodRef done
Event: 2.989 loading class java/beans/SimpleBeanInfo
Event: 2.989 loading class java/beans/SimpleBeanInfo done
Event: 2.989 loading class com/sun/beans/TypeResolver
Event: 2.990 loading class com/sun/beans/TypeResolver done
Event: 2.990 loading class com/sun/beans/WeakCache
Event: 2.990 loading class com/sun/beans/WeakCache done
Event: 2.990 loading class sun/reflect/generics/scope/MethodScope
Event: 2.990 loading class sun/reflect/generics/scope/MethodScope done
Event: 2.990 loading class sun/reflect/generics/repository/MethodRepository
Event: 2.990 loading class sun/reflect/generics/repository/MethodRepository done
Event: 2.991 loading class com/sun/beans/WildcardTypeImpl
Event: 2.991 loading class com/sun/beans/WildcardTypeImpl done
Event: 2.991 loading class java/util/AbstractList$ListItr
Event: 2.991 loading class java/util/AbstractList$Itr
Event: 2.991 loading class java/util/AbstractList$Itr done
Event: 2.991 loading class java/util/AbstractList$ListItr done


Dynamic libraries:
0x00007ff6d8810000 - 0x00007ff6d8820000 	C:\Program Files\Java\jdk-17.0.2\bin\java.exe
0x00007ff979fb0000 - 0x00007ff97a1c7000 	C:\WINDOWS\SYSTEM32\ntdll.dll
0x00007ff978f10000 - 0x00007ff978fd4000 	C:\WINDOWS\System32\KERNEL32.DLL
0x00007ff9775c0000 - 0x00007ff977966000 	C:\WINDOWS\System32\KERNELBASE.dll
0x00007ff977a70000 - 0x00007ff977b81000 	C:\WINDOWS\System32\ucrtbase.dll
0x00007ff9700a0000 - 0x00007ff9700ba000 	C:\Program Files\Java\jdk-17.0.2\bin\VCRUNTIME140.dll
0x00007ff972b20000 - 0x00007ff972b38000 	C:\Program Files\Java\jdk-17.0.2\bin\jli.dll
0x00007ff9797c0000 - 0x00007ff979873000 	C:\WINDOWS\System32\ADVAPI32.dll
0x00007ff979550000 - 0x00007ff9795f7000 	C:\WINDOWS\System32\msvcrt.dll
0x00007ff977d00000 - 0x00007ff977da8000 	C:\WINDOWS\System32\sechost.dll
0x00007ff9779a0000 - 0x00007ff9779c8000 	C:\WINDOWS\System32\bcrypt.dll
0x00007ff979e40000 - 0x00007ff979f57000 	C:\WINDOWS\System32\RPCRT4.dll
0x00007ff9791a0000 - 0x00007ff97934e000 	C:\WINDOWS\System32\USER32.dll
0x00007ff9764e0000 - 0x00007ff976773000 	C:\WINDOWS\WinSxS\amd64_microsoft.windows.common-controls_6595b64144ccf1df_6.0.22621.2506_none_270c5ae97388e100\COMCTL32.dll
0x00007ff977970000 - 0x00007ff977996000 	C:\WINDOWS\System32\win32u.dll
0x00007ff978a00000 - 0x00007ff978a29000 	C:\WINDOWS\System32\GDI32.dll
0x00007ff977420000 - 0x00007ff977538000 	C:\WINDOWS\System32\gdi32full.dll
0x00007ff9779d0000 - 0x00007ff977a6a000 	C:\WINDOWS\System32\msvcp_win.dll
0x00007ff973920000 - 0x00007ff97392a000 	C:\WINDOWS\SYSTEM32\VERSION.dll
0x00007ff9798d0000 - 0x00007ff979901000 	C:\WINDOWS\System32\IMM32.DLL
0x00007ff973770000 - 0x00007ff97377c000 	C:\Program Files\Java\jdk-17.0.2\bin\vcruntime140_1.dll
0x00007ff9666a0000 - 0x00007ff96672d000 	C:\Program Files\Java\jdk-17.0.2\bin\msvcp140.dll
0x00007ff932760000 - 0x00007ff933321000 	C:\Program Files\Java\jdk-17.0.2\bin\server\jvm.dll
0x00007ff978fe0000 - 0x00007ff978fe8000 	C:\WINDOWS\System32\PSAPI.DLL
0x00007ff972b40000 - 0x00007ff972b49000 	C:\WINDOWS\SYSTEM32\WSOCK32.dll
0x00007ff96eef0000 - 0x00007ff96ef24000 	C:\WINDOWS\SYSTEM32\WINMM.dll
0x00007ff979910000 - 0x00007ff979981000 	C:\WINDOWS\System32\WS2_32.dll
0x00007ff975540000 - 0x00007ff975558000 	C:\WINDOWS\SYSTEM32\kernel.appcore.dll
0x00007ff972bb0000 - 0x00007ff972bba000 	C:\Program Files\Java\jdk-17.0.2\bin\jimage.dll
0x00007ff976b70000 - 0x00007ff976da3000 	C:\WINDOWS\SYSTEM32\DBGHELP.DLL
0x00007ff977db0000 - 0x00007ff978139000 	C:\WINDOWS\System32\combase.dll
0x00007ff9796e0000 - 0x00007ff9797b7000 	C:\WINDOWS\System32\OLEAUT32.dll
0x00007ff976a60000 - 0x00007ff976a92000 	C:\WINDOWS\SYSTEM32\dbgcore.DLL
0x00007ff977540000 - 0x00007ff9775ba000 	C:\WINDOWS\System32\bcryptPrimitives.dll
0x00007ff967440000 - 0x00007ff96744e000 	C:\Program Files\Java\jdk-17.0.2\bin\instrument.dll
0x00007ff969f20000 - 0x00007ff969f45000 	C:\Program Files\Java\jdk-17.0.2\bin\java.dll
0x00007ff952960000 - 0x00007ff952a36000 	C:\Program Files\Java\jdk-17.0.2\bin\jsvml.dll
0x00007ff978140000 - 0x00007ff97899a000 	C:\WINDOWS\System32\SHELL32.dll
0x00007ff974370000 - 0x00007ff974c66000 	C:\WINDOWS\SYSTEM32\windows.storage.dll
0x00007ff974230000 - 0x00007ff97436e000 	C:\WINDOWS\SYSTEM32\wintypes.dll
0x00007ff979450000 - 0x00007ff979543000 	C:\WINDOWS\System32\SHCORE.dll
0x00007ff9789a0000 - 0x00007ff9789fe000 	C:\WINDOWS\System32\shlwapi.dll
0x00007ff977220000 - 0x00007ff977246000 	C:\WINDOWS\SYSTEM32\profapi.dll
0x00007ff967460000 - 0x00007ff967478000 	C:\Program Files\Java\jdk-17.0.2\bin\zip.dll
0x00007ff969f00000 - 0x00007ff969f19000 	C:\Program Files\Java\jdk-17.0.2\bin\net.dll
0x00007ff96f180000 - 0x00007ff96f2b7000 	C:\WINDOWS\SYSTEM32\WINHTTP.dll
0x00007ff976080000 - 0x00007ff9760e9000 	C:\WINDOWS\system32\mswsock.dll
0x00007ff967610000 - 0x00007ff967626000 	C:\Program Files\Java\jdk-17.0.2\bin\nio.dll
0x00007ff965aa0000 - 0x00007ff965aba000 	C:\Program Files\JetBrains\IntelliJ IDEA 2023.2.5\bin\breakgen64.dll
0x00007ff967430000 - 0x00007ff967440000 	C:\Program Files\Java\jdk-17.0.2\bin\verify.dll

dbghelp: loaded successfully - version: 4.0.5 - missing functions: none
symbol engine: initialized successfully - sym options: 0x614 - pdb path: .;C:\Program Files\Java\jdk-17.0.2\bin;C:\WINDOWS\SYSTEM32;C:\WINDOWS\WinSxS\amd64_microsoft.windows.common-controls_6595b64144ccf1df_6.0.22621.2506_none_270c5ae97388e100;C:\Program Files\Java\jdk-17.0.2\bin\server;C:\Program Files\JetBrains\IntelliJ IDEA 2023.2.5\bin

VM Arguments:
jvm_args: -ea -Didea.test.cyclic.buffer.size=1048576 -javaagent:C:\Program Files\JetBrains\IntelliJ IDEA 2023.2.5\lib\idea_rt.jar=65155:C:\Program Files\JetBrains\IntelliJ IDEA 2023.2.5\bin -Dfile.encoding=UTF-8 
java_command: com.intellij.rt.junit.JUnitStarter -ideVersion5 -junit5 com.example.demo.GestiuneaProiectelorApplicationTests
java_class_path (initial): C:\Users\Iordan Ionut\.m2\repository\org\junit\platform\junit-platform-launcher\1.10.1\junit-platform-launcher-1.10.1.jar;C:\Program Files\JetBrains\IntelliJ IDEA 2023.2.5\lib\idea_rt.jar;C:\Program Files\JetBrains\IntelliJ IDEA 2023.2.5\plugins\junit\lib\junit5-rt.jar;C:\Program Files\JetBrains\IntelliJ IDEA 2023.2.5\plugins\junit\lib\junit-rt.jar;C:\Users\Iordan Ionut\OneDrive\Desktop\demo\demo\target\test-classes;C:\Users\Iordan Ionut\OneDrive\Desktop\demo\demo\target\classes;C:\Users\Iordan Ionut\.m2\repository\org\springframework\boot\spring-boot-starter-data-jpa\3.2.1\spring-boot-starter-data-jpa-3.2.1.jar;C:\Users\Iordan Ionut\.m2\repository\org\springframework\boot\spring-boot-starter-aop\3.2.1\spring-boot-starter-aop-3.2.1.jar;C:\Users\Iordan Ionut\.m2\repository\org\aspectj\aspectjweaver\1.9.21\aspectjweaver-1.9.21.jar;C:\Users\Iordan Ionut\.m2\repository\org\springframework\boot\spring-boot-starter-jdbc\3.2.1\spring-boot-starter-jdbc-3.2.1.jar;C:\Users\Iordan Ionut\.m2\repository\com\zaxxer\HikariCP\5.0.1\HikariCP-5.0.1.jar;C:\Users\Iordan Ionut\.m2\repository\org\springframework\spring-jdbc\6.1.2\spring-jdbc-6.1.2.jar;C:\Users\Iordan Ionut\.m2\repository\org\hibernate\orm\hibernate-core\6.4.1.Final\hibernate-core-6.4.1.Final.jar;C:\Users\Iordan Ionut\.m2\repository\jakarta\persistence\jakarta.persistence-api\3.1.0\jakarta.persistence-api-3.1.0.jar;C:\Users\Iordan Ionut\.m2\repository\jakarta\transaction\jakarta.transaction-api\2.0.1\jakarta.transaction-api-2.0.1.jar;C:\Users\Iordan Ionut\.m2\repository\org\jboss\logging\jboss-logging\3.5.3.Final\jboss-logging-3.5.3.Final.jar;C:\Users\Iordan Ionut\.m2\repository\org\hibernate\common\hibernate-commons-annotations\6.0.6.Final\hibernate-commons-annotations-6.0.6.Final.jar;C:\Users\Iordan Ionut\.m2\repository\io\smallrye\jandex\3.1.2\jandex-3.1.2.jar;C:\Users\Iordan Ionut\.m2\repository\com\fasterxml\classmate\1.6.0\classmate-1.6.0.jar;C:\Users\Iordan Ionut\.m2\repository\org\glas
Launcher Type: SUN_STANDARD

[Global flags]
     intx CICompilerCount                          = 4                                         {product} {ergonomic}
     uint ConcGCThreads                            = 2                                         {product} {ergonomic}
     uint G1ConcRefinementThreads                  = 8                                         {product} {ergonomic}
   size_t G1HeapRegionSize                         = 2097152                                   {product} {ergonomic}
    uintx GCDrainStackTargetSize                   = 64                                        {product} {ergonomic}
   size_t InitialHeapSize                          = 234881024                                 {product} {ergonomic}
   size_t MarkStackSize                            = 4194304                                   {product} {ergonomic}
   size_t MaxHeapSize                              = 3743416320                                {product} {ergonomic}
   size_t MaxNewSize                               = 2246049792                                {product} {ergonomic}
   size_t MinHeapDeltaBytes                        = 2097152                                   {product} {ergonomic}
   size_t MinHeapSize                              = 8388608                                   {product} {ergonomic}
    uintx NonNMethodCodeHeapSize                   = 5839372                                {pd product} {ergonomic}
    uintx NonProfiledCodeHeapSize                  = 122909434                              {pd product} {ergonomic}
    uintx ProfiledCodeHeapSize                     = 122909434                              {pd product} {ergonomic}
    uintx ReservedCodeCacheSize                    = 251658240                              {pd product} {ergonomic}
     bool SegmentedCodeCache                       = true                                      {product} {ergonomic}
   size_t SoftMaxHeapSize                          = 3743416320                             {manageable} {ergonomic}
     bool UseCompressedClassPointers               = true                           {product lp64_product} {ergonomic}
     bool UseCompressedOops                        = true                           {product lp64_product} {ergonomic}
     bool UseG1GC                                  = true                                      {product} {ergonomic}
     bool UseLargePagesIndividualAllocation        = false                                  {pd product} {ergonomic}

Logging:
Log output configuration:
 #0: stdout all=warning uptime,level,tags
 #1: stderr all=off uptime,level,tags

Environment Variables:
JAVA_HOME=C:\Program Files\Java\jdk-17.0.2
PATH=C:\Program Files\Common Files\Oracle\Java\javapath;C:\ProgramData\Oracle\Java\javapath;C:\Program Files\AdoptOpenJDK\jdk-11.0.11.9-hotspot\bin;C:\Program Files\Microsoft MPI\Bin\;C:\WINDOWS\system32;C:\WINDOWS;C:\WINDOWS\System32\Wbem;C:\WINDOWS\System32\WindowsPowerShell\v1.0\;C:\WINDOWS\System32\OpenSSH\;C:\Program Files\Microsoft SQL Server\Client SDK\ODBC\170\Tools\Binn\;C:\Program Files (x86)\Microsoft SQL Server\150\Tools\Binn\;C:\Program Files\Microsoft SQL Server\150\Tools\Binn\;C:\Program Files\Microsoft SQL Server\150\DTS\Binn\;C:\Program Files\dotnet\;C:\Program Files\Microsoft SQL Server\130\Tools\Binn\;C:\Program Files\Git\cmd;C:\Program Files (x86)\dotnet\;C:\IORDAN IONUT\F.S.E.F.I\MAPLE\bin;C:\Program Files\Maven\apache-maven-3.8.4-bin\apache-maven-3.8.4\bin;C:\Program Files\Java\jdk-17.0.2\bin;C:\Program Files\Java\jdk-17.0.2\bin;C:\WINDOWS\system32;C:\WINDOWS;C:\WINDOWS\System32\Wbem;C:\WINDOWS\System32\WindowsPowerShell\v1.0\;C:\WINDOWS\System32\OpenSSH\;C:\Program Files\nodejs\;C:\Users\Iordan Ionut\.console-ninja\.bin;C:\Program Files\MySQL\MySQL Shell 8.0\bin\;C:\Users\Iordan Ionut\AppData\Local\Microsoft\WindowsApps;C:\Program Files\Azure Data Studio\bin;C:\Users\Iordan Ionut\.dotnet\tools;C:\MinGW\bin;C:\Users\Iordan Ionut\AppData\Local\Programs\Microsoft VS Code\bin;C:\Users\Iordan Ionut\AppData\Local\Programs\Python\Python37;C:\Users\Iordan Ionut\AppData\Roaming\npm
USERNAME=Iordan Ionut
OS=Windows_NT
PROCESSOR_IDENTIFIER=AMD64 Family 23 Model 24 Stepping 1, AuthenticAMD



---------------  S Y S T E M  ---------------

OS:
 Windows 11 , 64 bit Build 22621 (10.0.22621.2506)
OS uptime: 5 days 20:49 hours

CPU: total 8 (initial active 8) (8 cores per cpu, 2 threads per core) family 23 model 24 stepping 1 microcode 0x0, cx8, cmov, fxsr, ht, mmx, 3dnowpref, sse, sse2, sse3, ssse3, sse4a, sse4.1, sse4.2, popcnt, lzcnt, tsc, tscinvbit, avx, avx2, aes, clmul, bmi1, bmi2, adx, sha, fma, vzeroupper, clflush, clflushopt

Memory: 4k page, system-wide physical 14272M (2849M free)
TotalPageFile size 22227M (AvailPageFile size 2288M)
current process WorkingSet (physical memory assigned to process): 141M, peak: 141M
current process commit charge ("private bytes"): 365M, peak: 365M

vm_info: Java HotSpot(TM) 64-Bit Server VM (17.0.2+8-LTS-86) for windows-amd64 JRE (17.0.2+8-LTS-86), built on Dec  7 2021 21:51:03 by "mach5one" with MS VC++ 16.8 / 16.9 (VS2019)

END.
