#
# A fatal error has been detected by the Java Runtime Environment:
#
#  EXCEPTION_ACCESS_VIOLATION (0xc0000005) at pc=0x00007ff932df5ea0, pid=17332, tid=17392
#
# JRE version: Java(TM) SE Runtime Environment (17.0.2+8) (build 17.0.2+8-LTS-86)
# Java VM: Java HotSpot(TM) 64-Bit Server VM (17.0.2+8-LTS-86, mixed mode, sharing, tiered, compressed oops, compressed class ptrs, g1 gc, windows-amd64)
# Problematic frame:
# V  [jvm.dll+0x695ea0]
#
# No core dump will be written. Minidumps are not enabled by default on client versions of Windows
#
# If you would like to submit a bug report, please visit:
#   https://bugreport.java.com/bugreport/crash.jsp
#

---------------  S U M M A R Y ------------

Command Line: -ea -Didea.test.cyclic.buffer.size=1048576 -javaagent:C:\Program Files\JetBrains\IntelliJ IDEA 2023.2.5\lib\idea_rt.jar=65162:C:\Program Files\JetBrains\IntelliJ IDEA 2023.2.5\bin -Dfile.encoding=UTF-8 com.intellij.rt.junit.JUnitStarter -ideVersion5 -junit5 com.example.demo.GestiuneaProiectelorApplicationTests

Host: AMD Ryzen 7 3700U with Radeon Vega Mobile Gfx  , 8 cores, 13G,  Windows 11 , 64 bit Build 22621 (10.0.22621.2506)
Time: Fri Jan 19 17:55:23 2024 GTB Standard Time elapsed time: 3.812069 seconds (0d 0h 0m 3s)

---------------  T H R E A D  ---------------

Current thread (0x000001822be8dc20):  JavaThread "C2 CompilerThread0" daemon [_thread_in_native, id=17392, stack(0x00000005d2800000,0x00000005d2900000)]


Current CompileTask:
C2:   3812 3460       4       org.springframework.beans.factory.support.AbstractBeanFactory::isTypeMatch (619 bytes)

Stack: [0x00000005d2800000,0x00000005d2900000],  sp=0x00000005d28fb670,  free space=1005k
Native frames: (J=compiled Java code, j=interpreted, Vv=VM code, C=native code)
V  [jvm.dll+0x695ea0]
V  [jvm.dll+0x697644]
V  [jvm.dll+0x340086]
V  [jvm.dll+0x10ee21]
V  [jvm.dll+0x2cd740]
V  [jvm.dll+0x10ebbc]
V  [jvm.dll+0x33a1dc]
V  [jvm.dll+0x68bca6]
V  [jvm.dll+0x68b98b]
V  [jvm.dll+0x686e54]
V  [jvm.dll+0x680f6b]
V  [jvm.dll+0x6805a7]
V  [jvm.dll+0x67e4a2]
V  [jvm.dll+0x1a4d2c]
V  [jvm.dll+0x1a58f6]
V  [jvm.dll+0x2a8af4]
V  [jvm.dll+0x688f6b]
V  [jvm.dll+0x680f6b]
V  [jvm.dll+0x6805a7]
V  [jvm.dll+0x67e4a2]
V  [jvm.dll+0x1a4d2c]
V  [jvm.dll+0x1a58f6]
V  [jvm.dll+0x2a8af4]
V  [jvm.dll+0x688f6b]
V  [jvm.dll+0x680f6b]
V  [jvm.dll+0x6805a7]
V  [jvm.dll+0x67e4a2]
V  [jvm.dll+0x1a4d2c]
V  [jvm.dll+0x1a58f6]
V  [jvm.dll+0x2a8af4]
V  [jvm.dll+0x688f6b]
V  [jvm.dll+0x680f6b]
V  [jvm.dll+0x6805a7]
V  [jvm.dll+0x67e4a2]
V  [jvm.dll+0x1a4d2c]
V  [jvm.dll+0x1a58f6]
V  [jvm.dll+0x1a58f6]
V  [jvm.dll+0x2a8af4]
V  [jvm.dll+0x688f6b]
V  [jvm.dll+0x680f6b]
V  [jvm.dll+0x6805a7]
V  [jvm.dll+0x67e4a2]
V  [jvm.dll+0x1a4d2c]
V  [jvm.dll+0x1a58f6]
V  [jvm.dll+0x2a8af4]
V  [jvm.dll+0x688f6b]
V  [jvm.dll+0x680f6b]
V  [jvm.dll+0x6805a7]
V  [jvm.dll+0x67e4a2]
V  [jvm.dll+0x1a4d2c]
V  [jvm.dll+0x214c78]
V  [jvm.dll+0x1a1bbd]
V  [jvm.dll+0x224908]
V  [jvm.dll+0x222a6c]
V  [jvm.dll+0x7859bb]
V  [jvm.dll+0x77ff7a]
V  [jvm.dll+0x66fa35]
C  [ucrtbase.dll+0x29363]
C  [KERNEL32.DLL+0x1257d]
C  [ntdll.dll+0x5aa58]


siginfo: EXCEPTION_ACCESS_VIOLATION (0xc0000005), reading address 0x0000000000000058


Register to memory mapping:

RIP=0x00007ff932df5ea0 jvm.dll
RAX=0x0000000000001fff is an unknown value
RBX=0x00000000000000af is an unknown value
RCX=0x000001822fd01d60 points into unknown readable memory: 0x000001822f1163d8 | d8 63 11 2f 82 01 00 00
RDX=0x0000018230e9a200 points into unknown readable memory: 0x0000000000000000 | 00 00 00 00 00 00 00 00
RSP=0x00000005d28fb670 is pointing into the stack for thread: 0x000001822be8dc20
RBP=0x0000000000000003 is an unknown value
RSI=0x00000005d28fea48 is pointing into the stack for thread: 0x000001822be8dc20
RDI=0x0000000000000040 is an unknown value
R8 =0x00007ff9330bcf48 jvm.dll
R9 =0x0 is NULL
R10=0x00007ff932d7240c jvm.dll
R11=0x00000005d28fb658 is pointing into the stack for thread: 0x000001822be8dc20
R12=0x0 is NULL
R13=0x00000000000006f1 is an unknown value
R14=0x0000000000001bc3 is an unknown value
R15=0x0000018230e9a1b0 points into unknown readable memory: 0x00007ff9330951f0 | f0 51 09 33 f9 7f 00 00


Registers:
RAX=0x0000000000001fff, RBX=0x00000000000000af, RCX=0x000001822fd01d60, RDX=0x0000018230e9a200
RSP=0x00000005d28fb670, RBP=0x0000000000000003, RSI=0x00000005d28fea48, RDI=0x0000000000000040
R8 =0x00007ff9330bcf48, R9 =0x0000000000000000, R10=0x00007ff932d7240c, R11=0x00000005d28fb658
R12=0x0000000000000000, R13=0x00000000000006f1, R14=0x0000000000001bc3, R15=0x0000018230e9a1b0
RIP=0x00007ff932df5ea0, EFLAGS=0x0000000000010283

Top of Stack: (sp=0x00000005d28fb670)
0x00000005d28fb670:   000001822df92798 0000000000000010
0x00000005d28fb680:   0000000000000000 0000000000000000
0x00000005d28fb690:   0000000000000000 0000000000000000
0x00000005d28fb6a0:   00000005d28fbcc0 0000000000000000
0x00000005d28fb6b0:   0000018230e9a1b0 00007ff932df7644
0x00000005d28fb6c0:   000001822c8090a0 00000182000000af
0x00000005d28fb6d0:   0000018230e99f58 00000005d28fe0c0
0x00000005d28fb6e0:   000001822c8090a0 00007ff932aa0086
0x00000005d28fb6f0:   00000005d28fbcc0 0000018230e99f58
0x00000005d28fb700:   0000000000000008 00000005d28fbcc0
0x00000005d28fb710:   0000000000000000 000001822c8090a0
0x00000005d28fb720:   0000000800000008 0000000800000000
0x00000005d28fb730:   0000000800000002 00007ff932ef2600
0x00000005d28fb740:   0000000800429600 0000000000000000
0x00000005d28fb750:   0000000000000000 0000000000000002
0x00000005d28fb760:   00000005d28fb960 00007ff93286ee21 

Instructions: (pc=0x00007ff932df5ea0)
0x00007ff932df5da0:   75 36 33 c0 85 ff 74 20 4c 8b 43 08 4d 8b 4e 08
0x00007ff932df5db0:   48 8d 14 c5 00 00 00 00 4a 8b 0c 02 4a 39 0c 0a
0x00007ff932df5dc0:   75 16 ff c0 3b c7 72 e8 49 8b 06 48 8b d3 49 8b
0x00007ff932df5dd0:   ce ff 50 60 84 c0 75 38 8b 45 08 41 03 f7 ff c8
0x00007ff932df5de0:   23 f0 48 8b 45 18 48 8b 1c f0 48 85 db 75 a1 33
0x00007ff932df5df0:   c0 48 8b 5c 24 40 48 8b 6c 24 48 48 8b 74 24 50
0x00007ff932df5e00:   48 8b 7c 24 58 48 83 c4 20 41 5f 41 5e 41 5c c3
0x00007ff932df5e10:   48 8b c3 eb dc cc cc cc cc cc cc cc cc cc cc cc
0x00007ff932df5e20:   48 89 5c 24 08 48 89 6c 24 18 48 89 74 24 20 57
0x00007ff932df5e30:   41 54 41 55 41 56 41 57 48 83 ec 20 48 8b 02 48
0x00007ff932df5e40:   8b f1 48 8b ca 4c 8b fa ff 50 58 85 c0 0f 84 e0
0x00007ff932df5e50:   00 00 00 44 8b 76 08 41 ff ce 44 23 f0 48 8b 46
0x00007ff932df5e60:   18 45 8b ee 41 83 cd 01 4a 8b 3c f0 48 85 ff 75
0x00007ff932df5e70:   09 4e 89 3c f0 e9 a6 00 00 00 49 8b 07 49 8b cf
0x00007ff932df5e80:   48 8b 5e 20 ff 10 41 8b 6f 18 45 8b e6 89 44 24
0x00007ff932df5e90:   58 33 c0 48 3b fb 8b 5c 24 58 44 0f 45 e0 66 90
0x00007ff932df5ea0:   39 6f 18 75 43 48 8b 07 48 8b cf ff 10 3b c3 75
0x00007ff932df5eb0:   37 33 c0 85 ed 74 21 4c 8b 47 08 4d 8b 4f 08 90
0x00007ff932df5ec0:   48 8d 14 c5 00 00 00 00 4a 8b 0c 02 4a 39 0c 0a
0x00007ff932df5ed0:   75 16 ff c0 3b c5 72 e8 49 8b 07 48 8b d7 49 8b
0x00007ff932df5ee0:   cf ff 50 60 84 c0 75 28 8b 46 08 45 03 f5 48 8b
0x00007ff932df5ef0:   4e 18 ff c8 44 23 f0 4a 8b 3c f1 48 85 ff 74 15
0x00007ff932df5f00:   45 85 e4 75 9b 48 3b 7e 20 75 95 45 8b e6 eb 90
0x00007ff932df5f10:   48 8b c7 eb 20 45 85 e4 45 0f 44 e6 4e 89 3c e1
0x00007ff932df5f20:   ff 46 0c 8b 46 0c 3b 46 10 75 08 48 8b ce e8 4d
0x00007ff932df5f30:   fb ff ff 33 c0 48 8b 5c 24 50 48 8b 6c 24 60 48
0x00007ff932df5f40:   8b 74 24 68 48 83 c4 20 41 5f 41 5e 41 5d 41 5c
0x00007ff932df5f50:   5f c3 cc cc cc cc cc cc cc cc cc cc cc cc cc cc
0x00007ff932df5f60:   48 89 5c 24 08 48 89 74 24 10 57 48 83 ec 20 48
0x00007ff932df5f70:   8b 02 48 8b d9 48 8b ca 48 8b fa ff 50 58 8b f0
0x00007ff932df5f80:   85 c0 74 54 ff 43 0c 44 8b 43 0c 44 3b 43 10 75
0x00007ff932df5f90:   08 48 8b cb e8 e7 fa ff ff 44 8b 5b 08 4c 8b 43 


Stack slot to memory mapping:
stack at sp + 0 slots: 0x000001822df92798 points into unknown readable memory: 0x00007ff933012c48 | 48 2c 01 33 f9 7f 00 00
stack at sp + 1 slots: 0x0000000000000010 is an unknown value
stack at sp + 2 slots: 0x0 is NULL
stack at sp + 3 slots: 0x0 is NULL
stack at sp + 4 slots: 0x0 is NULL
stack at sp + 5 slots: 0x0 is NULL
stack at sp + 6 slots: 0x00000005d28fbcc0 is pointing into the stack for thread: 0x000001822be8dc20
stack at sp + 7 slots: 0x0 is NULL


---------------  P R O C E S S  ---------------

Threads class SMR info:
_java_thread_list=0x000001822feccd60, length=15, elements={
0x000001820a437550, 0x000001822be75b90, 0x000001822be76910, 0x000001822be879b0,
0x000001822be89380, 0x000001822be8c360, 0x000001822be8cc20, 0x000001822be8dc20,
0x000001822be92230, 0x000001822be9cb50, 0x000001822c8c9fb0, 0x000001822c9b4090,
0x000001822c94ad10, 0x000001822d75d620, 0x000001822e1f4a80
}

Java Threads: ( => current thread )
  0x000001820a437550 JavaThread "main" [_thread_in_vm, id=1848, stack(0x00000005d1b00000,0x00000005d1c00000)]
  0x000001822be75b90 JavaThread "Reference Handler" daemon [_thread_blocked, id=7400, stack(0x00000005d2200000,0x00000005d2300000)]
  0x000001822be76910 JavaThread "Finalizer" daemon [_thread_blocked, id=13648, stack(0x00000005d2300000,0x00000005d2400000)]
  0x000001822be879b0 JavaThread "Signal Dispatcher" daemon [_thread_blocked, id=18952, stack(0x00000005d2400000,0x00000005d2500000)]
  0x000001822be89380 JavaThread "Attach Listener" daemon [_thread_blocked, id=6796, stack(0x00000005d2500000,0x00000005d2600000)]
  0x000001822be8c360 JavaThread "Service Thread" daemon [_thread_blocked, id=20096, stack(0x00000005d2600000,0x00000005d2700000)]
  0x000001822be8cc20 JavaThread "Monitor Deflation Thread" daemon [_thread_blocked, id=2716, stack(0x00000005d2700000,0x00000005d2800000)]
=>0x000001822be8dc20 JavaThread "C2 CompilerThread0" daemon [_thread_in_native, id=17392, stack(0x00000005d2800000,0x00000005d2900000)]
  0x000001822be92230 JavaThread "C1 CompilerThread0" daemon [_thread_blocked, id=5556, stack(0x00000005d2900000,0x00000005d2a00000)]
  0x000001822be9cb50 JavaThread "Sweeper thread" daemon [_thread_blocked, id=18984, stack(0x00000005d2a00000,0x00000005d2b00000)]
  0x000001822c8c9fb0 JavaThread "Common-Cleaner" daemon [_thread_blocked, id=3272, stack(0x00000005d2b00000,0x00000005d2c00000)]
  0x000001822c9b4090 JavaThread "Monitor Ctrl-Break" daemon [_thread_in_native, id=23636, stack(0x00000005d2c00000,0x00000005d2d00000)]
  0x000001822c94ad10 JavaThread "Notification Thread" daemon [_thread_blocked, id=16108, stack(0x00000005d2d00000,0x00000005d2e00000)]
  0x000001822d75d620 JavaThread "C2 CompilerThread1" daemon [_thread_in_native, id=11332, stack(0x00000005d2f00000,0x00000005d3000000)]
  0x000001822e1f4a80 JavaThread "C2 CompilerThread2" daemon [_thread_in_native, id=13432, stack(0x00000005d3400000,0x00000005d3500000)]

Other Threads:
  0x000001822be72090 VMThread "VM Thread" [stack: 0x00000005d2100000,0x00000005d2200000] [id=1916]
  0x000001820a4a0e00 WatcherThread [stack: 0x00000005d2e00000,0x00000005d2f00000] [id=13552]
  0x000001820a4807d0 GCTaskThread "GC Thread#0" [stack: 0x00000005d1c00000,0x00000005d1d00000] [id=1340]
  0x000001822cfd5110 GCTaskThread "GC Thread#1" [stack: 0x00000005d3000000,0x00000005d3100000] [id=21056]
  0x000001822cfd53c0 GCTaskThread "GC Thread#2" [stack: 0x00000005d3100000,0x00000005d3200000] [id=9536]
  0x000001822cfd5670 GCTaskThread "GC Thread#3" [stack: 0x00000005d3200000,0x00000005d3300000] [id=9472]
  0x000001822d5e5e40 GCTaskThread "GC Thread#4" [stack: 0x00000005d3300000,0x00000005d3400000] [id=24608]
  0x000001822de69e80 GCTaskThread "GC Thread#5" [stack: 0x00000005d3500000,0x00000005d3600000] [id=18324]
  0x000001822de69110 GCTaskThread "GC Thread#6" [stack: 0x00000005d3600000,0x00000005d3700000] [id=12544]
  0x000001822de68650 GCTaskThread "GC Thread#7" [stack: 0x00000005d3700000,0x00000005d3800000] [id=11300]
  0x000001820a48f620 ConcurrentGCThread "G1 Main Marker" [stack: 0x00000005d1d00000,0x00000005d1e00000] [id=7832]
  0x000001820a490030 ConcurrentGCThread "G1 Conc#0" [stack: 0x00000005d1e00000,0x00000005d1f00000] [id=24912]
  0x000001822de68bb0 ConcurrentGCThread "G1 Conc#1" [stack: 0x00000005d3800000,0x00000005d3900000] [id=9224]
  0x000001820a4e75f0 ConcurrentGCThread "G1 Refine#0" [stack: 0x00000005d1f00000,0x00000005d2000000] [id=24492]
  0x000001822bd320c0 ConcurrentGCThread "G1 Service" [stack: 0x00000005d2000000,0x00000005d2100000] [id=22796]

Threads with active compile tasks:
C2 CompilerThread0     3906 3460       4       org.springframework.beans.factory.support.AbstractBeanFactory::isTypeMatch (619 bytes)
C2 CompilerThread1     3906 3500       4       org.springframework.beans.factory.support.AbstractBeanFactory::isFactoryBean (71 bytes)
C2 CompilerThread2     3906 3502       4       org.springframework.core.ResolvableType::as (86 bytes)

VM state: not at safepoint (normal execution)

VM Mutex/Monitor currently owned by a thread: None

Heap address: 0x0000000720e00000, size: 3570 MB, Compressed Oops mode: Zero based, Oop shift amount: 3

CDS archive(s) mapped at: [0x0000000800000000-0x0000000800bc0000-0x0000000800bc0000), size 12320768, SharedBaseAddress: 0x0000000800000000, ArchiveRelocationMode: 0.
Compressed class space mapped at: 0x0000000800c00000-0x0000000840c00000, reserved size: 1073741824
Narrow klass base: 0x0000000800000000, Narrow klass shift: 0, Narrow klass range: 0x100000000

GC Precious Log:
 CPUs: 8 total, 8 available
 Memory: 14272M
 Large Page Support: Disabled
 NUMA Support: Disabled
 Compressed Oops: Enabled (Zero based)
 Heap Region Size: 2M
 Heap Min Capacity: 8M
 Heap Initial Capacity: 224M
 Heap Max Capacity: 3570M
 Pre-touch: Disabled
 Parallel Workers: 8
 Concurrent Workers: 2
 Concurrent Refinement Workers: 8
 Periodic GC: Disabled

Heap:
 garbage-first heap   total 61440K, used 17835K [0x0000000720e00000, 0x0000000800000000)
  region size 2048K, 3 young (6144K), 1 survivors (2048K)
 Metaspace       used 24939K, committed 25216K, reserved 1073152K
  class space    used 3244K, committed 3392K, reserved 1048576K

Heap Regions: E=young(eden), S=young(survivor), O=old, HS=humongous(starts), HC=humongous(continues), CS=collection set, F=free, OA=open archive, CA=closed archive, TAMS=top-at-mark-start (previous, next)
|   0|0x0000000720e00000, 0x0000000721000000, 0x0000000721000000|100%| O|  |TAMS 0x0000000721000000, 0x0000000720e00000| Untracked 
|   1|0x0000000721000000, 0x0000000721200000, 0x0000000721200000|100%| O|  |TAMS 0x0000000721200000, 0x0000000721000000| Untracked 
|   2|0x0000000721200000, 0x0000000721400000, 0x0000000721400000|100%| O|  |TAMS 0x0000000721400000, 0x0000000721200000| Untracked 
|   3|0x0000000721400000, 0x0000000721400000, 0x0000000721600000|  0%| F|  |TAMS 0x0000000721400000, 0x0000000721400000| Untracked 
|   4|0x0000000721600000, 0x0000000721800000, 0x0000000721800000|100%| O|  |TAMS 0x0000000721600000, 0x0000000721600000| Untracked 
|   5|0x0000000721800000, 0x0000000721a00000, 0x0000000721a00000|100%| O|  |TAMS 0x0000000721800000, 0x0000000721800000| Untracked 
|   6|0x0000000721a00000, 0x0000000721c00000, 0x0000000721c00000|100%| O|  |TAMS 0x0000000721a00000, 0x0000000721a00000| Untracked 
|   7|0x0000000721c00000, 0x0000000721e00000, 0x0000000721e00000|100%| O|  |TAMS 0x0000000721c00000, 0x0000000721c00000| Untracked 
|   8|0x0000000721e00000, 0x0000000721ed7600, 0x0000000722000000| 42%| O|  |TAMS 0x0000000721e00000, 0x0000000721e00000| Untracked 
|   9|0x0000000722000000, 0x0000000722000000, 0x0000000722200000|  0%| F|  |TAMS 0x0000000722000000, 0x0000000722000000| Untracked 
|  10|0x0000000722200000, 0x0000000722200000, 0x0000000722400000|  0%| F|  |TAMS 0x0000000722200000, 0x0000000722200000| Untracked 
|  11|0x0000000722400000, 0x0000000722400000, 0x0000000722600000|  0%| F|  |TAMS 0x0000000722400000, 0x0000000722400000| Untracked 
|  12|0x0000000722600000, 0x0000000722600000, 0x0000000722800000|  0%| F|  |TAMS 0x0000000722600000, 0x0000000722600000| Untracked 
|  13|0x0000000722800000, 0x0000000722800000, 0x0000000722a00000|  0%| F|  |TAMS 0x0000000722800000, 0x0000000722800000| Untracked 
|  14|0x0000000722a00000, 0x0000000722a00000, 0x0000000722c00000|  0%| F|  |TAMS 0x0000000722a00000, 0x0000000722a00000| Untracked 
|  15|0x0000000722c00000, 0x0000000722c00000, 0x0000000722e00000|  0%| F|  |TAMS 0x0000000722c00000, 0x0000000722c00000| Untracked 
|  16|0x0000000722e00000, 0x0000000722e00000, 0x0000000723000000|  0%| F|  |TAMS 0x0000000722e00000, 0x0000000722e00000| Untracked 
|  17|0x0000000723000000, 0x0000000723000000, 0x0000000723200000|  0%| F|  |TAMS 0x0000000723000000, 0x0000000723000000| Untracked 
|  18|0x0000000723200000, 0x0000000723200000, 0x0000000723400000|  0%| F|  |TAMS 0x0000000723200000, 0x0000000723200000| Untracked 
|  19|0x0000000723400000, 0x0000000723400000, 0x0000000723600000|  0%| F|  |TAMS 0x0000000723400000, 0x0000000723400000| Untracked 
|  20|0x0000000723600000, 0x0000000723600000, 0x0000000723800000|  0%| F|  |TAMS 0x0000000723600000, 0x0000000723600000| Untracked 
|  21|0x0000000723800000, 0x0000000723800000, 0x0000000723a00000|  0%| F|  |TAMS 0x0000000723800000, 0x0000000723800000| Untracked 
|  22|0x0000000723a00000, 0x0000000723a00000, 0x0000000723c00000|  0%| F|  |TAMS 0x0000000723a00000, 0x0000000723a00000| Untracked 
|  23|0x0000000723c00000, 0x0000000723c00000, 0x0000000723e00000|  0%| F|  |TAMS 0x0000000723c00000, 0x0000000723c00000| Untracked 
|  24|0x0000000723e00000, 0x0000000723e00000, 0x0000000724000000|  0%| F|  |TAMS 0x0000000723e00000, 0x0000000723e00000| Untracked 
|  80|0x000000072ae00000, 0x000000072ae00000, 0x000000072b000000|  0%| F|  |TAMS 0x000000072ae00000, 0x000000072ae00000| Untracked 
|  81|0x000000072b000000, 0x000000072b06d7f8, 0x000000072b200000| 21%| E|  |TAMS 0x000000072b000000, 0x000000072b000000| Complete 
|  82|0x000000072b200000, 0x000000072b400000, 0x000000072b400000|100%| E|CS|TAMS 0x000000072b200000, 0x000000072b200000| Complete 
|  83|0x000000072b400000, 0x000000072b493860, 0x000000072b600000| 28%| S|CS|TAMS 0x000000072b400000, 0x000000072b400000| Complete 
| 111|0x000000072ec00000, 0x000000072ee00000, 0x000000072ee00000|100%| E|CS|TAMS 0x000000072ec00000, 0x000000072ec00000| Complete 

Card table byte_map: [0x00000182216b0000,0x0000018221db0000] _byte_map_base: 0x000001821dda9000

Marking Bits (Prev, Next): (CMBitMap*) 0x000001820a480e20, (CMBitMap*) 0x000001820a480de0
 Prev Bits: [0x0000018225c80000, 0x0000018229448000)
 Next Bits: [0x00000182224b0000, 0x0000018225c78000)

Polling page: 0x0000018208410000

Metaspace:

Usage:
  Non-class:     21.19 MB used.
      Class:      3.17 MB used.
       Both:     24.36 MB used.

Virtual space:
  Non-class space:       24.00 MB reserved,      21.38 MB ( 89%) committed,  3 nodes.
      Class space:        1.00 GB reserved,       3.31 MB ( <1%) committed,  1 nodes.
             Both:        1.02 GB reserved,      24.69 MB (  2%) committed. 

Chunk freelists:
   Non-Class:  2.27 MB
       Class:  656.00 KB
        Both:  2.91 MB

MaxMetaspaceSize: unlimited
CompressedClassSpaceSize: 1.00 GB
Initial GC threshold: 21.00 MB
Current GC threshold: 35.12 MB
CDS: on
MetaspaceReclaimPolicy: balanced
 - commit_granule_bytes: 65536.
 - commit_granule_words: 8192.
 - virtual_space_node_default_size: 1048576.
 - enlarge_chunks_in_place: 1.
 - new_chunks_are_fully_committed: 0.
 - uncommit_free_chunks: 1.
 - use_allocation_guard: 0.
 - handle_deallocations: 1.


Internal statistics:

num_allocs_failed_limit: 3.
num_arena_births: 286.
num_arena_deaths: 0.
num_vsnodes_births: 4.
num_vsnodes_deaths: 0.
num_space_committed: 395.
num_space_uncommitted: 0.
num_chunks_returned_to_freelist: 3.
num_chunks_taken_from_freelist: 1170.
num_chunk_merges: 0.
num_chunk_splits: 804.
num_chunks_enlarged: 628.
num_purges: 0.
num_inconsistent_stats: 0.

CodeHeap 'non-profiled nmethods': size=120000Kb used=1804Kb max_used=1804Kb free=118195Kb
 bounds [0x0000018219740000, 0x00000182199b0000, 0x0000018220c70000]
CodeHeap 'profiled nmethods': size=120000Kb used=7619Kb max_used=7619Kb free=112380Kb
 bounds [0x0000018212210000, 0x0000018212990000, 0x0000018219740000]
CodeHeap 'non-nmethods': size=5760Kb used=1205Kb max_used=1269Kb free=4554Kb
 bounds [0x0000018211c70000, 0x0000018211ee0000, 0x0000018212210000]
 total_blobs=4025 nmethods=3520 adapters=417
 compilation: enabled
              stopped_count=0, restarted_count=0
 full_count=0

Compilation events (20 events):
Event: 3.785 Thread 0x000001822d75d620 nmethod 3462 0x00000182198f9210 code [0x00000182198f93a0, 0x00000182198f95e8]
Event: 3.785 Thread 0x000001822d75d620 3468       4       org.springframework.beans.factory.support.AbstractAutowireCapableBeanFactory::predictBeanType (128 bytes)
Event: 3.791 Thread 0x000001822be92230 3472       3       org.springframework.core.annotation.TypeMappedAnnotation::getAttributeIndex (63 bytes)
Event: 3.792 Thread 0x000001822be92230 nmethod 3472 0x0000018212943490 code [0x0000018212943720, 0x00000182129442a8]
Event: 3.792 Thread 0x000001822be92230 3474       3       org.springframework.core.annotation.TypeMappedAnnotation::getAttributeValue (23 bytes)
Event: 3.792 Thread 0x000001822be92230 nmethod 3474 0x0000018212944710 code [0x00000182129448c0, 0x0000018212944ab8]
Event: 3.794 Thread 0x000001822d75d620 nmethod 3468 0x00000182198f9c10 code [0x00000182198f9de0, 0x00000182198fa368]
Event: 3.794 Thread 0x000001822d75d620 3471       4       org.springframework.beans.factory.support.AbstractBeanFactory::isFactoryBean (62 bytes)
Event: 3.795 Thread 0x000001822be92230 3475       3       org.springframework.core.annotation.TypeMappedAnnotations$MergedAnnotationFinder::process (167 bytes)
Event: 3.796 Thread 0x000001822be92230 nmethod 3475 0x0000018212944b90 code [0x0000018212944e20, 0x0000018212945a48]
Event: 3.796 Thread 0x000001822be92230 3476       3       java.util.stream.ReferencePipeline::toList (13 bytes)
Event: 3.797 Thread 0x000001822be92230 nmethod 3476 0x0000018212945e90 code [0x00000182129460a0, 0x0000018212946608]
Event: 3.797 Thread 0x000001822be92230 3477   !   3       jdk.internal.access.SharedSecrets::getJavaUtilCollectionAccess (26 bytes)
Event: 3.797 Thread 0x000001822be92230 nmethod 3477 0x0000018212946890 code [0x0000018212946a40, 0x0000018212946c28]
Event: 3.802 Thread 0x000001822be92230 3479       3       org.springframework.core.SerializableTypeWrapper$MethodParameterTypeProvider::getType (8 bytes)
Event: 3.802 Thread 0x000001822be92230 nmethod 3479 0x0000018212946d10 code [0x0000018212946ec0, 0x0000018212947088]
Event: 3.802 Thread 0x000001822be92230 3480       3       org.springframework.core.MethodParameter::getGenericParameterType (147 bytes)
Event: 3.805 Thread 0x000001822be92230 nmethod 3480 0x0000018212947190 code [0x0000018212947540, 0x00000182129495f8]
Event: 3.805 Thread 0x000001822be92230 3482       1       org.springframework.beans.factory.support.AbstractBeanFactory::getTempClassLoader (5 bytes)
Event: 3.805 Thread 0x000001822be92230 nmethod 3482 0x00000182198fad90 code [0x00000182198faf20, 0x00000182198faff8]

GC Heap History (10 events):
Event: 0.976 GC heap before
{Heap before GC invocations=0 (full 0):
 garbage-first heap   total 229376K, used 20480K [0x0000000720e00000, 0x0000000800000000)
  region size 2048K, 11 young (22528K), 0 survivors (0K)
 Metaspace       used 4357K, committed 4480K, reserved 1056768K
  class space    used 526K, committed 576K, reserved 1048576K
}
Event: 0.981 GC heap after
{Heap after GC invocations=1 (full 0):
 garbage-first heap   total 229376K, used 6850K [0x0000000720e00000, 0x0000000800000000)
  region size 2048K, 2 young (4096K), 2 survivors (4096K)
 Metaspace       used 4357K, committed 4480K, reserved 1056768K
  class space    used 526K, committed 576K, reserved 1048576K
}
Event: 1.869 GC heap before
{Heap before GC invocations=1 (full 0):
 garbage-first heap   total 229376K, used 33474K [0x0000000720e00000, 0x0000000800000000)
  region size 2048K, 15 young (30720K), 2 survivors (4096K)
 Metaspace       used 11019K, committed 11264K, reserved 1064960K
  class space    used 1397K, committed 1536K, reserved 1048576K
}
Event: 1.874 GC heap after
{Heap after GC invocations=2 (full 0):
 garbage-first heap   total 229376K, used 9266K [0x0000000720e00000, 0x0000000800000000)
  region size 2048K, 2 young (4096K), 2 survivors (4096K)
 Metaspace       used 11019K, committed 11264K, reserved 1064960K
  class space    used 1397K, committed 1536K, reserved 1048576K
}
Event: 2.741 GC heap before
{Heap before GC invocations=2 (full 0):
 garbage-first heap   total 229376K, used 60466K [0x0000000720e00000, 0x0000000800000000)
  region size 2048K, 28 young (57344K), 2 survivors (4096K)
 Metaspace       used 21234K, committed 21504K, reserved 1073152K
  class space    used 2742K, committed 2880K, reserved 1048576K
}
Event: 2.748 GC heap after
{Heap after GC invocations=3 (full 0):
 garbage-first heap   total 229376K, used 13772K [0x0000000720e00000, 0x0000000800000000)
  region size 2048K, 4 young (8192K), 4 survivors (8192K)
 Metaspace       used 21234K, committed 21504K, reserved 1073152K
  class space    used 2742K, committed 2880K, reserved 1048576K
}
Event: 3.652 GC heap before
{Heap before GC invocations=4 (full 0):
 garbage-first heap   total 61440K, used 42444K [0x0000000720e00000, 0x0000000800000000)
  region size 2048K, 18 young (36864K), 4 survivors (8192K)
 Metaspace       used 24315K, committed 24640K, reserved 1073152K
  class space    used 3148K, committed 3328K, reserved 1048576K
}
Event: 3.663 GC heap after
{Heap after GC invocations=5 (full 0):
 garbage-first heap   total 61440K, used 15487K [0x0000000720e00000, 0x0000000800000000)
  region size 2048K, 2 young (4096K), 2 survivors (4096K)
 Metaspace       used 24315K, committed 24640K, reserved 1073152K
  class space    used 3148K, committed 3328K, reserved 1048576K
}
Event: 3.723 GC heap before
{Heap before GC invocations=5 (full 0):
 garbage-first heap   total 61440K, used 17535K [0x0000000720e00000, 0x0000000800000000)
  region size 2048K, 3 young (6144K), 2 survivors (4096K)
 Metaspace       used 24547K, committed 24832K, reserved 1073152K
  class space    used 3191K, committed 3328K, reserved 1048576K
}
Event: 3.731 GC heap after
{Heap after GC invocations=6 (full 0):
 garbage-first heap   total 61440K, used 15787K [0x0000000720e00000, 0x0000000800000000)
  region size 2048K, 1 young (2048K), 1 survivors (2048K)
 Metaspace       used 24547K, committed 24832K, reserved 1073152K
  class space    used 3191K, committed 3328K, reserved 1048576K
}

Deoptimization events (20 events):
Event: 3.589 Thread 0x000001820a437550 Uncommon trap: trap_request=0xffffff45 fr.pc=0x00000182198cd47c relative=0x000000000000041c
Event: 3.589 Thread 0x000001820a437550 Uncommon trap: reason=unstable_if action=reinterpret pc=0x00000182198cd47c method=org.springframework.beans.factory.support.AbstractBeanFactory.getMergedLocalBeanDefinition(Ljava/lang/String;)Lorg/springframework/beans/factory/support/RootBeanDefinition; 
Event: 3.589 Thread 0x000001820a437550 DEOPT PACKING pc=0x00000182198cd47c sp=0x00000005d1bfbd40
Event: 3.589 Thread 0x000001820a437550 DEOPT UNPACKING pc=0x0000018211cc23a3 sp=0x00000005d1bfbcf8 mode 2
Event: 3.675 Thread 0x000001820a437550 Uncommon trap: trap_request=0xffffffcc fr.pc=0x00000182198eef4c relative=0x000000000000032c
Event: 3.675 Thread 0x000001820a437550 Uncommon trap: reason=intrinsic_or_type_checked_inlining action=make_not_entrant pc=0x00000182198eef4c method=java.util.Arrays.copyOf([Ljava/lang/Object;ILjava/lang/Class;)[Ljava/lang/Object; @ 35 c2
Event: 3.675 Thread 0x000001820a437550 DEOPT PACKING pc=0x00000182198eef4c sp=0x00000005d1bfb9c0
Event: 3.675 Thread 0x000001820a437550 DEOPT UNPACKING pc=0x0000018211cc23a3 sp=0x00000005d1bfb950 mode 2
Event: 3.700 Thread 0x000001820a437550 Uncommon trap: trap_request=0xffffff45 fr.pc=0x00000182198d85c8 relative=0x00000000000006e8
Event: 3.700 Thread 0x000001820a437550 Uncommon trap: reason=unstable_if action=reinterpret pc=0x00000182198d85c8 method=org.springframework.beans.factory.support.RootBeanDefinition.getTargetType()Ljava/lang/Class; @ 18 c2
Event: 3.700 Thread 0x000001820a437550 DEOPT PACKING pc=0x00000182198d85c8 sp=0x00000005d1bfbfa0
Event: 3.700 Thread 0x000001820a437550 DEOPT UNPACKING pc=0x0000018211cc23a3 sp=0x00000005d1bfbe18 mode 2
Event: 3.700 Thread 0x000001820a437550 Uncommon trap: trap_request=0xffffff45 fr.pc=0x00000182198ea950 relative=0x0000000000002fb0
Event: 3.700 Thread 0x000001820a437550 Uncommon trap: reason=unstable_if action=reinterpret pc=0x00000182198ea950 method=org.springframework.beans.factory.support.RootBeanDefinition.getTargetType()Ljava/lang/Class; @ 18 c2
Event: 3.700 Thread 0x000001820a437550 DEOPT PACKING pc=0x00000182198ea950 sp=0x00000005d1bfbf70
Event: 3.700 Thread 0x000001820a437550 DEOPT UNPACKING pc=0x0000018211cc23a3 sp=0x00000005d1bfbdc0 mode 2
Event: 3.700 Thread 0x000001820a437550 Uncommon trap: trap_request=0xffffff45 fr.pc=0x00000182198db5f0 relative=0x0000000000000510
Event: 3.700 Thread 0x000001820a437550 Uncommon trap: reason=unstable_if action=reinterpret pc=0x00000182198db5f0 method=org.springframework.beans.factory.support.RootBeanDefinition.getTargetType()Ljava/lang/Class; @ 18 c2
Event: 3.700 Thread 0x000001820a437550 DEOPT PACKING pc=0x00000182198db5f0 sp=0x00000005d1bfbed0
Event: 3.700 Thread 0x000001820a437550 DEOPT UNPACKING pc=0x0000018211cc23a3 sp=0x00000005d1bfbdc0 mode 2

Classes unloaded (0 events):
No events

Classes redefined (0 events):
No events

Internal exceptions (20 events):
Event: 2.099 Thread 0x000001820a437550 Exception <a 'java/lang/NoSuchMethodError'{0x000000072e7af2a0}: 'java.lang.Object java.lang.invoke.DirectMethodHandle$Holder.newInvokeSpecial(java.lang.Object, int, java.lang.Object)'> (0x000000072e7af2a0) 
thrown [t:\workspace\open\src\hotspot\share\interpreter\linkResolver.cpp, line 766]
Event: 2.121 Thread 0x000001820a437550 Implicit null exception at 0x000001821981385f to 0x0000018219816a30
Event: 2.155 Thread 0x000001820a437550 Exception <a 'java/lang/NoSuchMethodError'{0x000000072e56b800}: 'java.lang.Object java.lang.invoke.DirectMethodHandle$Holder.invokeStatic(java.lang.Object, java.lang.Object, long, java.lang.Object)'> (0x000000072e56b800) 
thrown [t:\workspace\open\src\hotspot\share\interpreter\linkResolver.cpp, line 766]
Event: 2.155 Thread 0x000001820a437550 Exception <a 'java/lang/NoSuchMethodError'{0x000000072e56f7e8}: 'java.lang.Object java.lang.invoke.DirectMethodHandle$Holder.invokeStaticInit(java.lang.Object, java.lang.Object, long, java.lang.Object)'> (0x000000072e56f7e8) 
thrown [t:\workspace\open\src\hotspot\share\interpreter\linkResolver.cpp, line 766]
Event: 2.156 Thread 0x000001820a437550 Exception <a 'java/lang/NoSuchMethodError'{0x000000072e576478}: 'java.lang.Object java.lang.invoke.DirectMethodHandle$Holder.newInvokeSpecial(java.lang.Object, java.lang.Object, long)'> (0x000000072e576478) 
thrown [t:\workspace\open\src\hotspot\share\interpreter\linkResolver.cpp, line 766]
Event: 2.156 Thread 0x000001820a437550 Exception <a 'java/lang/NoSuchMethodError'{0x000000072e57a538}: 'java.lang.Object java.lang.invoke.Invokers$Holder.linkToTargetMethod(java.lang.Object, long, java.lang.Object)'> (0x000000072e57a538) 
thrown [t:\workspace\open\src\hotspot\share\interpreter\linkResolver.cpp, line 766]
Event: 2.223 Thread 0x000001820a437550 Exception <a 'java/lang/IncompatibleClassChangeError'{0x000000072e37e9c0}: Found class java.lang.Object, but interface was expected> (0x000000072e37e9c0) 
thrown [t:\workspace\open\src\hotspot\share\interpreter\linkResolver.cpp, line 833]
Event: 2.224 Thread 0x000001822da8f8b0 Exception <a 'java/lang/NoClassDefFoundError'{0x000000072e0180e8}: jakarta/validation/Validation> (0x000000072e0180e8) 
thrown [t:\workspace\open\src\hotspot\share\classfile\systemDictionary.cpp, line 245]
Event: 2.476 Thread 0x000001820a437550 Exception <a 'sun/nio/fs/WindowsException'{0x000000072cae4470}> (0x000000072cae4470) 
thrown [t:\workspace\open\src\hotspot\share\prims\jni.cpp, line 516]
Event: 2.478 Thread 0x000001820a437550 Exception <a 'sun/nio/fs/WindowsException'{0x000000072caeaa58}> (0x000000072caeaa58) 
thrown [t:\workspace\open\src\hotspot\share\prims\jni.cpp, line 516]
Event: 2.608 Thread 0x000001822da8f8b0 Exception <a 'java/lang/NoSuchMethodError'{0x000000072c3901a0}: 'long java.lang.invoke.DirectMethodHandle$Holder.invokeSpecial(java.lang.Object, java.lang.Object)'> (0x000000072c3901a0) 
thrown [t:\workspace\open\src\hotspot\share\interpreter\linkResolver.cpp, line 766]
Event: 2.610 Thread 0x000001822da8f8b0 Exception <a 'java/lang/NoSuchMethodError'{0x000000072c39aff0}: 'long java.lang.invoke.DirectMethodHandle$Holder.invokeStatic(java.lang.Object, java.lang.Object)'> (0x000000072c39aff0) 
thrown [t:\workspace\open\src\hotspot\share\interpreter\linkResolver.cpp, line 766]
Event: 2.610 Thread 0x000001822da8f8b0 Exception <a 'java/lang/NoSuchMethodError'{0x000000072c39e5f0}: 'long java.lang.invoke.DirectMethodHandle$Holder.invokeStaticInit(java.lang.Object, java.lang.Object)'> (0x000000072c39e5f0) 
thrown [t:\workspace\open\src\hotspot\share\interpreter\linkResolver.cpp, line 766]
Event: 2.612 Thread 0x000001822da8f8b0 Exception <a 'java/lang/NoSuchMethodError'{0x000000072c3ac118}: 'long java.lang.invoke.DirectMethodHandle$Holder.invokeInterface(java.lang.Object, java.lang.Object)'> (0x000000072c3ac118) 
thrown [t:\workspace\open\src\hotspot\share\interpreter\linkResolver.cpp, line 766]
Event: 2.613 Thread 0x000001822da8f8b0 Exception <a 'java/lang/IncompatibleClassChangeError'{0x000000072c3af6a8}: Found class java.lang.Object, but interface was expected> (0x000000072c3af6a8) 
thrown [t:\workspace\open\src\hotspot\share\interpreter\linkResolver.cpp, line 833]
Event: 2.629 Thread 0x000001822da8f8b0 Exception <a 'java/lang/NoSuchMethodError'{0x000000072be2dd20}: 'java.lang.Object java.lang.invoke.DirectMethodHandle$Holder.invokeVirtual(java.lang.Object, java.lang.Object, java.lang.Object, java.lang.Object)'> (0x000000072be2dd20) 
thrown [t:\workspace\open\src\hotspot\share\interpreter\linkResolver.cpp, line 766]
Event: 3.604 Thread 0x000001820a437550 Exception <a 'sun/nio/fs/WindowsException'{0x000000072266d9c8}> (0x000000072266d9c8) 
thrown [t:\workspace\open\src\hotspot\share\prims\jni.cpp, line 516]
Event: 3.605 Thread 0x000001820a437550 Exception <a 'sun/nio/fs/WindowsException'{0x0000000722671938}> (0x0000000722671938) 
thrown [t:\workspace\open\src\hotspot\share\prims\jni.cpp, line 516]
Event: 3.667 Thread 0x000001820a437550 Exception <a 'sun/nio/fs/WindowsException'{0x000000072ec21110}> (0x000000072ec21110) 
thrown [t:\workspace\open\src\hotspot\share\prims\jni.cpp, line 516]
Event: 3.668 Thread 0x000001820a437550 Exception <a 'sun/nio/fs/WindowsException'{0x000000072ec25150}> (0x000000072ec25150) 
thrown [t:\workspace\open\src\hotspot\share\prims\jni.cpp, line 516]

VM Operations (20 events):
Event: 3.180 Executing VM operation: ICBufferFull
Event: 3.180 Executing VM operation: ICBufferFull done
Event: 3.419 Executing VM operation: ICBufferFull
Event: 3.419 Executing VM operation: ICBufferFull done
Event: 3.463 Executing VM operation: HandshakeAllThreads
Event: 3.463 Executing VM operation: HandshakeAllThreads done
Event: 3.586 Executing VM operation: HandshakeAllThreads
Event: 3.586 Executing VM operation: HandshakeAllThreads done
Event: 3.587 Executing VM operation: HandshakeAllThreads
Event: 3.587 Executing VM operation: HandshakeAllThreads done
Event: 3.595 Executing VM operation: HandshakeAllThreads
Event: 3.595 Executing VM operation: HandshakeAllThreads done
Event: 3.597 Executing VM operation: HandshakeAllThreads
Event: 3.597 Executing VM operation: HandshakeAllThreads done
Event: 3.652 Executing VM operation: G1CollectForAllocation
Event: 3.663 Executing VM operation: G1CollectForAllocation done
Event: 3.682 Executing VM operation: HandshakeAllThreads
Event: 3.682 Executing VM operation: HandshakeAllThreads done
Event: 3.723 Executing VM operation: G1CollectForAllocation
Event: 3.731 Executing VM operation: G1CollectForAllocation done

Events (20 events):
Event: 2.715 loading class com/sun/security/sasl/Provider$1 done
Event: 2.715 loading class com/sun/security/sasl/Provider$ProviderService
Event: 2.715 loading class com/sun/security/sasl/Provider$ProviderService done
Event: 2.715 loading class sun/security/provider/certpath/ldap/JdkLDAP
Event: 2.715 loading class sun/security/provider/certpath/ldap/JdkLDAP done
Event: 2.715 loading class sun/security/provider/certpath/ldap/JdkLDAP$ProviderService
Event: 2.716 loading class sun/security/provider/certpath/ldap/JdkLDAP$ProviderService done
Event: 2.719 Thread 0x000001822da8f8b0 Thread exited: 0x000001822da8f8b0
Event: 2.973 loading class java/beans/PropertyVetoException
Event: 2.973 loading class java/beans/PropertyVetoException done
Event: 3.476 loading class java/lang/UnsupportedClassVersionError
Event: 3.476 loading class java/lang/ClassFormatError
Event: 3.476 loading class java/lang/ClassFormatError done
Event: 3.476 loading class java/lang/UnsupportedClassVersionError done
Event: 3.677 loading class java/util/stream/ReferencePipeline$15
Event: 3.677 loading class java/util/stream/ReferencePipeline$15 done
Event: 3.678 loading class java/util/stream/ReferencePipeline$15$1
Event: 3.678 loading class java/util/stream/ReferencePipeline$15$1 done
Event: 3.695 loading class sun/reflect/generics/tree/BooleanSignature
Event: 3.695 loading class sun/reflect/generics/tree/BooleanSignature done


Dynamic libraries:
0x00007ff6d8810000 - 0x00007ff6d8820000 	C:\Program Files\Java\jdk-17.0.2\bin\java.exe
0x00007ff979fb0000 - 0x00007ff97a1c7000 	C:\WINDOWS\SYSTEM32\ntdll.dll
0x00007ff978f10000 - 0x00007ff978fd4000 	C:\WINDOWS\System32\KERNEL32.DLL
0x00007ff9775c0000 - 0x00007ff977966000 	C:\WINDOWS\System32\KERNELBASE.dll
0x00007ff977a70000 - 0x00007ff977b81000 	C:\WINDOWS\System32\ucrtbase.dll
0x00007ff972b20000 - 0x00007ff972b38000 	C:\Program Files\Java\jdk-17.0.2\bin\jli.dll
0x00007ff9700a0000 - 0x00007ff9700ba000 	C:\Program Files\Java\jdk-17.0.2\bin\VCRUNTIME140.dll
0x00007ff9797c0000 - 0x00007ff979873000 	C:\WINDOWS\System32\ADVAPI32.dll
0x00007ff979550000 - 0x00007ff9795f7000 	C:\WINDOWS\System32\msvcrt.dll
0x00007ff977d00000 - 0x00007ff977da8000 	C:\WINDOWS\System32\sechost.dll
0x00007ff9779a0000 - 0x00007ff9779c8000 	C:\WINDOWS\System32\bcrypt.dll
0x00007ff979e40000 - 0x00007ff979f57000 	C:\WINDOWS\System32\RPCRT4.dll
0x00007ff9791a0000 - 0x00007ff97934e000 	C:\WINDOWS\System32\USER32.dll
0x00007ff977970000 - 0x00007ff977996000 	C:\WINDOWS\System32\win32u.dll
0x00007ff9764e0000 - 0x00007ff976773000 	C:\WINDOWS\WinSxS\amd64_microsoft.windows.common-controls_6595b64144ccf1df_6.0.22621.2506_none_270c5ae97388e100\COMCTL32.dll
0x00007ff978a00000 - 0x00007ff978a29000 	C:\WINDOWS\System32\GDI32.dll
0x00007ff977420000 - 0x00007ff977538000 	C:\WINDOWS\System32\gdi32full.dll
0x00007ff9779d0000 - 0x00007ff977a6a000 	C:\WINDOWS\System32\msvcp_win.dll
0x00007ff973920000 - 0x00007ff97392a000 	C:\WINDOWS\SYSTEM32\VERSION.dll
0x00007ff9798d0000 - 0x00007ff979901000 	C:\WINDOWS\System32\IMM32.DLL
0x00007ff973770000 - 0x00007ff97377c000 	C:\Program Files\Java\jdk-17.0.2\bin\vcruntime140_1.dll
0x00007ff9666a0000 - 0x00007ff96672d000 	C:\Program Files\Java\jdk-17.0.2\bin\msvcp140.dll
0x00007ff932760000 - 0x00007ff933321000 	C:\Program Files\Java\jdk-17.0.2\bin\server\jvm.dll
0x00007ff978fe0000 - 0x00007ff978fe8000 	C:\WINDOWS\System32\PSAPI.DLL
0x00007ff96eef0000 - 0x00007ff96ef24000 	C:\WINDOWS\SYSTEM32\WINMM.dll
0x00007ff972b40000 - 0x00007ff972b49000 	C:\WINDOWS\SYSTEM32\WSOCK32.dll
0x00007ff979910000 - 0x00007ff979981000 	C:\WINDOWS\System32\WS2_32.dll
0x00007ff975540000 - 0x00007ff975558000 	C:\WINDOWS\SYSTEM32\kernel.appcore.dll
0x00007ff972bb0000 - 0x00007ff972bba000 	C:\Program Files\Java\jdk-17.0.2\bin\jimage.dll
0x00007ff976b70000 - 0x00007ff976da3000 	C:\WINDOWS\SYSTEM32\DBGHELP.DLL
0x00007ff977db0000 - 0x00007ff978139000 	C:\WINDOWS\System32\combase.dll
0x00007ff9796e0000 - 0x00007ff9797b7000 	C:\WINDOWS\System32\OLEAUT32.dll
0x00007ff976a60000 - 0x00007ff976a92000 	C:\WINDOWS\SYSTEM32\dbgcore.DLL
0x00007ff977540000 - 0x00007ff9775ba000 	C:\WINDOWS\System32\bcryptPrimitives.dll
0x00007ff967430000 - 0x00007ff96743e000 	C:\Program Files\Java\jdk-17.0.2\bin\instrument.dll
0x00007ff969f20000 - 0x00007ff969f45000 	C:\Program Files\Java\jdk-17.0.2\bin\java.dll
0x00007ff952960000 - 0x00007ff952a36000 	C:\Program Files\Java\jdk-17.0.2\bin\jsvml.dll
0x00007ff978140000 - 0x00007ff97899a000 	C:\WINDOWS\System32\SHELL32.dll
0x00007ff974370000 - 0x00007ff974c66000 	C:\WINDOWS\SYSTEM32\windows.storage.dll
0x00007ff974230000 - 0x00007ff97436e000 	C:\WINDOWS\SYSTEM32\wintypes.dll
0x00007ff979450000 - 0x00007ff979543000 	C:\WINDOWS\System32\SHCORE.dll
0x00007ff9789a0000 - 0x00007ff9789fe000 	C:\WINDOWS\System32\shlwapi.dll
0x00007ff977220000 - 0x00007ff977246000 	C:\WINDOWS\SYSTEM32\profapi.dll
0x00007ff967460000 - 0x00007ff967478000 	C:\Program Files\Java\jdk-17.0.2\bin\zip.dll
0x00007ff969f00000 - 0x00007ff969f19000 	C:\Program Files\Java\jdk-17.0.2\bin\net.dll
0x00007ff96f180000 - 0x00007ff96f2b7000 	C:\WINDOWS\SYSTEM32\WINHTTP.dll
0x00007ff976080000 - 0x00007ff9760e9000 	C:\WINDOWS\system32\mswsock.dll
0x00007ff967610000 - 0x00007ff967626000 	C:\Program Files\Java\jdk-17.0.2\bin\nio.dll
0x00007ff965aa0000 - 0x00007ff965aba000 	C:\Program Files\JetBrains\IntelliJ IDEA 2023.2.5\bin\breakgen64.dll
0x00007ff967440000 - 0x00007ff967450000 	C:\Program Files\Java\jdk-17.0.2\bin\verify.dll
0x00007ff966760000 - 0x00007ff96676e000 	C:\Program Files\Java\jdk-17.0.2\bin\sunmscapi.dll
0x00007ff977b90000 - 0x00007ff977cf6000 	C:\WINDOWS\System32\CRYPT32.dll
0x00007ff9764b0000 - 0x00007ff9764de000 	C:\WINDOWS\SYSTEM32\ncrypt.dll
0x00007ff976470000 - 0x00007ff9764a7000 	C:\WINDOWS\SYSTEM32\NTASN1.dll

dbghelp: loaded successfully - version: 4.0.5 - missing functions: none
symbol engine: initialized successfully - sym options: 0x614 - pdb path: .;C:\Program Files\Java\jdk-17.0.2\bin;C:\WINDOWS\SYSTEM32;C:\WINDOWS\WinSxS\amd64_microsoft.windows.common-controls_6595b64144ccf1df_6.0.22621.2506_none_270c5ae97388e100;C:\Program Files\Java\jdk-17.0.2\bin\server;C:\Program Files\JetBrains\IntelliJ IDEA 2023.2.5\bin

VM Arguments:
jvm_args: -ea -Didea.test.cyclic.buffer.size=1048576 -javaagent:C:\Program Files\JetBrains\IntelliJ IDEA 2023.2.5\lib\idea_rt.jar=65162:C:\Program Files\JetBrains\IntelliJ IDEA 2023.2.5\bin -Dfile.encoding=UTF-8 
java_command: com.intellij.rt.junit.JUnitStarter -ideVersion5 -junit5 com.example.demo.GestiuneaProiectelorApplicationTests
java_class_path (initial): C:\Users\Iordan Ionut\.m2\repository\org\junit\platform\junit-platform-launcher\1.10.1\junit-platform-launcher-1.10.1.jar;C:\Program Files\JetBrains\IntelliJ IDEA 2023.2.5\lib\idea_rt.jar;C:\Program Files\JetBrains\IntelliJ IDEA 2023.2.5\plugins\junit\lib\junit5-rt.jar;C:\Program Files\JetBrains\IntelliJ IDEA 2023.2.5\plugins\junit\lib\junit-rt.jar;C:\Users\Iordan Ionut\OneDrive\Desktop\demo\demo\target\test-classes;C:\Users\Iordan Ionut\OneDrive\Desktop\demo\demo\target\classes;C:\Users\Iordan Ionut\.m2\repository\org\springframework\boot\spring-boot-starter-data-jpa\3.2.1\spring-boot-starter-data-jpa-3.2.1.jar;C:\Users\Iordan Ionut\.m2\repository\org\springframework\boot\spring-boot-starter-aop\3.2.1\spring-boot-starter-aop-3.2.1.jar;C:\Users\Iordan Ionut\.m2\repository\org\aspectj\aspectjweaver\1.9.21\aspectjweaver-1.9.21.jar;C:\Users\Iordan Ionut\.m2\repository\org\springframework\boot\spring-boot-starter-jdbc\3.2.1\spring-boot-starter-jdbc-3.2.1.jar;C:\Users\Iordan Ionut\.m2\repository\com\zaxxer\HikariCP\5.0.1\HikariCP-5.0.1.jar;C:\Users\Iordan Ionut\.m2\repository\org\springframework\spring-jdbc\6.1.2\spring-jdbc-6.1.2.jar;C:\Users\Iordan Ionut\.m2\repository\org\hibernate\orm\hibernate-core\6.4.1.Final\hibernate-core-6.4.1.Final.jar;C:\Users\Iordan Ionut\.m2\repository\jakarta\persistence\jakarta.persistence-api\3.1.0\jakarta.persistence-api-3.1.0.jar;C:\Users\Iordan Ionut\.m2\repository\jakarta\transaction\jakarta.transaction-api\2.0.1\jakarta.transaction-api-2.0.1.jar;C:\Users\Iordan Ionut\.m2\repository\org\jboss\logging\jboss-logging\3.5.3.Final\jboss-logging-3.5.3.Final.jar;C:\Users\Iordan Ionut\.m2\repository\org\hibernate\common\hibernate-commons-annotations\6.0.6.Final\hibernate-commons-annotations-6.0.6.Final.jar;C:\Users\Iordan Ionut\.m2\repository\io\smallrye\jandex\3.1.2\jandex-3.1.2.jar;C:\Users\Iordan Ionut\.m2\repository\com\fasterxml\classmate\1.6.0\classmate-1.6.0.jar;C:\Users\Iordan Ionut\.m2\repository\org\glas
Launcher Type: SUN_STANDARD

[Global flags]
     intx CICompilerCount                          = 4                                         {product} {ergonomic}
     uint ConcGCThreads                            = 2                                         {product} {ergonomic}
     uint G1ConcRefinementThreads                  = 8                                         {product} {ergonomic}
   size_t G1HeapRegionSize                         = 2097152                                   {product} {ergonomic}
    uintx GCDrainStackTargetSize                   = 64                                        {product} {ergonomic}
   size_t InitialHeapSize                          = 234881024                                 {product} {ergonomic}
   size_t MarkStackSize                            = 4194304                                   {product} {ergonomic}
   size_t MaxHeapSize                              = 3743416320                                {product} {ergonomic}
   size_t MaxNewSize                               = 2246049792                                {product} {ergonomic}
   size_t MinHeapDeltaBytes                        = 2097152                                   {product} {ergonomic}
   size_t MinHeapSize                              = 8388608                                   {product} {ergonomic}
    uintx NonNMethodCodeHeapSize                   = 5839372                                {pd product} {ergonomic}
    uintx NonProfiledCodeHeapSize                  = 122909434                              {pd product} {ergonomic}
    uintx ProfiledCodeHeapSize                     = 122909434                              {pd product} {ergonomic}
    uintx ReservedCodeCacheSize                    = 251658240                              {pd product} {ergonomic}
     bool SegmentedCodeCache                       = true                                      {product} {ergonomic}
   size_t SoftMaxHeapSize                          = 3743416320                             {manageable} {ergonomic}
     bool UseCompressedClassPointers               = true                           {product lp64_product} {ergonomic}
     bool UseCompressedOops                        = true                           {product lp64_product} {ergonomic}
     bool UseG1GC                                  = true                                      {product} {ergonomic}
     bool UseLargePagesIndividualAllocation        = false                                  {pd product} {ergonomic}

Logging:
Log output configuration:
 #0: stdout all=warning uptime,level,tags
 #1: stderr all=off uptime,level,tags

Environment Variables:
JAVA_HOME=C:\Program Files\Java\jdk-17.0.2
PATH=C:\Program Files\Common Files\Oracle\Java\javapath;C:\ProgramData\Oracle\Java\javapath;C:\Program Files\AdoptOpenJDK\jdk-11.0.11.9-hotspot\bin;C:\Program Files\Microsoft MPI\Bin\;C:\WINDOWS\system32;C:\WINDOWS;C:\WINDOWS\System32\Wbem;C:\WINDOWS\System32\WindowsPowerShell\v1.0\;C:\WINDOWS\System32\OpenSSH\;C:\Program Files\Microsoft SQL Server\Client SDK\ODBC\170\Tools\Binn\;C:\Program Files (x86)\Microsoft SQL Server\150\Tools\Binn\;C:\Program Files\Microsoft SQL Server\150\Tools\Binn\;C:\Program Files\Microsoft SQL Server\150\DTS\Binn\;C:\Program Files\dotnet\;C:\Program Files\Microsoft SQL Server\130\Tools\Binn\;C:\Program Files\Git\cmd;C:\Program Files (x86)\dotnet\;C:\IORDAN IONUT\F.S.E.F.I\MAPLE\bin;C:\Program Files\Maven\apache-maven-3.8.4-bin\apache-maven-3.8.4\bin;C:\Program Files\Java\jdk-17.0.2\bin;C:\Program Files\Java\jdk-17.0.2\bin;C:\WINDOWS\system32;C:\WINDOWS;C:\WINDOWS\System32\Wbem;C:\WINDOWS\System32\WindowsPowerShell\v1.0\;C:\WINDOWS\System32\OpenSSH\;C:\Program Files\nodejs\;C:\Users\Iordan Ionut\.console-ninja\.bin;C:\Program Files\MySQL\MySQL Shell 8.0\bin\;C:\Users\Iordan Ionut\AppData\Local\Microsoft\WindowsApps;C:\Program Files\Azure Data Studio\bin;C:\Users\Iordan Ionut\.dotnet\tools;C:\MinGW\bin;C:\Users\Iordan Ionut\AppData\Local\Programs\Microsoft VS Code\bin;C:\Users\Iordan Ionut\AppData\Local\Programs\Python\Python37;C:\Users\Iordan Ionut\AppData\Roaming\npm
USERNAME=Iordan Ionut
OS=Windows_NT
PROCESSOR_IDENTIFIER=AMD64 Family 23 Model 24 Stepping 1, AuthenticAMD



---------------  S Y S T E M  ---------------

OS:
 Windows 11 , 64 bit Build 22621 (10.0.22621.2506)
OS uptime: 5 days 20:49 hours

CPU: total 8 (initial active 8) (8 cores per cpu, 2 threads per core) family 23 model 24 stepping 1 microcode 0x0, cx8, cmov, fxsr, ht, mmx, 3dnowpref, sse, sse2, sse3, ssse3, sse4a, sse4.1, sse4.2, popcnt, lzcnt, tsc, tscinvbit, avx, avx2, aes, clmul, bmi1, bmi2, adx, sha, fma, vzeroupper, clflush, clflushopt

Memory: 4k page, system-wide physical 14272M (2806M free)
TotalPageFile size 22227M (AvailPageFile size 2412M)
current process WorkingSet (physical memory assigned to process): 172M, peak: 172M
current process commit charge ("private bytes"): 220M, peak: 375M

vm_info: Java HotSpot(TM) 64-Bit Server VM (17.0.2+8-LTS-86) for windows-amd64 JRE (17.0.2+8-LTS-86), built on Dec  7 2021 21:51:03 by "mach5one" with MS VC++ 16.8 / 16.9 (VS2019)

END.
